17533,2023-01-20 10:03:02.660,5,Microsoft-Windows-SnipperEditor,0
17534,2023-01-20 10:03:02.660,7,1503,0
17535,2023-01-20 10:03:02.660,10,0,0
17536,2023-01-20 10:03:02.660,9,1091,0
17537,2023-01-20 10:03:02.660,8,483,0
17538,2023-01-20 10:03:02.660,6,759,0
17539,2023-01-20 10:03:02.660,2,21652,0
17540,2023-01-20 10:03:02.660,1,21660,0
17541,2023-01-20 10:03:02.660,0,1640108,0
17542,2023-01-20 10:03:02.660,11,0,0
17543,2023-01-20 10:03:09.731,11,0,0
17544,2023-01-20 10:03:09.731,2,12404,0
17545,2023-01-20 10:03:09.731,6,-7,0
17546,2023-01-20 10:03:09.731,7,2055,0
17547,2023-01-20 10:03:09.731,8,-7,0
17548,2023-01-20 10:03:09.731,9,1119,0
17549,2023-01-20 10:03:09.731,10,0,0
17550,2023-01-20 10:03:09.731,0,197934,0
17551,2023-01-20 10:03:09.731,1,12836,0
17552,2023-01-20 10:03:09.731,3,Dsc 180B - Quarter 2 Week 2 - Google Slides - Google Chrome,0
17553,2023-01-20 10:03:09.731,4,chrome.exe,0
17554,2023-01-20 10:03:09.731,5,Chrome_WidgetWin_1,0
17555,2023-01-20 10:07:56.959,8,270,0
17556,2023-01-20 10:07:56.959,7,1789,0
17557,2023-01-20 10:07:56.959,11,1,0
17558,2023-01-20 10:07:56.959,10,0,0
17559,2023-01-20 10:07:56.959,9,972,0
17560,2023-01-20 10:07:56.959,0,1115756,0
17561,2023-01-20 10:07:56.959,1,10696,0
17562,2023-01-20 10:07:56.959,2,628,0
17563,2023-01-20 10:07:56.959,6,650,0
17564,2023-01-20 10:07:56.959,5,CabinetWClass,0
17565,2023-01-20 10:07:56.959,4,explorer.exe,0
17566,2023-01-20 10:07:56.959,3,outputs,0
17567,2023-01-20 10:07:58.982,0,197934,0
17568,2023-01-20 10:07:58.982,1,12836,0
17569,2023-01-20 10:07:58.982,2,12404,0
17570,2023-01-20 10:07:58.982,6,-7,0
17571,2023-01-20 10:07:58.982,7,2055,0
17572,2023-01-20 10:07:58.982,10,0,0
17573,2023-01-20 10:07:58.982,9,1119,0
17574,2023-01-20 10:07:58.982,5,Chrome_WidgetWin_1,0
17575,2023-01-20 10:07:58.982,4,chrome.exe,0
17576,2023-01-20 10:07:58.982,3,Dsc 180B - Quarter 2 Week 2 - Google Slides - Google Chrome,0
17577,2023-01-20 10:07:58.982,8,-7,0
17578,2023-01-20 10:07:58.982,11,0,0
17579,2023-01-20 10:08:32.213,9,972,0
17580,2023-01-20 10:08:32.213,0,1115756,0
17581,2023-01-20 10:08:32.213,1,10696,0
17582,2023-01-20 10:08:32.213,6,650,0
17583,2023-01-20 10:08:32.213,7,1789,0
17584,2023-01-20 10:08:32.213,11,1,0
17585,2023-01-20 10:08:32.213,10,0,0
17586,2023-01-20 10:08:32.213,2,628,0
17587,2023-01-20 10:08:32.213,8,270,0
17588,2023-01-20 10:08:32.213,4,explorer.exe,0
17589,2023-01-20 10:08:32.213,5,CabinetWClass,0
17590,2023-01-20 10:08:32.213,3,outputs,0
17591,2023-01-20 10:08:37.265,0,5245148,0
17592,2023-01-20 10:08:37.265,11,0,0
17593,2023-01-20 10:08:37.265,10,0,0
17594,2023-01-20 10:08:37.265,8,193,0
17595,2023-01-20 10:08:37.265,3,test-000110.db,0
17596,2023-01-20 10:08:37.265,4,DB Browser for SQLite.exe,0
17597,2023-01-20 10:08:37.265,5,Qt5QWindowIcon,0
17598,2023-01-20 10:08:37.265,9,1063,0
17599,2023-01-20 10:08:37.265,7,1554,0
17600,2023-01-20 10:08:37.265,6,128,0
17601,2023-01-20 10:08:37.265,2,3812,0
17602,2023-01-20 10:08:37.265,1,11392,0
17603,2023-01-20 10:09:09.563,4,chrome.exe,0
17604,2023-01-20 10:09:09.563,11,0,0
17605,2023-01-20 10:09:09.563,10,0,0
17606,2023-01-20 10:09:09.563,9,1119,0
17607,2023-01-20 10:09:09.563,8,-7,0
17608,2023-01-20 10:09:09.563,7,2055,0
17609,2023-01-20 10:09:09.563,1,12836,0
17610,2023-01-20 10:09:09.563,2,12404,0
17611,2023-01-20 10:09:09.563,3,"Inbox (6,811) - tcn002@ucsd.edu - UC San Diego Mail - Google Chrome",0
17612,2023-01-20 10:09:09.563,0,197934,0
17613,2023-01-20 10:09:09.563,5,Chrome_WidgetWin_1,0
17614,2023-01-20 10:09:09.563,6,-7,0
17615,2023-01-20 10:10:15.047,0,65972,0
17616,2023-01-20 10:10:15.047,1,10696,0
17617,2023-01-20 10:10:15.047,8,906,0
17618,2023-01-20 10:10:15.047,6,0,0
17619,2023-01-20 10:10:15.047,7,2048,0
17620,2023-01-20 10:10:15.047,9,1112,0
17621,2023-01-20 10:10:15.047,10,0,0
17622,2023-01-20 10:10:15.047,11,1,0
17623,2023-01-20 10:10:15.047,5,TaskListThumbnailWnd,0
17624,2023-01-20 10:10:15.047,4,explorer.exe,0
17625,2023-01-20 10:10:15.047,3,Missing String.,0
17626,2023-01-20 10:10:15.047,2,10836,0
17627,2023-01-20 10:10:17.062,5,Qt5QWindowIcon,0
17628,2023-01-20 10:10:17.062,4,DB Browser for SQLite.exe,0
17629,2023-01-20 10:10:17.062,3,test-000110.db,0
17630,2023-01-20 10:10:17.062,11,0,0
17631,2023-01-20 10:10:17.062,8,193,0
17632,2023-01-20 10:10:17.062,9,1063,0
17633,2023-01-20 10:10:17.062,7,1554,0
17634,2023-01-20 10:10:17.062,6,128,0
17635,2023-01-20 10:10:17.062,2,3812,0
17636,2023-01-20 10:10:17.062,1,11392,0
17637,2023-01-20 10:10:17.062,0,5245148,0
17638,2023-01-20 10:10:17.062,10,0,0
17639,2023-01-20 10:10:19.072,5,Qt5QWindowIcon,0
17640,2023-01-20 10:10:19.072,3,test-000094.db,0
17641,2023-01-20 10:10:19.072,4,DB Browser for SQLite.exe,0
17642,2023-01-20 10:10:19.072,8,124,0
17643,2023-01-20 10:10:19.072,1,41940,0
17644,2023-01-20 10:10:19.072,0,1574654,0
17645,2023-01-20 10:10:19.072,2,41928,0
17646,2023-01-20 10:10:19.072,6,519,0
17647,2023-01-20 10:10:19.072,7,1945,0
17648,2023-01-20 10:10:19.072,9,994,0
17649,2023-01-20 10:10:19.072,10,0,0
17650,2023-01-20 10:10:19.072,11,0,0
17651,2023-01-20 10:10:20.087,3,test-000110.db,0
17652,2023-01-20 10:10:20.087,4,DB Browser for SQLite.exe,0
17653,2023-01-20 10:10:20.087,5,Qt5QWindowIcon,0
17654,2023-01-20 10:10:20.087,11,0,0
17655,2023-01-20 10:10:20.087,10,0,0
17656,2023-01-20 10:10:20.087,9,1063,0
17657,2023-01-20 10:10:20.087,7,1554,0
17658,2023-01-20 10:10:20.087,6,128,0
17659,2023-01-20 10:10:20.087,2,3812,0
17660,2023-01-20 10:10:20.087,1,11392,0
17661,2023-01-20 10:10:20.087,0,5245148,0
17662,2023-01-20 10:10:20.087,8,193,0
17663,2023-01-20 10:11:27.752,10,0,0
17664,2023-01-20 10:11:27.752,3,Dsc 180B - Quarter 2 Week 2 - Google Slides - Google Chrome,0
17665,2023-01-20 10:11:27.752,7,2055,0
17666,2023-01-20 10:11:27.752,4,chrome.exe,0
17667,2023-01-20 10:11:27.752,8,-7,0
17668,2023-01-20 10:11:27.752,9,1119,0
17669,2023-01-20 10:11:27.752,11,0,0
17670,2023-01-20 10:11:27.752,5,Chrome_WidgetWin_1,0
17671,2023-01-20 10:11:27.752,6,-7,0
17672,2023-01-20 10:11:27.752,1,12836,0
17673,2023-01-20 10:11:27.752,0,197934,0
17674,2023-01-20 10:11:27.752,2,12404,0
17675,2023-01-20 10:12:10.053,0,1574654,0
17676,2023-01-20 10:12:10.053,1,41940,0
17677,2023-01-20 10:12:10.053,2,41928,0
17678,2023-01-20 10:12:10.053,6,519,0
17679,2023-01-20 10:12:10.053,7,1945,0
17680,2023-01-20 10:12:10.053,9,994,0
17681,2023-01-20 10:12:10.053,10,0,0
17682,2023-01-20 10:12:10.053,11,0,0
17683,2023-01-20 10:12:10.053,5,Qt5QWindowIcon,0
17684,2023-01-20 10:12:10.053,4,DB Browser for SQLite.exe,0
17685,2023-01-20 10:12:10.053,3,test-000094.db,0
17686,2023-01-20 10:12:10.053,8,124,0
17687,2023-01-20 10:12:12.073,3,test-000110.db,0
17688,2023-01-20 10:12:12.073,4,DB Browser for SQLite.exe,0
17689,2023-01-20 10:12:12.073,5,Qt5QWindowIcon,0
17690,2023-01-20 10:12:12.073,7,1554,0
17691,2023-01-20 10:12:12.073,10,0,0
17692,2023-01-20 10:12:12.073,11,0,0
17693,2023-01-20 10:12:12.073,8,193,0
17694,2023-01-20 10:12:12.073,9,1063,0
17695,2023-01-20 10:12:12.073,0,5245148,0
17696,2023-01-20 10:12:12.073,1,11392,0
17697,2023-01-20 10:12:12.073,2,3812,0
17698,2023-01-20 10:12:12.073,6,128,0
17699,2023-01-20 10:12:17.121,0,197934,0
17700,2023-01-20 10:12:17.121,2,12404,0
17701,2023-01-20 10:12:17.121,6,-7,0
17702,2023-01-20 10:12:17.121,1,12836,0
17703,2023-01-20 10:12:17.121,7,2055,0
17704,2023-01-20 10:12:17.121,4,chrome.exe,0
17705,2023-01-20 10:12:17.121,5,Chrome_WidgetWin_1,0
17706,2023-01-20 10:12:17.121,3,Dsc 180B - Quarter 2 Week 2 - Google Slides - Google Chrome,0
17707,2023-01-20 10:12:17.121,8,-7,0
17708,2023-01-20 10:12:17.121,9,1119,0
17709,2023-01-20 10:12:17.121,10,0,0
17710,2023-01-20 10:12:17.121,11,0,0
17711,2023-01-20 10:12:28.187,5,Qt5QWindowIcon,0
17712,2023-01-20 10:12:28.187,9,1063,0
17713,2023-01-20 10:12:28.187,8,193,0
17714,2023-01-20 10:12:28.187,7,1554,0
17715,2023-01-20 10:12:28.187,6,128,0
17716,2023-01-20 10:12:28.187,0,5245148,0
17717,2023-01-20 10:12:28.187,1,11392,0
17718,2023-01-20 10:12:28.187,10,0,0
17719,2023-01-20 10:12:28.187,4,DB Browser for SQLite.exe,0
17720,2023-01-20 10:12:28.187,3,test-000110.db,0
17721,2023-01-20 10:12:28.187,2,3812,0
17722,2023-01-20 10:12:28.187,11,0,0
17723,2023-01-20 10:12:34.236,1,12836,0
17724,2023-01-20 10:12:34.236,2,12404,0
17725,2023-01-20 10:12:34.236,6,-7,0
17726,2023-01-20 10:12:34.236,7,2055,0
17727,2023-01-20 10:12:34.236,8,-7,0
17728,2023-01-20 10:12:34.236,9,1119,0
17729,2023-01-20 10:12:34.236,10,0,0
17730,2023-01-20 10:12:34.236,11,0,0
17731,2023-01-20 10:12:34.236,5,Chrome_WidgetWin_1,0
17732,2023-01-20 10:12:34.236,4,chrome.exe,0
17733,2023-01-20 10:12:34.236,3,Dsc 180B - Quarter 2 Week 2 - Google Slides - Google Chrome,0
17734,2023-01-20 10:12:34.236,0,197934,0
17735,2023-01-20 10:12:57.529,0,2885206,0
17736,2023-01-20 10:12:57.529,2,12392,0
17737,2023-01-20 10:12:57.529,1,6088,0
17738,2023-01-20 10:12:57.530,9,1102,0
17739,2023-01-20 10:12:57.530,5,Chrome_WidgetWin_1,0
17740,2023-01-20 10:12:57.530,4,Code.exe,0
17741,2023-01-20 10:12:57.530,3,Missing String.,0
17742,2023-01-20 10:12:57.530,6,715,0
17743,2023-01-20 10:12:57.530,7,1739,0
17744,2023-01-20 10:12:57.530,8,334,0
17745,2023-01-20 10:12:57.530,10,0,0
17746,2023-01-20 10:12:57.530,11,0,0
17747,2023-01-20 10:13:44.944,10,0,0
17748,2023-01-20 10:13:44.944,9,1119,0
17749,2023-01-20 10:13:44.944,8,-7,0
17750,2023-01-20 10:13:44.944,7,2055,0
17751,2023-01-20 10:13:44.944,6,-7,0
17752,2023-01-20 10:13:44.944,2,12404,0
17753,2023-01-20 10:13:44.944,0,197934,0
17754,2023-01-20 10:13:44.944,11,0,0
17755,2023-01-20 10:13:44.944,3,Dsc 180B - Quarter 2 Week 2 - Google Slides - Google Chrome,0
17756,2023-01-20 10:13:44.944,4,chrome.exe,0
17757,2023-01-20 10:13:44.944,1,12836,0
17758,2023-01-20 10:13:44.944,5,Chrome_WidgetWin_1,0
17759,2023-01-20 10:14:12.134,5,Qt5QWindowIcon,0
17760,2023-01-20 10:14:12.134,4,DB Browser for SQLite.exe,0
17761,2023-01-20 10:14:12.134,0,5245148,0
17762,2023-01-20 10:14:12.134,2,3812,0
17763,2023-01-20 10:14:12.134,1,11392,0
17764,2023-01-20 10:14:12.134,11,0,0
17765,2023-01-20 10:14:12.134,10,0,0
17766,2023-01-20 10:14:12.134,3,test-000110.db,0
17767,2023-01-20 10:14:12.134,8,193,0
17768,2023-01-20 10:14:12.134,7,1554,0
17769,2023-01-20 10:14:12.134,9,1063,0
17770,2023-01-20 10:14:12.134,6,128,0
17771,2023-01-20 10:14:38.355,5,Qt5QWindowIcon,0
17772,2023-01-20 10:14:38.355,4,DB Browser for SQLite.exe,0
17773,2023-01-20 10:14:38.355,11,0,0
17774,2023-01-20 10:14:38.355,10,0,0
17775,2023-01-20 10:14:38.355,9,994,0
17776,2023-01-20 10:14:38.355,6,519,0
17777,2023-01-20 10:14:38.355,2,41928,0
17778,2023-01-20 10:14:38.355,3,test-000094.db,0
17779,2023-01-20 10:14:38.355,1,41940,0
17780,2023-01-20 10:14:38.355,0,1574654,0
17781,2023-01-20 10:14:38.355,8,124,0
17782,2023-01-20 10:14:38.355,7,1945,0
17783,2023-01-20 10:14:40.384,3,test-000110.db,0
17784,2023-01-20 10:14:40.384,4,DB Browser for SQLite.exe,0
17785,2023-01-20 10:14:40.384,5,Qt5QWindowIcon,0
17786,2023-01-20 10:14:40.384,9,1082,0
17787,2023-01-20 10:14:40.384,10,0,0
17788,2023-01-20 10:14:40.384,11,0,0
17789,2023-01-20 10:14:40.384,0,5245148,0
17790,2023-01-20 10:14:40.384,1,11392,0
17791,2023-01-20 10:14:40.384,2,3812,0
17792,2023-01-20 10:14:40.384,6,174,0
17793,2023-01-20 10:14:40.384,7,1600,0
17794,2023-01-20 10:14:40.384,8,212,0
17795,2023-01-20 10:14:48.454,9,1119,0
17796,2023-01-20 10:14:48.454,7,2055,0
17797,2023-01-20 10:14:48.454,6,-7,0
17798,2023-01-20 10:14:48.454,2,12404,0
17799,2023-01-20 10:14:48.454,4,chrome.exe,0
17800,2023-01-20 10:14:48.454,5,Chrome_WidgetWin_1,0
17801,2023-01-20 10:14:48.454,0,197934,0
17802,2023-01-20 10:14:48.454,3,Dsc 180B - Quarter 2 Week 2 - Google Slides - Google Chrome,0
17803,2023-01-20 10:14:48.454,10,0,0
17804,2023-01-20 10:14:48.454,1,12836,0
17805,2023-01-20 10:14:48.454,11,0,0
17806,2023-01-20 10:14:48.454,8,-7,0
17807,2023-01-20 10:16:08.119,8,124,0
17808,2023-01-20 10:16:08.119,5,Qt5QWindowIcon,0
17809,2023-01-20 10:16:08.119,0,1574654,0
17810,2023-01-20 10:16:08.119,1,41940,0
17811,2023-01-20 10:16:08.119,2,41928,0
17812,2023-01-20 10:16:08.119,6,519,0
17813,2023-01-20 10:16:08.119,7,1945,0
17814,2023-01-20 10:16:08.119,3,test-000094.db,0
17815,2023-01-20 10:16:08.119,9,994,0
17816,2023-01-20 10:16:08.119,10,0,0
17817,2023-01-20 10:16:08.119,11,0,0
17818,2023-01-20 10:16:08.119,4,DB Browser for SQLite.exe,0
17819,2023-01-20 10:16:10.143,5,Qt5QWindowIcon,0
17820,2023-01-20 10:16:10.143,1,11392,0
17821,2023-01-20 10:16:10.143,2,3812,0
17822,2023-01-20 10:16:10.143,6,174,0
17823,2023-01-20 10:16:10.143,7,1600,0
17824,2023-01-20 10:16:10.143,8,212,0
17825,2023-01-20 10:16:10.143,9,1082,0
17826,2023-01-20 10:16:10.143,10,0,0
17827,2023-01-20 10:16:10.143,11,0,0
17828,2023-01-20 10:16:10.143,3,test-000110.db,0
17829,2023-01-20 10:16:10.143,0,5245148,0
17830,2023-01-20 10:16:10.143,4,DB Browser for SQLite.exe,0
17831,2023-01-20 10:17:14.808,1,12836,0
17832,2023-01-20 10:17:14.808,4,chrome.exe,0
17833,2023-01-20 10:17:14.808,5,Chrome_WidgetWin_1,0
17834,2023-01-20 10:17:14.808,3,Dsc 180B - Quarter 2 Week 2 - Google Slides - Google Chrome,0
17835,2023-01-20 10:17:14.808,2,12404,0
17836,2023-01-20 10:17:14.808,7,2055,0
17837,2023-01-20 10:17:14.808,11,0,0
17838,2023-01-20 10:17:14.808,10,0,0
17839,2023-01-20 10:17:14.808,9,1119,0
17840,2023-01-20 10:17:14.808,8,-7,0
17841,2023-01-20 10:17:14.808,6,-7,0
17842,2023-01-20 10:17:14.808,0,197934,0
17843,2023-01-20 10:23:09.381,9,1112,0
17844,2023-01-20 10:23:09.381,6,0,0
17845,2023-01-20 10:23:09.381,2,10836,0
17846,2023-01-20 10:23:09.381,10,0,0
17847,2023-01-20 10:23:09.381,11,1,0
17848,2023-01-20 10:23:09.381,3,Missing String.,0
17849,2023-01-20 10:23:09.381,8,906,0
17850,2023-01-20 10:23:09.381,4,explorer.exe,0
17851,2023-01-20 10:23:09.381,7,2048,0
17852,2023-01-20 10:23:09.381,0,65972,0
17853,2023-01-20 10:23:09.381,1,10696,0
17854,2023-01-20 10:23:09.381,5,TaskListThumbnailWnd,0
17855,2023-01-20 10:23:10.390,3,test-000094.db,0
17856,2023-01-20 10:23:10.390,11,0,0
17857,2023-01-20 10:23:10.390,10,0,0
17858,2023-01-20 10:23:10.390,9,994,0
17859,2023-01-20 10:23:10.390,8,124,0
17860,2023-01-20 10:23:10.390,7,1945,0
17861,2023-01-20 10:23:10.390,6,519,0
17862,2023-01-20 10:23:10.390,2,41928,0
17863,2023-01-20 10:23:10.390,1,41940,0
17864,2023-01-20 10:23:10.390,0,1574654,0
17865,2023-01-20 10:23:10.390,4,DB Browser for SQLite.exe,0
17866,2023-01-20 10:23:10.390,5,Qt5QWindowIcon,0
17867,2023-01-20 10:23:11.390,3,test-000110.db,0
17868,2023-01-20 10:23:11.390,9,1082,0
17869,2023-01-20 10:23:11.390,8,212,0
17870,2023-01-20 10:23:11.390,7,1600,0
17871,2023-01-20 10:23:11.390,6,174,0
17872,2023-01-20 10:23:11.390,2,3812,0
17873,2023-01-20 10:23:11.390,1,11392,0
17874,2023-01-20 10:23:11.390,0,5245148,0
17875,2023-01-20 10:23:11.390,5,Qt5QWindowIcon,0
17876,2023-01-20 10:23:11.391,11,0,0
17877,2023-01-20 10:23:11.391,4,DB Browser for SQLite.exe,0
17878,2023-01-20 10:23:11.391,10,0,0
17879,2023-01-20 10:24:30.154,11,0,0
17880,2023-01-20 10:24:30.154,10,0,0
17881,2023-01-20 10:24:30.154,9,1119,0
17882,2023-01-20 10:24:30.154,8,-7,0
17883,2023-01-20 10:24:30.154,7,2055,0
17884,2023-01-20 10:24:30.154,6,-7,0
17885,2023-01-20 10:24:30.154,2,12404,0
17886,2023-01-20 10:24:30.154,1,12836,0
17887,2023-01-20 10:24:30.154,0,197934,0
17888,2023-01-20 10:24:30.154,5,Chrome_WidgetWin_1,0
17889,2023-01-20 10:24:30.154,4,chrome.exe,0
17890,2023-01-20 10:24:30.154,3,Dsc 180B - Quarter 2 Week 2 - Google Slides - Google Chrome,0
17891,2023-01-20 10:26:44.150,2,10836,0
17892,2023-01-20 10:26:44.150,9,1123,0
17893,2023-01-20 10:26:44.150,8,917,0
17894,2023-01-20 10:26:44.150,7,2048,0
17895,2023-01-20 10:26:44.150,6,0,0
17896,2023-01-20 10:26:44.150,1,10696,0
17897,2023-01-20 10:26:44.150,0,65972,0
17898,2023-01-20 10:26:44.150,3,Missing String.,0
17899,2023-01-20 10:26:44.150,4,explorer.exe,0
17900,2023-01-20 10:26:44.150,5,TaskListThumbnailWnd,0
17901,2023-01-20 10:26:44.150,10,0,0
17902,2023-01-20 10:26:44.150,11,1,0
17903,2023-01-20 10:26:45.157,10,0,0
17904,2023-01-20 10:26:45.157,9,1082,0
17905,2023-01-20 10:26:45.157,4,DB Browser for SQLite.exe,0
17906,2023-01-20 10:26:45.157,11,0,0
17907,2023-01-20 10:26:45.157,8,212,0
17908,2023-01-20 10:26:45.157,7,1600,0
17909,2023-01-20 10:26:45.157,0,5245148,0
17910,2023-01-20 10:26:45.157,2,3812,0
17911,2023-01-20 10:26:45.157,1,11392,0
17912,2023-01-20 10:26:45.157,5,Qt5QWindowIcon,0
17913,2023-01-20 10:26:45.157,3,test-000110.db,0
17914,2023-01-20 10:26:45.157,6,174,0
17915,2023-01-20 10:27:29.573,0,197934,0
17916,2023-01-20 10:27:29.573,2,12404,0
17917,2023-01-20 10:27:29.573,6,-7,0
17918,2023-01-20 10:27:29.573,7,2055,0
17919,2023-01-20 10:27:29.573,8,-7,0
17920,2023-01-20 10:27:29.573,9,1119,0
17921,2023-01-20 10:27:29.573,11,0,0
17922,2023-01-20 10:27:29.573,10,0,0
17923,2023-01-20 10:27:29.573,1,12836,0
17924,2023-01-20 10:27:29.573,3,what is an immersive application - Google Search - Google Chrome,0
17925,2023-01-20 10:27:29.573,4,chrome.exe,0
17926,2023-01-20 10:27:29.573,5,Chrome_WidgetWin_1,0
17927,2023-01-20 10:48:19.036,2,12392,0
17928,2023-01-20 10:48:19.036,10,0,0
17929,2023-01-20 10:48:19.036,11,0,0
17930,2023-01-20 10:48:19.036,7,1739,0
17931,2023-01-20 10:48:19.036,6,715,0
17932,2023-01-20 10:48:19.036,1,6088,0
17933,2023-01-20 10:48:19.036,0,2885206,0
17934,2023-01-20 10:48:19.036,9,1102,0
17935,2023-01-20 10:48:19.036,8,334,0
17936,2023-01-20 10:48:19.036,3,Missing String.,0
17937,2023-01-20 10:48:19.036,4,Code.exe,0
17938,2023-01-20 10:48:19.036,5,Chrome_WidgetWin_1,0
17939,2023-01-20 10:49:14.471,10,0,0
17940,2023-01-20 10:49:14.471,0,197934,0
17941,2023-01-20 10:49:14.471,1,12836,0
17942,2023-01-20 10:49:14.471,2,12404,0
17943,2023-01-20 10:49:14.471,5,Chrome_WidgetWin_1,0
17944,2023-01-20 10:49:14.471,4,chrome.exe,0
17945,2023-01-20 10:49:14.471,3,miloncl/Dsc180b at sub-branch-thy - Google Chrome,0
17946,2023-01-20 10:49:14.471,11,0,0
17947,2023-01-20 10:49:14.471,6,-7,0
17948,2023-01-20 10:49:14.471,9,1119,0
17949,2023-01-20 10:49:14.471,8,-7,0
17950,2023-01-20 10:49:14.471,7,2055,0
17951,2023-01-20 10:49:19.512,10,0,0
17952,2023-01-20 10:49:19.512,0,1115756,0
17953,2023-01-20 10:49:19.512,6,650,0
17954,2023-01-20 10:49:19.512,7,1789,0
17955,2023-01-20 10:49:19.512,8,270,0
17956,2023-01-20 10:49:19.512,9,972,0
17957,2023-01-20 10:49:19.512,11,1,0
17958,2023-01-20 10:49:19.512,2,628,0
17959,2023-01-20 10:49:19.512,1,10696,0
17960,2023-01-20 10:49:19.512,4,explorer.exe,0
17961,2023-01-20 10:49:19.512,5,CabinetWClass,0
17962,2023-01-20 10:49:19.512,3,outputs,0
17963,2023-01-20 10:49:33.653,10,0,0
17964,2023-01-20 10:49:33.653,9,1119,0
17965,2023-01-20 10:49:33.653,8,-7,0
17966,2023-01-20 10:49:33.653,7,2055,0
17967,2023-01-20 10:49:33.653,6,-7,0
17968,2023-01-20 10:49:33.653,2,12404,0
17969,2023-01-20 10:49:33.653,1,12836,0
17970,2023-01-20 10:49:33.653,0,197934,0
17971,2023-01-20 10:49:33.653,11,0,0
17972,2023-01-20 10:49:33.653,4,chrome.exe,0
17973,2023-01-20 10:49:33.653,5,Chrome_WidgetWin_1,0
17974,2023-01-20 10:49:33.653,3,miloncl/Dsc180b - Google Chrome,0
17975,2023-01-20 10:53:46.110,6,0,0
17976,2023-01-20 10:53:46.110,7,2048,0
17977,2023-01-20 10:53:46.110,8,906,0
17978,2023-01-20 10:53:46.110,9,1112,0
17979,2023-01-20 10:53:46.110,10,0,0
17980,2023-01-20 10:53:46.110,2,10836,0
17981,2023-01-20 10:53:46.110,11,1,0
17982,2023-01-20 10:53:46.110,0,65972,0
17983,2023-01-20 10:53:46.110,3,Missing String.,0
17984,2023-01-20 10:53:46.110,4,explorer.exe,0
17985,2023-01-20 10:53:46.110,5,TaskListThumbnailWnd,0
17986,2023-01-20 10:53:46.110,1,10696,0
17987,2023-01-20 10:53:47.111,1,11392,0
17988,2023-01-20 10:53:47.111,2,3812,0
17989,2023-01-20 10:53:47.111,6,174,0
17990,2023-01-20 10:53:47.111,7,1600,0
17991,2023-01-20 10:53:47.111,8,212,0
17992,2023-01-20 10:53:47.111,10,0,0
17993,2023-01-20 10:53:47.111,11,0,0
17994,2023-01-20 10:53:47.111,0,5245148,0
17995,2023-01-20 10:53:47.111,3,test-000110.db,0
17996,2023-01-20 10:53:47.111,5,Qt5QWindowIcon,0
17997,2023-01-20 10:53:47.111,9,1082,0
17998,2023-01-20 10:53:47.111,4,DB Browser for SQLite.exe,0
17999,2023-01-20 10:54:49.815,8,-7,0
18000,2023-01-20 10:54:49.815,1,12836,0
18001,2023-01-20 10:54:49.815,2,12404,0
18002,2023-01-20 10:54:49.815,6,-7,0
18003,2023-01-20 10:54:49.815,7,2055,0
18004,2023-01-20 10:54:49.815,9,1119,0
18005,2023-01-20 10:54:49.815,10,0,0
18006,2023-01-20 10:54:49.815,11,0,0
18007,2023-01-20 10:54:49.815,0,197934,0
18008,2023-01-20 10:54:49.815,5,Chrome_WidgetWin_1,0
18009,2023-01-20 10:54:49.815,4,chrome.exe,0
18010,2023-01-20 10:54:49.815,3,miloncl/Dsc180b - Google Chrome,0
18011,2023-01-20 10:56:22.548,5,CabinetWClass,0
18012,2023-01-20 10:56:22.548,4,explorer.exe,0
18013,2023-01-20 10:56:22.548,3,Dsc180b,0
18014,2023-01-20 10:56:22.548,11,1,0
18015,2023-01-20 10:56:22.548,8,270,0
18016,2023-01-20 10:56:22.548,9,972,0
18017,2023-01-20 10:56:22.548,7,1789,0
18018,2023-01-20 10:56:22.548,6,650,0
18019,2023-01-20 10:56:22.548,2,628,0
18020,2023-01-20 10:56:22.548,1,10696,0
18021,2023-01-20 10:56:22.548,0,1115756,0
18022,2023-01-20 10:56:22.548,10,0,0
18023,2023-01-20 10:56:29.573,4,chrome.exe,0
18024,2023-01-20 10:56:29.573,3,miloncl/Dsc180b - Google Chrome,0
18025,2023-01-20 10:56:29.573,5,Chrome_WidgetWin_1,0
18026,2023-01-20 10:56:29.573,8,-7,0
18027,2023-01-20 10:56:29.573,11,0,0
18028,2023-01-20 10:56:29.573,10,0,0
18029,2023-01-20 10:56:29.573,9,1119,0
18030,2023-01-20 10:56:29.573,7,2055,0
18031,2023-01-20 10:56:29.573,6,-7,0
18032,2023-01-20 10:56:29.573,2,12404,0
18033,2023-01-20 10:56:29.573,1,12836,0
18034,2023-01-20 10:56:29.573,0,197934,0
18035,2023-01-20 10:57:07.874,6,650,0
18036,2023-01-20 10:57:07.874,8,270,0
18037,2023-01-20 10:57:07.874,9,972,0
18038,2023-01-20 10:57:07.874,10,0,0
18039,2023-01-20 10:57:07.874,11,1,0
18040,2023-01-20 10:57:07.874,0,1115756,0
18041,2023-01-20 10:57:07.874,2,628,0
18042,2023-01-20 10:57:07.874,7,1789,0
18043,2023-01-20 10:57:07.874,1,10696,0
18044,2023-01-20 10:57:07.874,3,Downloads,0
18045,2023-01-20 10:57:07.874,4,explorer.exe,0
18046,2023-01-20 10:57:07.874,5,CabinetWClass,0
18047,2023-01-20 10:57:12.917,1,12836,0
18048,2023-01-20 10:57:12.917,11,0,0
18049,2023-01-20 10:57:12.917,10,0,0
18050,2023-01-20 10:57:12.917,9,1119,0
18051,2023-01-20 10:57:12.917,8,-7,0
18052,2023-01-20 10:57:12.917,7,2055,0
18053,2023-01-20 10:57:12.917,0,197934,0
18054,2023-01-20 10:57:12.917,5,Chrome_WidgetWin_1,0
18055,2023-01-20 10:57:12.917,4,chrome.exe,0
18056,2023-01-20 10:57:12.917,2,12404,0
18057,2023-01-20 10:57:12.917,3,miloncl/Dsc180b - Google Chrome,0
18058,2023-01-20 10:57:12.917,6,-7,0
18059,2023-01-20 11:02:24.681,9,1112,0
18060,2023-01-20 11:02:24.681,8,1012,0
18061,2023-01-20 11:02:24.681,7,2048,0
18062,2023-01-20 11:02:24.681,6,1688,0
18063,2023-01-20 11:02:24.681,3,Volume Control,0
18064,2023-01-20 11:02:24.681,1,5916,0
18065,2023-01-20 11:02:24.681,10,0,0
18066,2023-01-20 11:02:24.681,5,Windows.UI.Core.CoreWindow,0
18067,2023-01-20 11:02:24.681,4,ShellExperienceHost.exe,0
18068,2023-01-20 11:02:24.681,2,29152,0
18069,2023-01-20 11:02:24.681,0,8652536,0
18070,2023-01-20 11:02:24.681,11,1,0
18071,2023-01-20 11:02:27.712,10,0,0
18072,2023-01-20 11:02:27.712,9,1119,0
18073,2023-01-20 11:02:27.712,8,-7,0
18074,2023-01-20 11:02:27.712,7,2055,0
18075,2023-01-20 11:02:27.712,6,-7,0
18076,2023-01-20 11:02:27.712,2,12404,0
18077,2023-01-20 11:02:27.712,1,12836,0
18078,2023-01-20 11:02:27.712,0,197934,0
18079,2023-01-20 11:02:27.712,5,Chrome_WidgetWin_1,0
18080,2023-01-20 11:02:27.712,4,chrome.exe,0
18081,2023-01-20 11:02:27.712,3,Microsoft Teams - Google Chrome,0
18082,2023-01-20 11:02:27.712,11,0,0
18083,2023-01-20 11:03:34.385,5,Windows.UI.Core.CoreWindow,0
18084,2023-01-20 11:03:34.385,11,1,0
18085,2023-01-20 11:03:34.385,10,0,0
18086,2023-01-20 11:03:34.385,8,1012,0
18087,2023-01-20 11:03:34.385,4,ShellExperienceHost.exe,0
18088,2023-01-20 11:03:34.385,7,2048,0
18089,2023-01-20 11:03:34.385,6,1688,0
18090,2023-01-20 11:03:34.385,2,2540,0
18091,2023-01-20 11:03:34.385,1,5916,0
18092,2023-01-20 11:03:34.385,0,7276854,0
18093,2023-01-20 11:03:34.385,9,1112,0
18094,2023-01-20 11:03:34.385,3,Volume Control,0
18095,2023-01-20 11:03:38.423,11,0,0
18096,2023-01-20 11:03:38.423,10,0,0
18097,2023-01-20 11:03:38.423,9,1119,0
18098,2023-01-20 11:03:38.423,8,-7,0
18099,2023-01-20 11:03:38.423,7,2055,0
18100,2023-01-20 11:03:38.423,4,chrome.exe,0
18101,2023-01-20 11:03:38.423,5,Chrome_WidgetWin_1,0
18102,2023-01-20 11:03:38.423,6,-7,0
18103,2023-01-20 11:03:38.423,2,12404,0
18104,2023-01-20 11:03:38.423,1,12836,0
18105,2023-01-20 11:03:38.423,0,197934,0
18106,2023-01-20 11:03:38.423,3,Microsoft Teams - Google Chrome,0
18107,2023-01-20 11:05:20.437,0,7342390,0
18108,2023-01-20 11:05:20.437,2,19412,0
18109,2023-01-20 11:05:20.437,6,1688,0
18110,2023-01-20 11:05:20.437,7,2048,0
18111,2023-01-20 11:05:20.437,8,1012,0
18112,2023-01-20 11:05:20.437,9,1112,0
18113,2023-01-20 11:05:20.437,11,1,0
18114,2023-01-20 11:05:20.437,10,0,0
18115,2023-01-20 11:05:20.437,1,5916,0
18116,2023-01-20 11:05:20.437,3,Volume Control,0
18117,2023-01-20 11:05:20.437,4,ShellExperienceHost.exe,0
18118,2023-01-20 11:05:20.437,5,Windows.UI.Core.CoreWindow,0
18119,2023-01-20 11:05:23.471,0,197934,0
18120,2023-01-20 11:05:23.471,1,12836,0
18121,2023-01-20 11:05:23.471,11,0,0
18122,2023-01-20 11:05:23.471,10,0,0
18123,2023-01-20 11:05:23.471,9,1119,0
18124,2023-01-20 11:05:23.471,7,2055,0
18125,2023-01-20 11:05:23.471,6,-7,0
18126,2023-01-20 11:05:23.471,8,-7,0
18127,2023-01-20 11:05:23.471,5,Chrome_WidgetWin_1,0
18128,2023-01-20 11:05:23.471,4,chrome.exe,0
18129,2023-01-20 11:05:23.471,3,Microsoft Teams - Google Chrome,0
18130,2023-01-20 11:05:23.471,2,12404,0
18131,2023-01-20 11:28:26.642,5,Windows.UI.Core.CoreWindow,0
18132,2023-01-20 11:28:26.642,4,ShellExperienceHost.exe,0
18133,2023-01-20 11:28:26.642,9,1112,0
18134,2023-01-20 11:28:26.642,3,Volume Control,0
18135,2023-01-20 11:28:26.642,0,6162198,0
18136,2023-01-20 11:28:26.642,1,5916,0
18137,2023-01-20 11:28:26.642,2,14132,0
18138,2023-01-20 11:28:26.642,6,1688,0
18139,2023-01-20 11:28:26.642,7,2048,0
18140,2023-01-20 11:28:26.642,11,1,0
18141,2023-01-20 11:28:26.642,10,0,0
18142,2023-01-20 11:28:26.642,8,1012,0
18143,2023-01-20 11:28:32.709,7,2055,0
18144,2023-01-20 11:28:32.709,1,12836,0
18145,2023-01-20 11:28:32.709,6,-7,0
18146,2023-01-20 11:28:32.709,8,-7,0
18147,2023-01-20 11:28:32.709,9,1119,0
18148,2023-01-20 11:28:32.709,10,0,0
18149,2023-01-20 11:28:32.709,11,0,0
18150,2023-01-20 11:28:32.709,5,Chrome_WidgetWin_1,0
18151,2023-01-20 11:28:32.709,4,chrome.exe,0
18152,2023-01-20 11:28:32.709,3,(1) Microsoft Teams - Google Chrome,0
18153,2023-01-20 11:28:32.709,0,197934,0
18154,2023-01-20 11:28:32.709,2,12404,0
18155,2023-01-20 11:28:34.724,0,4195218,0
18156,2023-01-20 11:28:34.724,2,35148,0
18157,2023-01-20 11:28:34.724,1,5916,0
18158,2023-01-20 11:28:34.724,5,Windows.UI.Core.CoreWindow,0
18159,2023-01-20 11:28:34.724,3,Volume Control,0
18160,2023-01-20 11:28:34.725,9,1112,0
18161,2023-01-20 11:28:34.725,4,ShellExperienceHost.exe,0
18162,2023-01-20 11:28:34.725,6,1688,0
18163,2023-01-20 11:28:34.725,7,2048,0
18164,2023-01-20 11:28:34.725,8,1012,0
18165,2023-01-20 11:28:34.725,10,0,0
18166,2023-01-20 11:28:34.725,11,1,0
18167,2023-01-20 11:28:40.785,4,chrome.exe,0
18168,2023-01-20 11:28:40.785,1,12836,0
18169,2023-01-20 11:28:40.785,2,12404,0
18170,2023-01-20 11:28:40.785,6,-7,0
18171,2023-01-20 11:28:40.785,7,2055,0
18172,2023-01-20 11:28:40.785,8,-7,0
18173,2023-01-20 11:28:40.785,9,1119,0
18174,2023-01-20 11:28:40.785,11,0,0
18175,2023-01-20 11:28:40.785,3,(1) Microsoft Teams - Google Chrome,0
18176,2023-01-20 11:28:40.785,0,197934,0
18177,2023-01-20 11:28:40.785,5,Chrome_WidgetWin_1,0
18178,2023-01-20 11:28:40.785,10,0,0
18179,2023-01-20 11:31:51.668,8,1012,0
18180,2023-01-20 11:31:51.668,7,2048,0
18181,2023-01-20 11:31:51.668,11,1,0
18182,2023-01-20 11:31:51.668,10,0,0
18183,2023-01-20 11:31:51.668,0,3279122,0
18184,2023-01-20 11:31:51.668,3,Volume Control,0
18185,2023-01-20 11:31:51.668,4,ShellExperienceHost.exe,0
18186,2023-01-20 11:31:51.668,9,1112,0
18187,2023-01-20 11:31:51.668,1,5916,0
18188,2023-01-20 11:31:51.668,2,35828,0
18189,2023-01-20 11:31:51.668,6,1688,0
18190,2023-01-20 11:31:51.668,5,Windows.UI.Core.CoreWindow,0
18191,2023-01-20 11:31:55.710,3,Microsoft Teams - Google Chrome,0
18192,2023-01-20 11:31:55.710,4,chrome.exe,0
18193,2023-01-20 11:31:55.710,5,Chrome_WidgetWin_1,0
18194,2023-01-20 11:31:55.710,10,0,0
18195,2023-01-20 11:31:55.710,0,197934,0
18196,2023-01-20 11:31:55.710,1,12836,0
18197,2023-01-20 11:31:55.710,2,12404,0
18198,2023-01-20 11:31:55.710,6,-7,0
18199,2023-01-20 11:31:55.710,7,2055,0
18200,2023-01-20 11:31:55.710,8,-7,0
18201,2023-01-20 11:31:55.710,11,0,0
18202,2023-01-20 11:31:55.710,9,1119,0
18203,2023-01-20 11:32:01.762,1,5916,0
18204,2023-01-20 11:32:01.762,2,36104,0
18205,2023-01-20 11:32:01.762,3,Volume Control,0
18206,2023-01-20 11:32:01.762,5,Windows.UI.Core.CoreWindow,0
18207,2023-01-20 11:32:01.762,0,1181794,0
18208,2023-01-20 11:32:01.763,6,1688,0
18209,2023-01-20 11:32:01.763,7,2048,0
18210,2023-01-20 11:32:01.763,8,1012,0
18211,2023-01-20 11:32:01.763,9,1112,0
18212,2023-01-20 11:32:01.763,10,0,0
18213,2023-01-20 11:32:01.763,11,1,0
18214,2023-01-20 11:32:01.763,4,ShellExperienceHost.exe,0
18215,2023-01-20 11:32:55.310,0,197934,0
18216,2023-01-20 11:32:55.310,1,12836,0
18217,2023-01-20 11:32:55.310,3,miloncl/Dsc180b - Google Chrome,0
18218,2023-01-20 11:32:55.310,7,2055,0
18219,2023-01-20 11:32:55.310,4,chrome.exe,0
18220,2023-01-20 11:32:55.310,9,1119,0
18221,2023-01-20 11:32:55.310,5,Chrome_WidgetWin_1,0
18222,2023-01-20 11:32:55.310,10,0,0
18223,2023-01-20 11:32:55.310,8,-7,0
18224,2023-01-20 11:32:55.310,11,0,0
18225,2023-01-20 11:32:55.310,2,12404,0
18226,2023-01-20 11:32:55.310,6,-7,0
18227,2023-01-20 11:34:26.216,7,2048,0
18228,2023-01-20 11:34:26.216,6,1688,0
18229,2023-01-20 11:34:26.216,9,1112,0
18230,2023-01-20 11:34:26.216,1,5916,0
18231,2023-01-20 11:34:26.216,0,6686946,0
18232,2023-01-20 11:34:26.216,10,0,0
18233,2023-01-20 11:34:26.216,5,Windows.UI.Core.CoreWindow,0
18234,2023-01-20 11:34:26.216,3,Volume Control,0
18235,2023-01-20 11:34:26.216,8,1012,0
18236,2023-01-20 11:34:26.216,2,8084,0
18237,2023-01-20 11:34:26.217,11,1,0
18238,2023-01-20 11:34:26.217,4,ShellExperienceHost.exe,0
18239,2023-01-20 11:34:51.452,6,-7,0
18240,2023-01-20 11:34:51.452,0,197934,0
18241,2023-01-20 11:34:51.452,1,12836,0
18242,2023-01-20 11:34:51.452,2,12404,0
18243,2023-01-20 11:34:51.452,8,-7,0
18244,2023-01-20 11:34:51.452,9,1119,0
18245,2023-01-20 11:34:51.452,11,0,0
18246,2023-01-20 11:34:51.452,5,Chrome_WidgetWin_1,0
18247,2023-01-20 11:34:51.452,10,0,0
18248,2023-01-20 11:34:51.452,3,Dsc 180B - Quarter 2 Week 2 - Google Slides - Google Chrome,0
18249,2023-01-20 11:34:51.452,7,2055,0
18250,2023-01-20 11:34:51.452,4,chrome.exe,0
18251,2023-01-20 12:09:44.785,3,Volume Control,0
18252,2023-01-20 12:09:44.785,4,ShellExperienceHost.exe,0
18253,2023-01-20 12:09:44.785,5,Windows.UI.Core.CoreWindow,0
18254,2023-01-20 12:09:44.785,10,0,0
18255,2023-01-20 12:09:44.785,9,1112,0
18256,2023-01-20 12:09:44.785,0,6752482,0
18257,2023-01-20 12:09:44.785,1,5916,0
18258,2023-01-20 12:09:44.785,2,38276,0
18259,2023-01-20 12:09:44.785,6,1688,0
18260,2023-01-20 12:09:44.785,7,2048,0
18261,2023-01-20 12:09:44.785,11,1,0
18262,2023-01-20 12:09:44.785,8,1012,0
18263,2023-01-20 12:18:11.033,6,-7,0
18264,2023-01-20 12:18:11.033,1,12836,0
18265,2023-01-20 12:18:11.033,11,0,0
18266,2023-01-20 12:18:11.033,10,0,0
18267,2023-01-20 12:18:11.033,9,1119,0
18268,2023-01-20 12:18:11.033,8,-7,0
18269,2023-01-20 12:18:11.033,7,2055,0
18270,2023-01-20 12:18:11.033,5,Chrome_WidgetWin_1,0
18271,2023-01-20 12:18:11.033,4,chrome.exe,0
18272,2023-01-20 12:18:11.033,3,"Inbox (6,677) - thynguyentoan1316@gmail.com - Gmail - Google Chrome",0
18273,2023-01-20 12:18:11.033,2,12404,0
18274,2023-01-20 12:18:11.033,0,197934,0
18275,2023-01-20 12:18:37.304,0,6948534,0
18276,2023-01-20 12:18:37.304,8,1012,0
18277,2023-01-20 12:18:37.304,6,1688,0
18278,2023-01-20 12:18:37.304,1,5916,0
18279,2023-01-20 12:18:37.304,11,1,0
18280,2023-01-20 12:18:37.304,3,Volume Control,0
18281,2023-01-20 12:18:37.304,10,0,0
18282,2023-01-20 12:18:37.304,4,ShellExperienceHost.exe,0
18283,2023-01-20 12:18:37.304,5,Windows.UI.Core.CoreWindow,0
18284,2023-01-20 12:18:37.304,9,1112,0
18285,2023-01-20 12:18:37.304,7,2048,0
18286,2023-01-20 12:18:37.304,2,15220,0
18287,2023-01-20 12:20:39.514,8,-7,0
18288,2023-01-20 12:20:39.514,11,0,0
18289,2023-01-20 12:20:39.514,6,-7,0
18290,2023-01-20 12:20:39.514,10,0,0
18291,2023-01-20 12:20:39.514,9,1119,0
18292,2023-01-20 12:20:39.514,7,2055,0
18293,2023-01-20 12:20:39.514,2,12404,0
18294,2023-01-20 12:20:39.514,5,Chrome_WidgetWin_1,0
18295,2023-01-20 12:20:39.514,0,197934,0
18296,2023-01-20 12:20:39.514,3,Microsoft Teams - Google Chrome,0
18297,2023-01-20 12:20:39.514,4,chrome.exe,0
18298,2023-01-20 12:20:39.514,1,12836,0
18299,2023-01-20 12:28:02.405,11,0,0
18300,2023-01-20 12:28:02.405,7,1165,0
18301,2023-01-20 12:28:02.405,10,0,0
18302,2023-01-20 12:28:02.405,9,609,0
18303,2023-01-20 12:28:02.405,8,91,0
18304,2023-01-20 12:28:02.405,6,270,0
18305,2023-01-20 12:28:02.405,4,VsDebugConsole.exe,0
18306,2023-01-20 12:28:02.405,1,42268,0
18307,2023-01-20 12:28:02.405,3,esrv.exe,0
18308,2023-01-20 12:28:02.405,5,ConsoleWindowClass,0
18309,2023-01-20 12:28:02.405,2,37128,0
18310,2023-01-20 12:28:02.405,0,1181464,0
18311,2023-01-20 18:46:10.089,11,0,0
18312,2023-01-20 18:46:10.089,10,0,0
18313,2023-01-20 18:46:10.089,9,774,0
18314,2023-01-20 18:46:10.089,7,1151,0
18315,2023-01-20 18:46:10.089,6,256,0
18316,2023-01-20 18:46:10.089,2,21712,0
18317,2023-01-20 18:46:10.089,8,256,0
18318,2023-01-20 18:46:10.089,0,1050838,0
18319,2023-01-20 18:46:10.089,5,ConsoleWindowClass,0
18320,2023-01-20 18:46:10.089,4,VsDebugConsole.exe,0
18321,2023-01-20 18:46:10.089,3,esrv.exe,0
18322,2023-01-20 18:46:10.089,4,s0,0
18323,2023-01-20 18:46:10.089,1,21728,0
18324,2023-01-20 18:46:12.113,9,1089,0
18325,2023-01-20 18:46:12.113,0,2623574,0
18326,2023-01-20 18:46:12.113,1,14492,0
18327,2023-01-20 18:46:12.113,2,14496,0
18328,2023-01-20 18:46:12.113,6,-97,0
18329,2023-01-20 18:46:12.113,7,1375,0
18330,2023-01-20 18:46:12.113,8,85,0
18331,2023-01-20 18:46:12.113,10,0,0
18332,2023-01-20 18:46:12.113,11,0,0
18333,2023-01-20 18:46:12.113,3,Missing String.,0
18334,2023-01-20 18:46:12.113,4,msedge.exe,0
18335,2023-01-20 18:46:12.113,5,Chrome_WidgetWin_1,0
18336,2023-01-20 18:46:14.142,0,65830,0
18337,2023-01-20 18:46:14.142,3,Missing String.,0
18338,2023-01-20 18:46:14.142,4,explorer.exe,0
18339,2023-01-20 18:46:14.142,5,Shell_TrayWnd,0
18340,2023-01-20 18:46:14.142,11,1,0
18341,2023-01-20 18:46:14.142,1,10696,0
18342,2023-01-20 18:46:14.142,9,1152,0
18343,2023-01-20 18:46:14.142,8,1112,0
18344,2023-01-20 18:46:14.142,7,2048,0
18345,2023-01-20 18:46:14.142,6,0,0
18346,2023-01-20 18:46:14.142,2,10836,0
18347,2023-01-20 18:46:14.142,10,0,0
18348,2023-01-20 18:46:16.213,0,197934,0
18349,2023-01-20 18:46:16.213,2,12404,0
18350,2023-01-20 18:46:16.213,11,0,0
18351,2023-01-20 18:46:16.213,8,-7,0
18352,2023-01-20 18:46:16.213,9,1119,0
18353,2023-01-20 18:46:16.213,10,0,0
18354,2023-01-20 18:46:16.213,1,12836,0
18355,2023-01-20 18:46:16.213,7,2055,0
18356,2023-01-20 18:46:16.213,6,-7,0
18357,2023-01-20 18:46:16.213,3,(4) Feed | LinkedIn - Google Chrome,0
18358,2023-01-20 18:46:16.213,4,chrome.exe,0
18359,2023-01-20 18:46:16.213,5,Chrome_WidgetWin_1,0
18360,2023-01-20 18:46:17.226,0,65972,0
18361,2023-01-20 18:46:17.226,1,10696,0
18362,2023-01-20 18:46:17.226,10,0,0
18363,2023-01-20 18:46:17.226,9,1112,0
18364,2023-01-20 18:46:17.226,8,906,0
18365,2023-01-20 18:46:17.226,6,0,0
18366,2023-01-20 18:46:17.226,2,10836,0
18367,2023-01-20 18:46:17.226,7,2048,0
18368,2023-01-20 18:46:17.226,5,TaskListThumbnailWnd,0
18369,2023-01-20 18:46:17.226,4,explorer.exe,0
18370,2023-01-20 18:46:17.226,3,Missing String.,0
18371,2023-01-20 18:46:17.226,11,1,0
18372,2023-01-20 18:46:18.240,4,chrome.exe,0
18373,2023-01-20 18:46:18.240,0,263486,0
18374,2023-01-20 18:46:18.240,3,[Max] Clustering - Google Docs - Google Chrome,0
18375,2023-01-20 18:46:18.240,11,0,0
18376,2023-01-20 18:46:18.240,10,0,0
18377,2023-01-20 18:46:18.240,9,1135,0
18378,2023-01-20 18:46:18.240,8,63,0
18379,2023-01-20 18:46:18.240,7,1870,0
18380,2023-01-20 18:46:18.240,6,394,0
18381,2023-01-20 18:46:18.240,2,12404,0
18382,2023-01-20 18:46:18.240,1,12836,0
18383,2023-01-20 18:46:18.240,5,Chrome_WidgetWin_1,0
18384,2023-01-20 18:54:58.749,11,0,0
18385,2023-01-20 18:54:58.749,6,286,0
18386,2023-01-20 18:54:58.749,7,1098,0
18387,2023-01-20 18:54:58.749,8,484,0
18388,2023-01-20 18:54:58.749,9,1058,0
18389,2023-01-20 18:54:58.749,10,0,0
18390,2023-01-20 18:54:58.749,2,21652,0
18391,2023-01-20 18:54:58.749,1,21660,0
18392,2023-01-20 18:54:58.749,0,1640108,0
18393,2023-01-20 18:54:58.749,4,SnippingTool.exe,0
18394,2023-01-20 18:54:58.749,3,Snipping Tool,0
18395,2023-01-20 18:54:58.749,5,Microsoft-Windows-SnipperEditor,0
18396,2023-01-20 18:54:59.760,3,"Marsden, Jerrold E_Tromba, Anthony - Vector calculus-Palgrave [distributor], W.H. Freeman (2011_2012).pdf - Google Drive - Google Chrome",0
18397,2023-01-20 18:54:59.760,4,chrome.exe,0
18398,2023-01-20 18:54:59.760,5,Chrome_WidgetWin_1,0
18399,2023-01-20 18:54:59.760,0,197934,0
18400,2023-01-20 18:54:59.760,1,12836,0
18401,2023-01-20 18:54:59.760,2,12404,0
18402,2023-01-20 18:54:59.760,7,2055,0
18403,2023-01-20 18:54:59.760,8,-7,0
18404,2023-01-20 18:54:59.760,6,-7,0
18405,2023-01-20 18:54:59.760,11,0,0
18406,2023-01-20 18:54:59.760,10,0,0
18407,2023-01-20 18:54:59.760,9,1119,0
18408,2023-01-20 18:55:00.769,1,21660,0
18409,2023-01-20 18:55:00.769,2,21652,0
18410,2023-01-20 18:55:00.769,6,-78,0
18411,2023-01-20 18:55:00.769,7,319,0
18412,2023-01-20 18:55:00.769,8,275,0
18413,2023-01-20 18:55:00.769,9,538,0
18414,2023-01-20 18:55:00.769,10,0,0
18415,2023-01-20 18:55:00.769,11,0,0
18416,2023-01-20 18:55:00.769,0,198550,0
18417,2023-01-20 18:55:00.769,4,SnippingTool.exe,0
18418,2023-01-20 18:55:00.769,5,Microsoft-Windows-SnipperToolbar,0
18419,2023-01-20 18:55:00.769,3,Snipping Tool,0
18420,2023-01-20 18:55:05.818,0,197934,0
18421,2023-01-20 18:55:05.818,2,12404,0
18422,2023-01-20 18:55:05.818,3,[DSC180B] Weekly Homework - Google Docs - Google Chrome,0
18423,2023-01-20 18:55:05.818,4,chrome.exe,0
18424,2023-01-20 18:55:05.818,5,Chrome_WidgetWin_1,0
18425,2023-01-20 18:55:05.818,6,-7,0
18426,2023-01-20 18:55:05.818,1,12836,0
18427,2023-01-20 18:55:05.818,11,0,0
18428,2023-01-20 18:55:05.818,10,0,0
18429,2023-01-20 18:55:05.818,9,1119,0
18430,2023-01-20 18:55:05.818,8,-7,0
18431,2023-01-20 18:55:05.818,7,2055,0
18432,2023-01-20 19:00:06.819,10,0,0
18433,2023-01-20 19:00:06.819,2,21652,0
18434,2023-01-20 19:00:06.819,6,662,0
18435,2023-01-20 19:00:06.819,1,21660,0
18436,2023-01-20 19:00:06.819,0,1640108,0
18437,2023-01-20 19:00:06.819,8,0,0
18438,2023-01-20 19:00:06.819,5,Microsoft-Windows-SnipperEditor,0
18439,2023-01-20 19:00:06.819,9,722,0
18440,2023-01-20 19:00:06.819,4,SnippingTool.exe,0
18441,2023-01-20 19:00:06.819,3,Snipping Tool,0
18442,2023-01-20 19:00:06.819,7,1702,0
18443,2023-01-20 19:00:06.819,11,0,0
18444,2023-01-20 19:00:07.825,8,-7,0
18445,2023-01-20 19:00:07.825,6,-7,0
18446,2023-01-20 19:00:07.825,2,12404,0
18447,2023-01-20 19:00:07.825,1,12836,0
18448,2023-01-20 19:00:07.825,0,197934,0
18449,2023-01-20 19:00:07.825,9,1119,0
18450,2023-01-20 19:00:07.825,7,2055,0
18451,2023-01-20 19:00:07.825,11,0,0
18452,2023-01-20 19:00:07.825,10,0,0
18453,2023-01-20 19:00:07.825,3,"Marsden, Jerrold E_Tromba, Anthony - Vector calculus-Palgrave [distributor], W.H. Freeman (2011_2012).pdf - Google Drive - Google Chrome",0
18454,2023-01-20 19:00:07.825,4,chrome.exe,0
18455,2023-01-20 19:00:07.825,5,Chrome_WidgetWin_1,0
18456,2023-01-20 19:00:08.829,1,21660,0
18457,2023-01-20 19:00:08.829,10,0,0
18458,2023-01-20 19:00:08.829,9,538,0
18459,2023-01-20 19:00:08.829,8,275,0
18460,2023-01-20 19:00:08.829,7,319,0
18461,2023-01-20 19:00:08.829,2,21652,0
18462,2023-01-20 19:00:08.829,6,-78,0
18463,2023-01-20 19:00:08.829,11,0,0
18464,2023-01-20 19:00:08.829,5,Microsoft-Windows-SnipperToolbar,0
18465,2023-01-20 19:00:08.829,4,SnippingTool.exe,0
18466,2023-01-20 19:00:08.829,3,Snipping Tool,0
18467,2023-01-20 19:00:08.829,0,198550,0
18468,2023-01-20 19:00:14.874,0,197934,0
18469,2023-01-20 19:00:14.874,5,Chrome_WidgetWin_1,0
18470,2023-01-20 19:00:14.874,4,chrome.exe,0
18471,2023-01-20 19:00:14.874,3,"Marsden, Jerrold E_Tromba, Anthony - Vector calculus-Palgrave [distributor], W.H. Freeman (2011_2012).pdf - Google Drive - Google Chrome",0
18472,2023-01-20 19:00:14.874,11,0,0
18473,2023-01-20 19:00:14.874,10,0,0
18474,2023-01-20 19:00:14.874,9,1119,0
18475,2023-01-20 19:00:14.874,8,-7,0
18476,2023-01-20 19:00:14.874,7,2055,0
18477,2023-01-20 19:00:14.874,2,12404,0
18478,2023-01-20 19:00:14.874,1,12836,0
18479,2023-01-20 19:00:14.874,6,-7,0
18480,2023-01-20 19:00:15.877,5,Microsoft-Windows-SnipperCaptureForm,0
18481,2023-01-20 19:00:15.877,0,722620,0
18482,2023-01-20 19:00:15.877,3,Missing String.,0
18483,2023-01-20 19:00:15.877,11,0,0
18484,2023-01-20 19:00:15.877,10,0,0
18485,2023-01-20 19:00:15.877,9,1152,0
18486,2023-01-20 19:00:15.877,4,SnippingTool.exe,0
18487,2023-01-20 19:00:15.877,7,2048,0
18488,2023-01-20 19:00:15.877,6,0,0
18489,2023-01-20 19:00:15.877,2,21652,0
18490,2023-01-20 19:00:15.877,1,21660,0
18491,2023-01-20 19:00:15.877,8,0,0
18492,2023-01-20 19:00:20.922,5,Chrome_WidgetWin_1,0
18493,2023-01-20 19:00:20.922,4,chrome.exe,0
18494,2023-01-20 19:00:20.922,3,"Marsden, Jerrold E_Tromba, Anthony - Vector calculus-Palgrave [distributor], W.H. Freeman (2011_2012).pdf - Google Drive - Google Chrome",0
18495,2023-01-20 19:00:20.922,11,0,0
18496,2023-01-20 19:00:20.922,10,0,0
18497,2023-01-20 19:00:20.922,9,1119,0
18498,2023-01-20 19:00:20.922,7,2055,0
18499,2023-01-20 19:00:20.922,2,12404,0
18500,2023-01-20 19:00:20.922,1,12836,0
18501,2023-01-20 19:00:20.922,0,197934,0
18502,2023-01-20 19:00:20.922,8,-7,0
18503,2023-01-20 19:00:20.922,6,-7,0
18504,2023-01-20 19:00:53.138,5,Microsoft-Windows-SnipperEditor,0
18505,2023-01-20 19:00:53.138,3,Snipping Tool,0
18506,2023-01-20 19:00:53.138,4,SnippingTool.exe,0
18507,2023-01-20 19:00:53.138,1,21660,0
18508,2023-01-20 19:00:53.138,8,86,0
18509,2023-01-20 19:00:53.138,7,1727,0
18510,2023-01-20 19:00:53.138,10,0,0
18511,2023-01-20 19:00:53.138,6,638,0
18512,2023-01-20 19:00:53.138,2,21652,0
18513,2023-01-20 19:00:53.138,0,1640108,0
18514,2023-01-20 19:00:53.138,11,0,0
18515,2023-01-20 19:00:53.138,9,905,0
18516,2023-01-20 19:01:43.567,0,197934,0
18517,2023-01-20 19:01:43.567,4,chrome.exe,0
18518,2023-01-20 19:01:43.567,5,Chrome_WidgetWin_1,0
18519,2023-01-20 19:01:43.567,3,[Math 20E] Quiz Review - Google Docs - Google Chrome,0
18520,2023-01-20 19:01:43.567,1,12836,0
18521,2023-01-20 19:01:43.567,2,12404,0
18522,2023-01-20 19:01:43.567,6,-7,0
18523,2023-01-20 19:01:43.567,7,2055,0
18524,2023-01-20 19:01:43.567,8,-7,0
18525,2023-01-20 19:01:43.567,9,1119,0
18526,2023-01-20 19:01:43.567,10,0,0
18527,2023-01-20 19:01:43.567,11,0,0
18528,2023-01-20 19:03:09.384,6,691,0
18529,2023-01-20 19:03:09.384,3,Snipping Tool,0
18530,2023-01-20 19:03:09.384,2,21652,0
18531,2023-01-20 19:03:09.384,4,SnippingTool.exe,0
18532,2023-01-20 19:03:09.384,0,1640108,0
18533,2023-01-20 19:03:09.384,1,21660,0
18534,2023-01-20 19:03:09.384,10,0,0
18535,2023-01-20 19:03:09.384,9,935,0
18536,2023-01-20 19:03:09.384,8,193,0
18537,2023-01-20 19:03:09.384,7,1763,0
18538,2023-01-20 19:03:09.384,5,Microsoft-Windows-SnipperEditor,0
18539,2023-01-20 19:03:09.384,11,0,0
18540,2023-01-20 19:03:10.384,3,"Marsden, Jerrold E_Tromba, Anthony - Vector calculus-Palgrave [distributor], W.H. Freeman (2011_2012).pdf - Google Drive - Google Chrome",0
18541,2023-01-20 19:03:10.384,4,chrome.exe,0
18542,2023-01-20 19:03:10.384,5,Chrome_WidgetWin_1,0
18543,2023-01-20 19:03:10.384,8,-7,0
18544,2023-01-20 19:03:10.384,10,0,0
18545,2023-01-20 19:03:10.384,9,1119,0
18546,2023-01-20 19:03:10.384,7,2055,0
18547,2023-01-20 19:03:10.384,6,-7,0
18548,2023-01-20 19:03:10.384,2,12404,0
18549,2023-01-20 19:03:10.384,1,12836,0
18550,2023-01-20 19:03:10.384,0,197934,0
18551,2023-01-20 19:03:10.384,11,0,0
18552,2023-01-20 19:03:11.394,4,SnippingTool.exe,0
18553,2023-01-20 19:03:11.394,3,Snipping Tool,0
18554,2023-01-20 19:03:11.394,5,Microsoft-Windows-SnipperToolbar,0
18555,2023-01-20 19:03:11.394,6,-78,0
18556,2023-01-20 19:03:11.394,11,0,0
18557,2023-01-20 19:03:11.394,0,198550,0
18558,2023-01-20 19:03:11.394,1,21660,0
18559,2023-01-20 19:03:11.394,2,21652,0
18560,2023-01-20 19:03:11.394,7,319,0
18561,2023-01-20 19:03:11.394,8,275,0
18562,2023-01-20 19:03:11.394,9,538,0
18563,2023-01-20 19:03:11.394,10,0,0
18564,2023-01-20 19:03:20.464,9,1119,0
18565,2023-01-20 19:03:20.464,8,-7,0
18566,2023-01-20 19:03:20.464,7,2055,0
18567,2023-01-20 19:03:20.464,6,-7,0
18568,2023-01-20 19:03:20.464,3,[DSC180B] Homework of Week 1 - Google Docs - Google Chrome,0
18569,2023-01-20 19:03:20.464,1,12836,0
18570,2023-01-20 19:03:20.464,0,197934,0
18571,2023-01-20 19:03:20.464,11,0,0
18572,2023-01-20 19:03:20.464,2,12404,0
18573,2023-01-20 19:03:20.464,4,chrome.exe,0
18574,2023-01-20 19:03:20.464,10,0,0
18575,2023-01-20 19:03:20.464,5,Chrome_WidgetWin_1,0
18576,2023-01-20 19:03:58.743,2,21652,0
18577,2023-01-20 19:03:58.743,7,1727,0
18578,2023-01-20 19:03:58.743,8,134,0
18579,2023-01-20 19:03:58.743,9,1084,0
18580,2023-01-20 19:03:58.743,10,0,0
18581,2023-01-20 19:03:58.743,11,0,0
18582,2023-01-20 19:03:58.743,6,423,0
18583,2023-01-20 19:03:58.743,5,Microsoft-Windows-SnipperEditor,0
18584,2023-01-20 19:03:58.743,4,SnippingTool.exe,0
18585,2023-01-20 19:03:58.743,3,Snipping Tool,0
18586,2023-01-20 19:03:58.743,0,1640108,0
18587,2023-01-20 19:03:58.743,1,21660,0
18588,2023-01-20 19:04:05.785,9,1119,0
18589,2023-01-20 19:04:05.785,8,-7,0
18590,2023-01-20 19:04:05.785,11,0,0
18591,2023-01-20 19:04:05.785,6,-7,0
18592,2023-01-20 19:04:05.785,2,12404,0
18593,2023-01-20 19:04:05.785,0,197934,0
18594,2023-01-20 19:04:05.785,10,0,0
18595,2023-01-20 19:04:05.785,7,2055,0
18596,2023-01-20 19:04:05.785,1,12836,0
18597,2023-01-20 19:04:05.785,3,[Math 20E] Quiz Review - Google Docs - Google Chrome,0
18598,2023-01-20 19:04:05.785,5,Chrome_WidgetWin_1,0
18599,2023-01-20 19:04:05.785,4,chrome.exe,0
18600,2023-01-20 19:04:15.872,9,682,0
18601,2023-01-20 19:04:15.872,8,73,0
18602,2023-01-20 19:04:15.872,7,1614,0
18603,2023-01-20 19:04:15.872,6,572,0
18604,2023-01-20 19:04:15.872,1,21660,0
18605,2023-01-20 19:04:15.872,0,1640108,0
18606,2023-01-20 19:04:15.872,2,21652,0
18607,2023-01-20 19:04:15.872,3,Snipping Tool,0
18608,2023-01-20 19:04:15.872,4,SnippingTool.exe,0
18609,2023-01-20 19:04:15.872,5,Microsoft-Windows-SnipperEditor,0
18610,2023-01-20 19:04:15.872,10,0,0
18611,2023-01-20 19:04:15.872,11,0,0
18612,2023-01-20 19:04:24.952,1,12836,0
18613,2023-01-20 19:04:24.952,2,12404,0
18614,2023-01-20 19:04:24.952,7,2055,0
18615,2023-01-20 19:04:24.952,8,-7,0
18616,2023-01-20 19:04:24.952,6,-7,0
18617,2023-01-20 19:04:24.952,10,0,0
18618,2023-01-20 19:04:24.952,3,[Math 20E] Quiz Review - Google Docs - Google Chrome,0
18619,2023-01-20 19:04:24.952,4,chrome.exe,0
18620,2023-01-20 19:04:24.952,5,Chrome_WidgetWin_1,0
18621,2023-01-20 19:04:24.952,0,197934,0
18622,2023-01-20 19:04:24.952,11,0,0
18623,2023-01-20 19:04:24.952,9,1119,0
18624,2023-01-20 19:04:57.223,3,Snipping Tool,0
18625,2023-01-20 19:04:57.223,5,Microsoft-Windows-SnipperEditor,0
18626,2023-01-20 19:04:57.223,4,SnippingTool.exe,0
18627,2023-01-20 19:04:57.223,0,1640108,0
18628,2023-01-20 19:04:57.223,2,21652,0
18629,2023-01-20 19:04:57.223,6,661,0
18630,2023-01-20 19:04:57.223,1,21660,0
18631,2023-01-20 19:04:57.223,8,413,0
18632,2023-01-20 19:04:57.223,9,965,0
18633,2023-01-20 19:04:57.223,10,0,0
18634,2023-01-20 19:04:57.223,11,0,0
18635,2023-01-20 19:04:57.223,7,1712,0
18636,2023-01-20 19:04:58.234,11,0,0
18637,2023-01-20 19:04:58.234,3,"Marsden, Jerrold E_Tromba, Anthony - Vector calculus-Palgrave [distributor], W.H. Freeman (2011_2012).pdf - Google Drive - Google Chrome",0
18638,2023-01-20 19:04:58.234,4,chrome.exe,0
18639,2023-01-20 19:04:58.234,5,Chrome_WidgetWin_1,0
18640,2023-01-20 19:04:58.234,10,0,0
18641,2023-01-20 19:04:58.234,0,197934,0
18642,2023-01-20 19:04:58.234,8,-7,0
18643,2023-01-20 19:04:58.234,1,12836,0
18644,2023-01-20 19:04:58.234,6,-7,0
18645,2023-01-20 19:04:58.234,2,12404,0
18646,2023-01-20 19:04:58.234,9,1119,0
18647,2023-01-20 19:04:58.234,7,2055,0
18648,2023-01-20 19:04:59.235,4,SnippingTool.exe,0
18649,2023-01-20 19:04:59.235,3,Missing String.,0
18650,2023-01-20 19:04:59.235,5,Microsoft-Windows-SnipperCaptureForm,0
18651,2023-01-20 19:04:59.235,9,1152,0
18652,2023-01-20 19:04:59.235,8,0,0
18653,2023-01-20 19:04:59.235,0,722620,0
18654,2023-01-20 19:04:59.235,1,21660,0
18655,2023-01-20 19:04:59.235,2,21652,0
18656,2023-01-20 19:04:59.235,6,0,0
18657,2023-01-20 19:04:59.235,7,2048,0
18658,2023-01-20 19:04:59.235,11,0,0
18659,2023-01-20 19:04:59.235,10,0,0
18660,2023-01-20 19:05:02.255,5,Chrome_WidgetWin_1,0
18661,2023-01-20 19:05:02.255,4,chrome.exe,0
18662,2023-01-20 19:05:02.255,3,[Math 20E] Quiz Review - Google Docs - Google Chrome,0
18663,2023-01-20 19:05:02.255,0,197934,0
18664,2023-01-20 19:05:02.255,10,0,0
18665,2023-01-20 19:05:02.255,9,1119,0
18666,2023-01-20 19:05:02.255,8,-7,0
18667,2023-01-20 19:05:02.255,7,2055,0
18668,2023-01-20 19:05:02.255,6,-7,0
18669,2023-01-20 19:05:02.255,2,12404,0
18670,2023-01-20 19:05:02.255,1,12836,0
18671,2023-01-20 19:05:02.255,11,0,0
18672,2023-01-20 19:05:10.325,8,183,0
18673,2023-01-20 19:05:10.325,0,1640108,0
18674,2023-01-20 19:05:10.325,7,1740,0
