8835,2023-01-17 12:29:13.146,5,Microsoft-Windows-SnipperEditor,0
8836,2023-01-17 12:29:13.146,3,Snipping Tool,0
8837,2023-01-17 12:29:13.146,8,417,0
8838,2023-01-17 12:29:13.146,0,591420,0
8839,2023-01-17 12:29:13.146,1,19400,0
8840,2023-01-17 12:29:13.146,2,23720,0
8841,2023-01-17 12:29:13.146,6,146,0
8842,2023-01-17 12:29:13.146,7,1000,0
8843,2023-01-17 12:29:13.146,9,939,0
8844,2023-01-17 12:29:13.147,10,0,0
8845,2023-01-17 12:29:13.147,11,0,0
8846,2023-01-17 12:29:13.147,4,SnippingTool.exe,0
8847,2023-01-17 12:29:18.192,11,0,0
8848,2023-01-17 12:29:18.192,10,0,0
8849,2023-01-17 12:29:18.192,9,1119,0
8850,2023-01-17 12:29:18.192,8,-7,0
8851,2023-01-17 12:29:18.192,7,2055,0
8852,2023-01-17 12:29:18.192,6,-7,0
8853,2023-01-17 12:29:18.192,3,"Inbox (6,788) - tcn002@ucsd.edu - UC San Diego Mail - Google Chrome",0
8854,2023-01-17 12:29:18.192,4,chrome.exe,0
8855,2023-01-17 12:29:18.192,5,Chrome_WidgetWin_1,0
8856,2023-01-17 12:29:18.192,1,11724,0
8857,2023-01-17 12:29:18.192,0,1574304,0
8858,2023-01-17 12:29:18.192,2,18596,0
8859,2023-01-17 12:30:30.912,9,1005,0
8860,2023-01-17 12:30:30.912,11,1,0
8861,2023-01-17 12:30:30.912,10,0,0
8862,2023-01-17 12:30:30.912,0,132358,0
8863,2023-01-17 12:30:30.912,1,4728,0
8864,2023-01-17 12:30:30.912,2,9836,0
8865,2023-01-17 12:30:30.912,7,2129,0
8866,2023-01-17 12:30:30.912,8,303,0
8867,2023-01-17 12:30:30.912,6,990,0
8868,2023-01-17 12:30:30.912,5,CabinetWClass,0
8869,2023-01-17 12:30:30.912,4,explorer.exe,0
8870,2023-01-17 12:30:30.912,3,outputs,0
8871,2023-01-17 12:30:45.053,10,0,0
8872,2023-01-17 12:30:45.053,9,1060,0
8873,2023-01-17 12:30:45.053,5,Qt5QWindowIcon,0
8874,2023-01-17 12:30:45.053,4,DB Browser for SQLite.exe,0
8875,2023-01-17 12:30:45.053,3,test-000101.db,0
8876,2023-01-17 12:30:45.053,11,0,0
8877,2023-01-17 12:30:45.053,1,2748,0
8878,2023-01-17 12:30:45.053,2,2744,0
8879,2023-01-17 12:30:45.053,6,233,0
8880,2023-01-17 12:30:45.053,7,1659,0
8881,2023-01-17 12:30:45.053,8,190,0
8882,2023-01-17 12:30:45.053,0,132726,0
8883,2023-01-17 12:30:46.059,9,748,0
8884,2023-01-17 12:30:46.059,7,1125,0
8885,2023-01-17 12:30:46.059,6,230,0
8886,2023-01-17 12:30:46.059,2,20808,0
8887,2023-01-17 12:30:46.059,0,67084,0
8888,2023-01-17 12:30:46.059,5,ConsoleWindowClass,0
8889,2023-01-17 12:30:46.059,4,VsDebugConsole.exe,0
8890,2023-01-17 12:30:46.059,3,esrv.exe,0
8891,2023-01-17 12:30:46.059,10,0,0
8892,2023-01-17 12:30:46.059,1,20780,0
8893,2023-01-17 12:30:46.059,11,0,0
8894,2023-01-17 12:30:46.059,8,230,0
8895,2023-01-17 12:30:54.266,1,11724,0
8896,2023-01-17 12:30:54.266,2,18596,0
8897,2023-01-17 12:30:54.266,6,-7,0
8898,2023-01-17 12:30:54.266,7,2055,0
8899,2023-01-17 12:30:54.266,8,-7,0
8900,2023-01-17 12:30:54.266,9,1119,0
8901,2023-01-17 12:30:54.266,10,0,0
8902,2023-01-17 12:30:54.266,11,0,0
8903,2023-01-17 12:30:54.266,0,1574304,0
8904,2023-01-17 12:30:54.266,3,DSC 140A - Google Chrome,0
8905,2023-01-17 12:30:54.266,5,Chrome_WidgetWin_1,0
8906,2023-01-17 12:30:54.266,4,chrome.exe,0
8907,2023-01-17 12:34:49.703,8,-7,0
8908,2023-01-17 12:34:49.703,11,0,0
8909,2023-01-17 12:34:49.703,10,0,0
8910,2023-01-17 12:34:49.703,9,1119,0
8911,2023-01-17 12:34:49.703,6,-7,0
8912,2023-01-17 12:34:49.703,1,2024,0
8913,2023-01-17 12:34:49.703,0,131196,0
8914,2023-01-17 12:34:49.703,3,DSC180A_HW_Week4 - Microsoft Visual Studio,0
8915,2023-01-17 12:34:49.703,4,devenv.exe,0
8916,2023-01-17 12:34:49.703,5,HwndWrapper,0
8917,2023-01-17 12:34:49.703,2,1372,0
8918,2023-01-17 12:34:49.703,7,2055,0
8919,2023-01-17 12:36:40.828,1,4728,0
8920,2023-01-17 12:36:40.828,2,9244,0
8921,2023-01-17 12:36:40.828,6,0,0
8922,2023-01-17 12:36:40.828,7,2048,0
8923,2023-01-17 12:36:40.828,8,906,0
8924,2023-01-17 12:36:40.828,9,1112,0
8925,2023-01-17 12:36:40.828,10,0,0
8926,2023-01-17 12:36:40.828,11,1,0
8927,2023-01-17 12:36:40.828,0,131542,0
8928,2023-01-17 12:36:40.828,3,Missing String.,0
8929,2023-01-17 12:36:40.828,4,explorer.exe,0
8930,2023-01-17 12:36:40.828,5,TaskListThumbnailWnd,0
8931,2023-01-17 12:36:41.946,2,2744,0
8932,2023-01-17 12:36:41.946,6,233,0
8933,2023-01-17 12:36:41.946,7,1659,0
8934,2023-01-17 12:36:41.946,8,190,0
8935,2023-01-17 12:36:41.946,9,1060,0
8936,2023-01-17 12:36:41.946,10,0,0
8937,2023-01-17 12:36:41.946,11,0,0
8938,2023-01-17 12:36:41.946,1,2748,0
8939,2023-01-17 12:36:41.946,0,132726,0
8940,2023-01-17 12:36:41.946,5,Qt5QWindowIcon,0
8941,2023-01-17 12:36:41.946,4,DB Browser for SQLite.exe,0
8942,2023-01-17 12:36:41.946,3,test-000101.db,0
8943,2023-01-17 12:36:59.125,1,4728,0
8944,2023-01-17 12:36:59.125,0,131542,0
8945,2023-01-17 12:36:59.125,7,2048,0
8946,2023-01-17 12:36:59.125,8,906,0
8947,2023-01-17 12:36:59.125,9,1112,0
8948,2023-01-17 12:36:59.125,11,1,0
8949,2023-01-17 12:36:59.125,6,0,0
8950,2023-01-17 12:36:59.125,2,9244,0
8951,2023-01-17 12:36:59.125,10,0,0
8952,2023-01-17 12:36:59.125,3,Missing String.,0
8953,2023-01-17 12:36:59.125,5,TaskListThumbnailWnd,0
8954,2023-01-17 12:36:59.125,4,explorer.exe,0
8955,2023-01-17 12:37:00.136,3,"Lab 2 - Git, CI, Writing Testable Code - Google Docs - Google Chrome",0
8956,2023-01-17 12:37:00.136,0,1574304,0
8957,2023-01-17 12:37:00.136,1,11724,0
8958,2023-01-17 12:37:00.136,2,18596,0
8959,2023-01-17 12:37:00.136,6,-7,0
8960,2023-01-17 12:37:00.136,7,2055,0
8961,2023-01-17 12:37:00.136,8,-7,0
8962,2023-01-17 12:37:00.136,4,chrome.exe,0
8963,2023-01-17 12:37:00.136,9,1119,0
8964,2023-01-17 12:37:00.136,11,0,0
8965,2023-01-17 12:37:00.136,10,0,0
8966,2023-01-17 12:37:00.136,5,Chrome_WidgetWin_1,0
8967,2023-01-17 12:53:24.016,0,66158,0
8968,2023-01-17 12:53:24.016,2,7612,0
8969,2023-01-17 12:53:24.016,6,48,0
8970,2023-01-17 12:53:24.016,7,832,0
8971,2023-01-17 12:53:24.016,8,454,0
8972,2023-01-17 12:53:24.016,9,1112,0
8973,2023-01-17 12:53:24.016,10,0,0
8974,2023-01-17 12:53:24.016,11,1,0
8975,2023-01-17 12:53:24.016,1,10044,0
8976,2023-01-17 12:53:24.016,4,SearchApp.exe,0
8977,2023-01-17 12:53:24.016,5,Windows.UI.Core.CoreWindow,0
8978,2023-01-17 12:53:24.016,3,Search,0
8979,2023-01-17 12:53:37.265,3,Missing String.,0
8980,2023-01-17 12:53:37.265,4,explorer.exe,0
8981,2023-01-17 12:53:37.265,11,1,0
8982,2023-01-17 12:53:37.265,5,ApplicationManager_DesktopShellWindow,0
8983,2023-01-17 12:53:37.265,10,0,0
8984,2023-01-17 12:53:37.265,9,0,0
8985,2023-01-17 12:53:37.265,8,0,0
8986,2023-01-17 12:53:37.265,7,0,0
8987,2023-01-17 12:53:37.265,6,0,0
8988,2023-01-17 12:53:37.265,2,9548,0
8989,2023-01-17 12:53:37.265,1,4728,0
8990,2023-01-17 12:53:37.265,0,66044,0
8991,2023-01-17 12:53:39.280,0,132838,0
8992,2023-01-17 12:53:39.280,2,23808,0
8993,2023-01-17 12:53:39.280,10,0,0
8994,2023-01-17 12:53:39.280,7,1488,0
8995,2023-01-17 12:53:39.280,1,25752,0
8996,2023-01-17 12:53:39.280,3,TeamViewer,0
8997,2023-01-17 12:53:39.280,4,TeamViewer.exe,0
8998,2023-01-17 12:53:39.280,5,#32770,0
8999,2023-01-17 12:53:39.280,8,295,0
9000,2023-01-17 12:53:39.280,9,860,0
9001,2023-01-17 12:53:39.280,11,0,0
9002,2023-01-17 12:53:39.280,6,604,0
9003,2023-01-17 12:53:49.364,1,11724,0
9004,2023-01-17 12:53:49.364,11,0,0
9005,2023-01-17 12:53:49.364,10,0,0
9006,2023-01-17 12:53:49.364,9,1119,0
9007,2023-01-17 12:53:49.364,8,-7,0
9008,2023-01-17 12:53:49.364,7,2055,0
9009,2023-01-17 12:53:49.364,6,-7,0
9010,2023-01-17 12:53:49.364,0,1574304,0
9011,2023-01-17 12:53:49.364,2,18596,0
9012,2023-01-17 12:53:49.364,5,Chrome_WidgetWin_1,0
9013,2023-01-17 12:53:49.364,3,shutters - Google Search - Google Chrome,0
9014,2023-01-17 12:53:49.364,4,chrome.exe,0
9015,2023-01-17 12:56:25.847,10,0,0
9016,2023-01-17 12:56:25.847,6,469,0
9017,2023-01-17 12:56:25.847,2,23808,0
9018,2023-01-17 12:56:25.847,1,25752,0
9019,2023-01-17 12:56:25.847,0,132838,0
9020,2023-01-17 12:56:25.847,3,TeamViewer,0
9021,2023-01-17 12:56:25.847,11,0,0
9022,2023-01-17 12:56:25.847,9,810,0
9023,2023-01-17 12:56:25.847,8,245,0
9024,2023-01-17 12:56:25.847,5,#32770,0
9025,2023-01-17 12:56:25.847,7,1353,0
9026,2023-01-17 12:56:25.847,4,TeamViewer.exe,0
9027,2023-01-17 12:56:32.918,1,25048,0
9028,2023-01-17 12:56:32.918,2,26380,0
9029,2023-01-17 12:56:32.918,6,179,0
9030,2023-01-17 12:56:32.918,7,1715,0
9031,2023-01-17 12:56:32.918,8,179,0
9032,2023-01-17 12:56:32.918,0,198364,0
9033,2023-01-17 12:56:32.918,10,0,0
9034,2023-01-17 12:56:32.918,9,993,0
9035,2023-01-17 12:56:32.918,3,Missing String.,0
9036,2023-01-17 12:56:32.918,11,0,0
9037,2023-01-17 12:56:32.918,4,mshta.exe,0
9038,2023-01-17 12:56:32.918,5,HTML Application Host Window Class,0
9039,2023-01-17 12:56:34.932,0,1574304,0
9040,2023-01-17 12:56:34.932,1,11724,0
9041,2023-01-17 12:56:34.932,2,18596,0
9042,2023-01-17 12:56:34.932,7,2055,0
9043,2023-01-17 12:56:34.932,6,-7,0
9044,2023-01-17 12:56:34.932,5,Chrome_WidgetWin_1,0
9045,2023-01-17 12:56:34.932,11,0,0
9046,2023-01-17 12:56:34.932,8,-7,0
9047,2023-01-17 12:56:34.932,10,0,0
9048,2023-01-17 12:56:34.932,3,"Inbox (6,788) - tcn002@ucsd.edu - UC San Diego Mail - Google Chrome",0
9049,2023-01-17 12:56:34.932,4,chrome.exe,0
9050,2023-01-17 12:56:34.932,9,1119,0
9051,2023-01-17 13:08:41.288,9,748,0
9052,2023-01-17 13:08:41.288,4,VsDebugConsole.exe,0
9053,2023-01-17 13:08:41.288,10,0,0
9054,2023-01-17 13:08:41.288,11,0,0
9055,2023-01-17 13:08:41.288,8,230,0
9056,2023-01-17 13:08:41.288,7,1125,0
9057,2023-01-17 13:08:41.288,5,ConsoleWindowClass,0
9058,2023-01-17 13:08:41.288,2,20808,0
9059,2023-01-17 13:08:41.288,1,20780,0
9060,2023-01-17 13:08:41.288,0,67084,0
9061,2023-01-17 13:08:41.288,6,230,0
9062,2023-01-17 13:08:41.288,3,esrv.exe,0
9063,2023-01-17 23:24:41.356,2,18596,0
9064,2023-01-17 23:24:41.356,6,20,0
9065,2023-01-17 23:24:41.356,7,2048,0
9066,2023-01-17 23:24:41.356,8,166,0
9067,2023-01-17 23:24:41.356,9,1105,0
9068,2023-01-17 23:24:41.356,10,0,0
9069,2023-01-17 23:24:41.356,11,0,0
9070,2023-01-17 23:24:41.356,1,11724,0
9071,2023-01-17 23:24:41.356,0,263624,0
9072,2023-01-17 23:24:41.356,4,s0,0
9073,2023-01-17 23:24:41.356,3,Calendar - Google Chrome,0
9074,2023-01-17 23:24:41.356,4,chrome.exe,0
9075,2023-01-17 23:24:41.356,5,Chrome_WidgetWin_1,0
9076,2023-01-17 23:24:45.413,2,9244,0
9077,2023-01-17 23:24:45.413,1,4728,0
9078,2023-01-17 23:24:45.413,0,131542,0
9079,2023-01-17 23:24:45.414,6,0,0
9080,2023-01-17 23:24:45.414,3,Missing String.,0
9081,2023-01-17 23:24:45.414,5,TaskListThumbnailWnd,0
9082,2023-01-17 23:24:45.425,11,1,0
9083,2023-01-17 23:24:45.425,10,0,0
9084,2023-01-17 23:24:45.425,9,1112,0
9085,2023-01-17 23:24:45.425,8,906,0
9086,2023-01-17 23:24:45.425,7,2048,0
9087,2023-01-17 23:24:45.425,4,explorer.exe,0
9088,2023-01-17 23:24:46.488,9,1112,0
9089,2023-01-17 23:24:46.488,0,67034,0
9090,2023-01-17 23:24:46.488,11,0,0
9091,2023-01-17 23:24:46.488,2,18596,0
9092,2023-01-17 23:24:46.488,7,2048,0
9093,2023-01-17 23:24:46.488,8,202,0
9094,2023-01-17 23:24:46.488,10,0,0
9095,2023-01-17 23:24:46.488,1,11724,0
9096,2023-01-17 23:24:46.488,6,574,0
9097,2023-01-17 23:24:46.488,3,[CSE 110] Weekly Reading - Google Docs - Google Chrome,0
9098,2023-01-17 23:24:46.488,4,chrome.exe,0
9099,2023-01-17 23:24:46.488,5,Chrome_WidgetWin_1,0
9100,2023-01-17 23:24:47.629,10,0,0
9101,2023-01-17 23:24:47.629,7,2048,0
9102,2023-01-17 23:24:47.629,6,0,0
9103,2023-01-17 23:24:47.629,2,9244,0
9104,2023-01-17 23:24:47.629,1,4728,0
9105,2023-01-17 23:24:47.629,0,131542,0
9106,2023-01-17 23:24:47.629,3,Missing String.,0
9107,2023-01-17 23:24:47.629,8,906,0
9108,2023-01-17 23:24:47.629,4,explorer.exe,0
9109,2023-01-17 23:24:47.629,11,1,0
9110,2023-01-17 23:24:47.629,5,TaskListThumbnailWnd,0
9111,2023-01-17 23:24:47.629,9,1112,0
9112,2023-01-17 23:24:48.663,0,263624,0
9113,2023-01-17 23:24:48.663,1,11724,0
9114,2023-01-17 23:24:48.663,2,18596,0
9115,2023-01-17 23:24:48.663,6,30,0
9116,2023-01-17 23:24:48.663,7,2058,0
9117,2023-01-17 23:24:48.663,9,939,0
9118,2023-01-17 23:24:48.663,10,0,0
9119,2023-01-17 23:24:48.663,11,0,0
9120,2023-01-17 23:24:48.663,8,0,0
9121,2023-01-17 23:24:48.663,3,Calendar - Google Chrome,0
9122,2023-01-17 23:24:48.663,4,chrome.exe,0
9123,2023-01-17 23:24:48.663,5,Chrome_WidgetWin_1,0
9124,2023-01-17 23:24:50.226,11,1,0
9125,2023-01-17 23:24:50.226,10,0,0
9126,2023-01-17 23:24:50.226,9,636,0
9127,2023-01-17 23:24:50.226,8,475,0
9128,2023-01-17 23:24:50.226,7,1364,0
9129,2023-01-17 23:24:50.226,6,684,0
9130,2023-01-17 23:24:50.226,1,4728,0
9131,2023-01-17 23:24:50.226,2,11624,0
9132,2023-01-17 23:24:50.226,5,Shell_SystemDialog,0
9133,2023-01-17 23:24:50.226,4,explorer.exe,0
9134,2023-01-17 23:24:50.226,3,Your battery is running low.,0
9135,2023-01-17 23:24:50.226,0,395292,0
9136,2023-01-17 23:25:06.458,8,-7,0
9137,2023-01-17 23:25:06.458,5,Chrome_WidgetWin_1,0
9138,2023-01-17 23:25:06.458,4,chrome.exe,0
9139,2023-01-17 23:25:06.458,3,Team QA (CCG DCA UCSD-HDSI Capstone) | Microsoft Teams - Google Chrome,0
9140,2023-01-17 23:25:06.458,0,1574304,0
9141,2023-01-17 23:25:06.458,2,18596,0
9142,2023-01-17 23:25:06.458,6,-7,0
9143,2023-01-17 23:25:06.458,7,2055,0
9144,2023-01-17 23:25:06.458,9,1119,0
9145,2023-01-17 23:25:06.458,1,11724,0
9146,2023-01-17 23:25:06.458,11,0,0
9147,2023-01-17 23:25:06.458,10,0,0
9148,2023-01-17 23:27:50.664,1,4728,0
9149,2023-01-17 23:27:50.664,2,9244,0
9150,2023-01-17 23:27:50.664,0,131542,0
9151,2023-01-17 23:27:50.664,6,0,0
9152,2023-01-17 23:27:50.664,7,2048,0
9153,2023-01-17 23:27:50.664,8,906,0
9154,2023-01-17 23:27:50.664,9,1112,0
9155,2023-01-17 23:27:50.664,3,Missing String.,0
9156,2023-01-17 23:27:50.664,5,TaskListThumbnailWnd,0
9157,2023-01-17 23:27:50.665,11,1,0
9158,2023-01-17 23:27:50.665,10,0,0
9159,2023-01-17 23:27:50.665,4,explorer.exe,0
9160,2023-01-17 23:27:52.689,3,[CSE 110] Weekly Reading - Google Docs - Google Chrome,0
9161,2023-01-17 23:27:52.689,4,chrome.exe,0
9162,2023-01-17 23:27:52.689,5,Chrome_WidgetWin_1,0
9163,2023-01-17 23:27:52.689,11,0,0
9164,2023-01-17 23:27:52.689,10,0,0
9165,2023-01-17 23:27:52.689,7,2048,0
9166,2023-01-17 23:27:52.689,9,1112,0
9167,2023-01-17 23:27:52.689,8,202,0
9168,2023-01-17 23:27:52.689,2,18596,0
9169,2023-01-17 23:27:52.689,1,11724,0
9170,2023-01-17 23:27:52.689,0,67034,0
9171,2023-01-17 23:27:52.689,6,574,0
9172,2023-01-17 23:39:52.258,3,Search,0
9173,2023-01-17 23:39:52.258,5,Windows.UI.Core.CoreWindow,0
9174,2023-01-17 23:39:52.258,4,SearchApp.exe,0
9175,2023-01-17 23:39:52.258,11,1,0
9176,2023-01-17 23:39:52.258,0,66158,0
9177,2023-01-17 23:39:52.258,1,10044,0
9178,2023-01-17 23:39:52.258,2,7612,0
9179,2023-01-17 23:39:52.258,6,48,0
9180,2023-01-17 23:39:52.258,7,832,0
9181,2023-01-17 23:39:52.258,8,454,0
9182,2023-01-17 23:39:52.258,9,1112,0
9183,2023-01-17 23:39:52.258,10,0,0
9184,2023-01-17 23:39:57.316,0,591928,0
9185,2023-01-17 23:39:57.316,3,Microsoft Visual Studio Community 2019,0
9186,2023-01-17 23:39:57.316,5,VSSplash,0
9187,2023-01-17 23:39:57.316,4,devenv.exe,0
9188,2023-01-17 23:39:57.316,10,0,0
9189,2023-01-17 23:39:57.316,1,27292,0
9190,2023-01-17 23:39:57.316,2,468,0
9191,2023-01-17 23:39:57.316,6,616,0
9192,2023-01-17 23:39:57.316,7,1432,0
9193,2023-01-17 23:39:57.316,8,324,0
9194,2023-01-17 23:39:57.316,9,828,0
9195,2023-01-17 23:39:57.316,11,0,0
9196,2023-01-17 23:40:00.344,6,26,0
9197,2023-01-17 23:40:00.344,0,590454,0
9198,2023-01-17 23:40:00.344,11,0,0
9199,2023-01-17 23:40:00.344,10,0,0
9200,2023-01-17 23:40:00.344,9,544,0
9201,2023-01-17 23:40:00.344,1,23204,0
9202,2023-01-17 23:40:00.344,7,921,0
9203,2023-01-17 23:40:00.344,2,8748,0
9204,2023-01-17 23:40:00.344,8,26,0
9205,2023-01-17 23:40:00.344,3,esrv.exe,0
9206,2023-01-17 23:40:00.344,4,VsDebugConsole.exe,0
9207,2023-01-17 23:40:00.344,5,ConsoleWindowClass,0
9208,2023-01-17 23:40:03.584,1,11724,0
9209,2023-01-17 23:40:03.584,0,1574304,0
9210,2023-01-17 23:40:03.584,4,chrome.exe,0
9211,2023-01-17 23:40:03.584,2,18596,0
9212,2023-01-17 23:40:03.584,6,-7,0
9213,2023-01-17 23:40:03.584,7,2055,0
9214,2023-01-17 23:40:03.584,8,-7,0
9215,2023-01-17 23:40:03.584,9,1119,0
9216,2023-01-17 23:40:03.584,10,0,0
9217,2023-01-17 23:40:03.584,11,0,0
9218,2023-01-17 23:40:03.584,3,What happens to PhD students who don't finish their degree? - thynguyentoan1316@gmail.com - Gmail - Google Chrome,0
9219,2023-01-17 23:40:03.584,5,Chrome_WidgetWin_1,0
9220,2023-01-17 23:40:04.836,6,26,0
9221,2023-01-17 23:40:04.836,8,26,0
9222,2023-01-17 23:40:04.836,1,23204,0
9223,2023-01-17 23:40:04.836,0,590454,0
9224,2023-01-17 23:40:04.836,9,544,0
9225,2023-01-17 23:40:04.836,10,0,0
9226,2023-01-17 23:40:04.836,11,0,0
9227,2023-01-17 23:40:04.836,3,esrv.exe,0
9228,2023-01-17 23:40:04.836,4,VsDebugConsole.exe,0
9229,2023-01-17 23:40:04.836,5,ConsoleWindowClass,0
9230,2023-01-17 23:40:04.836,7,921,0
9231,2023-01-17 23:40:04.836,2,8748,0
9232,2023-01-17 23:40:05.845,3,What happens to PhD students who don't finish their degree? - thynguyentoan1316@gmail.com - Gmail - Google Chrome,0
9233,2023-01-17 23:40:05.845,4,chrome.exe,0
9234,2023-01-17 23:40:05.845,5,Chrome_WidgetWin_1,0
9235,2023-01-17 23:40:05.845,11,0,0
9236,2023-01-17 23:40:05.845,0,1574304,0
9237,2023-01-17 23:40:05.845,9,1119,0
9238,2023-01-17 23:40:05.845,8,-7,0
9239,2023-01-17 23:40:05.845,7,2055,0
9240,2023-01-17 23:40:05.845,10,0,0
9241,2023-01-17 23:40:05.845,2,18596,0
9242,2023-01-17 23:40:05.845,1,11724,0
9243,2023-01-17 23:40:05.845,6,-7,0
9244,2023-01-17 23:42:25.982,3,Microsoft Visual Studio,0
9245,2023-01-17 23:42:25.982,0,264240,0
9246,2023-01-17 23:42:25.982,11,0,0
9247,2023-01-17 23:42:25.982,1,27292,0
9248,2023-01-17 23:42:25.982,2,27652,0
9249,2023-01-17 23:42:25.982,6,512,0
9250,2023-01-17 23:42:25.982,7,1536,0
9251,2023-01-17 23:42:25.982,8,216,0
9252,2023-01-17 23:42:25.982,9,896,0
9253,2023-01-17 23:42:25.982,10,0,0
9254,2023-01-17 23:42:25.982,5,HwndWrapper,0
9255,2023-01-17 23:42:25.982,4,devenv.exe,0
9256,2023-01-17 23:42:30.022,11,0,0
9257,2023-01-17 23:42:30.022,10,0,0
9258,2023-01-17 23:42:30.022,9,1119,0
9259,2023-01-17 23:42:30.022,8,-7,0
9260,2023-01-17 23:42:30.022,6,-7,0
9261,2023-01-17 23:42:30.022,2,18596,0
9262,2023-01-17 23:42:30.022,1,11724,0
9263,2023-01-17 23:42:30.022,0,1574304,0
9264,2023-01-17 23:42:30.022,7,2055,0
9265,2023-01-17 23:42:30.022,4,chrome.exe,0
9266,2023-01-17 23:42:30.022,3,homework.pdf - Google Chrome,0
9267,2023-01-17 23:42:30.022,5,Chrome_WidgetWin_1,0
9268,2023-01-17 23:42:32.032,10,0,0
9269,2023-01-17 23:42:32.032,9,1112,0
9270,2023-01-17 23:42:32.032,8,454,0
9271,2023-01-17 23:42:32.032,7,832,0
9272,2023-01-17 23:42:32.032,6,48,0
9273,2023-01-17 23:42:32.032,2,7612,0
9274,2023-01-17 23:42:32.032,1,10044,0
9275,2023-01-17 23:42:32.032,3,Search,0
9276,2023-01-17 23:42:32.032,11,1,0
9277,2023-01-17 23:42:32.032,5,Windows.UI.Core.CoreWindow,0
9278,2023-01-17 23:42:32.032,4,SearchApp.exe,0
9279,2023-01-17 23:42:32.032,0,66158,0
9280,2023-01-17 23:42:37.084,8,0,0
9281,2023-01-17 23:42:37.084,7,0,0
9282,2023-01-17 23:42:37.084,6,0,0
9283,2023-01-17 23:42:37.084,2,9548,0
9284,2023-01-17 23:42:37.084,0,66044,0
9285,2023-01-17 23:42:37.084,9,0,0
9286,2023-01-17 23:42:37.084,3,Missing String.,0
9287,2023-01-17 23:42:37.084,4,explorer.exe,0
9288,2023-01-17 23:42:37.084,5,ApplicationManager_DesktopShellWindow,0
9289,2023-01-17 23:42:37.084,1,4728,0
9290,2023-01-17 23:42:37.084,10,0,0
9291,2023-01-17 23:42:37.084,11,1,0
9292,2023-01-17 23:42:38.094,3,Visual Studio Code,0
9293,2023-01-17 23:42:38.094,0,721644,0
9294,2023-01-17 23:42:38.094,1,14188,0
9295,2023-01-17 23:42:38.094,4,Code.exe,0
9296,2023-01-17 23:42:38.094,6,564,0
9297,2023-01-17 23:42:38.094,7,1906,0
9298,2023-01-17 23:42:38.094,2,27696,0
9299,2023-01-17 23:42:38.094,9,1028,0
9300,2023-01-17 23:42:38.094,10,0,0
9301,2023-01-17 23:42:38.094,11,0,0
9302,2023-01-17 23:42:38.094,5,Chrome_WidgetWin_1,0
9303,2023-01-17 23:42:38.094,8,202,0
9304,2023-01-17 23:43:09.408,3,Setup,0
9305,2023-01-17 23:43:09.408,4,CodeSetup-stable-97dec172d3256f8ca4bfb2143f3f76b503ca0534.tmp,0
9306,2023-01-17 23:43:09.408,5,TApplication,0
9307,2023-01-17 23:43:09.408,2,4528,0
9308,2023-01-17 23:43:09.408,11,0,0
9309,2023-01-17 23:43:09.408,1,15924,0
9310,2023-01-17 23:43:09.408,9,576,0
9311,2023-01-17 23:43:09.408,0,460844,0
9312,2023-01-17 23:43:09.408,6,1024,0
9313,2023-01-17 23:43:09.408,7,1024,0
9314,2023-01-17 23:43:09.408,8,576,0
9315,2023-01-17 23:43:09.408,10,0,0
9316,2023-01-17 23:43:11.425,0,721644,0
9317,2023-01-17 23:43:11.425,3,hw1.ipynb - Visual Studio Code,0
9318,2023-01-17 23:43:11.425,4,Code.exe,0
9319,2023-01-17 23:43:11.425,5,Chrome_WidgetWin_1,0
9320,2023-01-17 23:43:11.425,1,14188,0
9321,2023-01-17 23:43:11.425,11,0,0
9322,2023-01-17 23:43:11.425,10,0,0
9323,2023-01-17 23:43:11.425,9,1058,0
9324,2023-01-17 23:43:11.425,8,232,0
9325,2023-01-17 23:43:11.425,7,1903,0
9326,2023-01-17 23:43:11.425,6,561,0
9327,2023-01-17 23:43:11.425,2,27696,0
9328,2023-01-17 23:43:16.478,5,Chrome_WidgetWin_1,0
9329,2023-01-17 23:43:16.478,4,chrome.exe,0
9330,2023-01-17 23:43:16.478,3,mgao - External Mattermost - Google Chrome,0
9331,2023-01-17 23:43:16.478,2,18596,0
9332,2023-01-17 23:43:16.478,10,0,0
9333,2023-01-17 23:43:16.478,0,1574304,0
9334,2023-01-17 23:43:16.478,1,11724,0
9335,2023-01-17 23:43:16.478,6,-7,0
9336,2023-01-17 23:43:16.478,7,2055,0
9337,2023-01-17 23:43:16.478,8,-7,0
9338,2023-01-17 23:43:16.478,11,0,0
9339,2023-01-17 23:43:16.478,9,1119,0
9340,2023-01-17 23:43:22.544,3,hw1.ipynb - Visual Studio Code,0
9341,2023-01-17 23:43:22.544,4,Code.exe,0
9342,2023-01-17 23:43:22.544,7,1913,0
9343,2023-01-17 23:43:22.544,0,721644,0
9344,2023-01-17 23:43:22.544,1,14188,0
9345,2023-01-17 23:43:22.544,2,27696,0
9346,2023-01-17 23:43:22.544,11,0,0
9347,2023-01-17 23:43:22.544,10,0,0
9348,2023-01-17 23:43:22.544,9,994,0
9349,2023-01-17 23:43:22.544,8,168,0
9350,2023-01-17 23:43:22.544,6,571,0
9351,2023-01-17 23:43:22.544,5,Chrome_WidgetWin_1,0
9352,2023-01-17 23:43:25.576,1,11724,0
9353,2023-01-17 23:43:25.576,4,chrome.exe,0
9354,2023-01-17 23:43:25.576,10,0,0
9355,2023-01-17 23:43:25.576,9,1119,0
9356,2023-01-17 23:43:25.576,8,-7,0
9357,2023-01-17 23:43:25.576,7,2055,0
9358,2023-01-17 23:43:25.576,6,-7,0
9359,2023-01-17 23:43:25.576,0,1574304,0
9360,2023-01-17 23:43:25.576,2,18596,0
9361,2023-01-17 23:43:25.576,11,0,0
9362,2023-01-17 23:43:25.576,3,miloncl/Dsc180b - Google Chrome,0
9363,2023-01-17 23:43:25.576,5,Chrome_WidgetWin_1,0
9364,2023-01-17 23:44:39.266,8,168,0
9365,2023-01-17 23:44:39.266,9,994,0
9366,2023-01-17 23:44:39.266,10,0,0
9367,2023-01-17 23:44:39.266,11,0,0
9368,2023-01-17 23:44:39.266,7,1913,0
9369,2023-01-17 23:44:39.266,6,571,0
9370,2023-01-17 23:44:39.266,1,14188,0
9371,2023-01-17 23:44:39.266,2,27696,0
9372,2023-01-17 23:44:39.266,0,721644,0
9373,2023-01-17 23:44:39.266,3,hw1.ipynb - Visual Studio Code,0
9374,2023-01-17 23:44:39.266,5,Chrome_WidgetWin_1,0
9375,2023-01-17 23:44:39.266,4,Code.exe,0
9376,2023-01-17 23:44:57.443,11,0,0
9377,2023-01-17 23:44:57.443,10,0,0
9378,2023-01-17 23:44:57.443,9,1119,0
9379,2023-01-17 23:44:57.443,8,-7,0
9380,2023-01-17 23:44:57.443,7,2055,0
9381,2023-01-17 23:44:57.443,6,-7,0
9382,2023-01-17 23:44:57.443,1,11724,0
9383,2023-01-17 23:44:57.443,2,18596,0
9384,2023-01-17 23:44:57.443,3,Campuswire - Google Chrome,0
9385,2023-01-17 23:44:57.443,4,chrome.exe,0
9386,2023-01-17 23:44:57.443,5,Chrome_WidgetWin_1,0
9387,2023-01-17 23:44:57.443,0,1574304,0
9388,2023-01-18 01:43:07.157,10,0,0
9389,2023-01-18 01:43:07.157,9,1084,0
9390,2023-01-18 01:43:07.157,8,258,0
9391,2023-01-18 01:43:07.157,7,2344,0
9392,2023-01-18 01:43:07.157,6,1002,0
9393,2023-01-18 01:43:07.157,2,27696,0
9394,2023-01-18 01:43:07.157,0,721644,0
9395,2023-01-18 01:43:07.157,5,Chrome_WidgetWin_1,0
9396,2023-01-18 01:43:07.157,3,hw1.ipynb - Visual Studio Code,0
9397,2023-01-18 01:43:07.157,1,14188,0
9398,2023-01-18 01:43:07.158,11,0,0
9399,2023-01-18 01:43:07.158,4,Code.exe,0
9400,2023-01-18 01:44:49.059,11,0,0
9401,2023-01-18 01:44:49.059,10,0,0
9402,2023-01-18 01:44:49.059,9,1119,0
9403,2023-01-18 01:44:49.059,8,-7,0
9404,2023-01-18 01:44:49.059,5,Chrome_WidgetWin_1,0
9405,2023-01-18 01:44:49.059,2,18596,0
9406,2023-01-18 01:44:49.059,1,11724,0
9407,2023-01-18 01:44:49.059,0,1574304,0
9408,2023-01-18 01:44:49.059,3,[DSC 140A] Homework 1 - Google Docs - Google Chrome,0
9409,2023-01-18 01:44:49.059,4,chrome.exe,0
9410,2023-01-18 01:44:49.059,6,-7,0
9411,2023-01-18 01:44:49.059,7,2055,0
9412,2023-01-18 01:44:57.107,0,657530,0
9413,2023-01-18 01:44:57.107,1,19752,0
9414,2023-01-18 01:44:57.107,2,10300,0
9415,2023-01-18 01:44:57.107,6,1688,0
9416,2023-01-18 01:44:57.107,7,2048,0
9417,2023-01-18 01:44:57.107,8,1012,0
9418,2023-01-18 01:44:57.107,10,0,0
9419,2023-01-18 01:44:57.107,3,Volume Control,0
9420,2023-01-18 01:44:57.107,11,1,0
9421,2023-01-18 01:44:57.107,9,1112,0
9422,2023-01-18 01:44:57.107,4,ShellExperienceHost.exe,0
9423,2023-01-18 01:44:57.107,5,Windows.UI.Core.CoreWindow,0
9424,2023-01-18 01:45:00.239,3,Missing String.,0
9425,2023-01-18 01:45:00.239,4,explorer.exe,0
9426,2023-01-18 01:45:00.239,5,Shell_TrayWnd,0
9427,2023-01-18 01:45:00.239,0,65908,0
9428,2023-01-18 01:45:00.239,1,4728,0
9429,2023-01-18 01:45:00.239,2,9244,0
9430,2023-01-18 01:45:00.239,6,0,0
9431,2023-01-18 01:45:00.239,7,2048,0
9432,2023-01-18 01:45:00.239,8,1112,0
9433,2023-01-18 01:45:00.239,11,1,0
9434,2023-01-18 01:45:00.239,10,0,0
9435,2023-01-18 01:45:00.239,9,1152,0
9436,2023-01-18 01:45:01.253,0,984498,0
9437,2023-01-18 01:45:01.253,7,1988,0
9438,2023-01-18 01:45:01.253,8,926,0
9439,2023-01-18 01:45:01.253,9,1112,0
9440,2023-01-18 01:45:01.253,10,0,0
9441,2023-01-18 01:45:01.253,11,1,0
9442,2023-01-18 01:45:01.253,6,1628,0
9443,2023-01-18 01:45:01.253,2,25028,0
9444,2023-01-18 01:45:01.253,1,19752,0
9445,2023-01-18 01:45:01.253,5,Windows.UI.Core.CoreWindow,0
9446,2023-01-18 01:45:01.253,4,ShellExperienceHost.exe,0
9447,2023-01-18 01:45:01.253,3,Battery Information,0
9448,2023-01-18 01:45:06.295,8,-7,0
9449,2023-01-18 01:45:06.295,0,1574304,0
9450,2023-01-18 01:45:06.295,1,11724,0
9451,2023-01-18 01:45:06.295,2,18596,0
9452,2023-01-18 01:45:06.295,6,-7,0
9453,2023-01-18 01:45:06.295,7,2055,0
9454,2023-01-18 01:45:06.295,5,Chrome_WidgetWin_1,0
9455,2023-01-18 01:45:06.295,9,1119,0
9456,2023-01-18 01:45:06.295,10,0,0
9457,2023-01-18 01:45:06.295,11,0,0
9458,2023-01-18 01:45:06.295,4,chrome.exe,0
9459,2023-01-18 01:45:06.295,3,[DSC 140A] Homework 1 - Google Docs - Google Chrome,0
9460,2023-01-18 01:46:06.851,1,14188,0
9461,2023-01-18 01:46:06.851,2,27696,0
9462,2023-01-18 01:46:06.851,6,-7,0
9463,2023-01-18 01:46:06.851,7,2055,0
9464,2023-01-18 01:46:06.851,8,-7,0
9465,2023-01-18 01:46:06.851,9,1119,0
9466,2023-01-18 01:46:06.851,10,0,0
9467,2023-01-18 01:46:06.851,11,0,0
9468,2023-01-18 01:46:06.851,3,hw1.ipynb - Visual Studio Code,0
9469,2023-01-18 01:46:06.851,4,Code.exe,0
9470,2023-01-18 01:46:06.851,5,Chrome_WidgetWin_1,0
9471,2023-01-18 01:46:06.851,0,721644,0
9472,2023-01-18 01:47:10.378,10,0,0
9473,2023-01-18 01:47:10.378,9,1119,0
9474,2023-01-18 01:47:10.378,0,1574304,0
9475,2023-01-18 01:47:10.378,1,11724,0
9476,2023-01-18 01:47:10.378,2,18596,0
9477,2023-01-18 01:47:10.378,6,-7,0
9478,2023-01-18 01:47:10.378,3,[DSC 140A] Homework 1 - Google Docs - Google Chrome,0
9479,2023-01-18 01:47:10.378,4,chrome.exe,0
9480,2023-01-18 01:47:10.378,5,Chrome_WidgetWin_1,0
9481,2023-01-18 01:47:10.378,8,-7,0
9482,2023-01-18 01:47:10.378,7,2055,0
9483,2023-01-18 01:47:10.378,11,0,0
9484,2023-01-18 01:47:15.427,11,0,0
9485,2023-01-18 01:47:15.427,10,0,0
9486,2023-01-18 01:47:15.427,9,1119,0
9487,2023-01-18 01:47:15.427,8,-7,0
9488,2023-01-18 01:47:15.427,7,2055,0
9489,2023-01-18 01:47:15.427,6,-7,0
9490,2023-01-18 01:47:15.427,3,hw1.ipynb - Visual Studio Code,0
9491,2023-01-18 01:47:15.427,1,14188,0
9492,2023-01-18 01:47:15.427,0,721644,0
9493,2023-01-18 01:47:15.427,2,27696,0
9494,2023-01-18 01:47:15.427,5,Chrome_WidgetWin_1,0
9495,2023-01-18 01:47:15.427,4,Code.exe,0
9496,2023-01-18 01:48:02.775,11,0,0
9497,2023-01-18 01:48:02.775,10,0,0
9498,2023-01-18 01:48:02.775,8,-7,0
9499,2023-01-18 01:48:02.775,7,2055,0
9500,2023-01-18 01:48:02.775,9,1119,0
9501,2023-01-18 01:48:02.775,2,18596,0
9502,2023-01-18 01:48:02.775,0,1574304,0
9503,2023-01-18 01:48:02.775,3,[DSC 140A] Homework 1 - Google Docs - Google Chrome,0
9504,2023-01-18 01:48:02.775,4,chrome.exe,0
9505,2023-01-18 01:48:02.775,5,Chrome_WidgetWin_1,0
9506,2023-01-18 01:48:02.775,6,-7,0
9507,2023-01-18 01:48:02.775,1,11724,0
9508,2023-01-18 01:50:44.629,0,721644,0
9509,2023-01-18 01:50:44.629,1,14188,0
9510,2023-01-18 01:50:44.629,2,27696,0
9511,2023-01-18 01:50:44.630,6,-7,0
9512,2023-01-18 01:50:44.630,7,2055,0
9513,2023-01-18 01:50:44.630,8,-7,0
9514,2023-01-18 01:50:44.630,9,1119,0
9515,2023-01-18 01:50:44.630,10,0,0
9516,2023-01-18 01:50:44.630,11,0,0
9517,2023-01-18 01:50:44.630,5,Chrome_WidgetWin_1,0
9518,2023-01-18 01:50:44.630,3,hw1.ipynb* - Visual Studio Code,0
9519,2023-01-18 01:50:44.630,4,Code.exe,0
9520,2023-01-18 01:51:17.938,7,2055,0
9521,2023-01-18 01:51:17.938,2,1372,0
9522,2023-01-18 01:51:17.938,1,2024,0
9523,2023-01-18 01:51:17.938,0,131196,0
9524,2023-01-18 01:51:17.938,3,DSC180A_HW_Week4 - Microsoft Visual Studio,0
9525,2023-01-18 01:51:17.938,4,devenv.exe,0
9526,2023-01-18 01:51:17.938,5,HwndWrapper,0
9527,2023-01-18 01:51:17.938,6,-7,0
9528,2023-01-18 01:51:17.938,8,-7,0
9529,2023-01-18 01:51:17.938,9,1119,0
9530,2023-01-18 01:51:17.938,10,0,0
9531,2023-01-18 01:51:17.938,11,0,0
9532,2023-01-18 01:51:20.068,8,-7,0
9533,2023-01-18 01:51:20.068,9,1119,0
9534,2023-01-18 01:51:20.068,10,0,0
9535,2023-01-18 01:51:20.068,11,0,0
9536,2023-01-18 01:51:20.068,6,-7,0
9537,2023-01-18 01:51:20.068,0,721644,0
9538,2023-01-18 01:51:20.068,1,14188,0
9539,2023-01-18 01:51:20.068,7,2055,0
9540,2023-01-18 01:51:20.068,2,27696,0
9541,2023-01-18 01:51:20.068,5,Chrome_WidgetWin_1,0
9542,2023-01-18 01:51:20.068,4,Code.exe,0
9543,2023-01-18 01:51:20.068,3,hw1.ipynb* - Visual Studio Code,0
9544,2023-01-18 01:51:22.080,11,0,0
9545,2023-01-18 01:51:22.080,9,1119,0
9546,2023-01-18 01:51:22.080,8,-7,0
9547,2023-01-18 01:51:22.080,6,-7,0
9548,2023-01-18 01:51:22.080,1,11724,0
9549,2023-01-18 01:51:22.080,0,1574304,0
9550,2023-01-18 01:51:22.080,10,0,0
9551,2023-01-18 01:51:22.080,2,18596,0
9552,2023-01-18 01:51:22.080,7,2055,0
9553,2023-01-18 01:51:22.080,5,Chrome_WidgetWin_1,0
9554,2023-01-18 01:51:22.080,4,chrome.exe,0
9555,2023-01-18 01:51:22.080,3,"Inbox (6,792) - tcn002@ucsd.edu - UC San Diego Mail - Google Chrome",0
9556,2023-01-18 01:56:02.334,5,Chrome_WidgetWin_1,0
9557,2023-01-18 01:56:02.334,4,Code.exe,0
9558,2023-01-18 01:56:02.334,3,hw1.ipynb* - Visual Studio Code,0
9559,2023-01-18 01:56:02.334,0,721644,0
9560,2023-01-18 01:56:02.334,1,14188,0
9561,2023-01-18 01:56:02.334,2,27696,0
9562,2023-01-18 01:56:02.334,6,-7,0
9563,2023-01-18 01:56:02.334,7,2055,0
9564,2023-01-18 01:56:02.334,8,-7,0
9565,2023-01-18 01:56:02.334,9,1119,0
9566,2023-01-18 01:56:02.334,10,0,0
9567,2023-01-18 01:56:02.334,11,0,0
9568,2023-01-18 01:56:08.409,9,1119,0
9569,2023-01-18 01:56:08.409,8,-7,0
9570,2023-01-18 01:56:08.409,7,2055,0
9571,2023-01-18 01:56:08.409,6,-7,0
9572,2023-01-18 01:56:08.409,2,18596,0
9573,2023-01-18 01:56:08.409,1,11724,0
9574,2023-01-18 01:56:08.409,0,1574304,0
9575,2023-01-18 01:56:08.409,11,0,0
9576,2023-01-18 01:56:08.409,5,Chrome_WidgetWin_1,0
9577,2023-01-18 01:56:08.409,4,chrome.exe,0
9578,2023-01-18 01:56:08.409,3,DSC 140A - Google Chrome,0
9579,2023-01-18 01:56:08.409,10,0,0
9580,2023-01-18 01:56:31.605,5,Chrome_WidgetWin_1,0
9581,2023-01-18 01:56:31.605,4,Code.exe,0
9582,2023-01-18 01:56:31.605,3,hw1.ipynb* - Visual Studio Code,0
9583,2023-01-18 01:56:31.605,11,0,0
9584,2023-01-18 01:56:31.605,9,1119,0
9585,2023-01-18 01:56:31.605,8,-7,0
9586,2023-01-18 01:56:31.605,7,2055,0
9587,2023-01-18 01:56:31.605,6,-7,0
9588,2023-01-18 01:56:31.605,2,27696,0
9589,2023-01-18 01:56:31.605,1,14188,0
9590,2023-01-18 01:56:31.605,0,721644,0
9591,2023-01-18 01:56:31.605,10,0,0
9592,2023-01-18 01:57:37.224,3,Snipping Tool,0
9593,2023-01-18 01:57:37.224,4,SnippingTool.exe,0
9594,2023-01-18 01:57:37.224,6,146,0
9595,2023-01-18 01:57:37.224,5,Microsoft-Windows-SnipperEditor,0
9596,2023-01-18 01:57:37.224,9,939,0
9597,2023-01-18 01:57:37.224,10,0,0
9598,2023-01-18 01:57:37.224,11,0,0
9599,2023-01-18 01:57:37.224,7,1000,0
9600,2023-01-18 01:57:37.224,8,417,0
9601,2023-01-18 01:57:37.224,1,19400,0
9602,2023-01-18 01:57:37.224,2,23720,0
9603,2023-01-18 01:57:37.224,0,591420,0
9604,2023-01-18 01:57:38.234,1,14188,0
9605,2023-01-18 01:57:38.234,2,27696,0
9606,2023-01-18 01:57:38.234,6,-7,0
9607,2023-01-18 01:57:38.234,7,2055,0
9608,2023-01-18 01:57:38.234,8,-7,0
9609,2023-01-18 01:57:38.234,0,721644,0
9610,2023-01-18 01:57:38.234,11,0,0
9611,2023-01-18 01:57:38.234,3,hw1.ipynb* - Visual Studio Code,0
9612,2023-01-18 01:57:38.234,4,Code.exe,0
9613,2023-01-18 01:57:38.234,5,Chrome_WidgetWin_1,0
9614,2023-01-18 01:57:38.234,10,0,0
9615,2023-01-18 01:57:38.234,9,1119,0
9616,2023-01-18 01:57:39.247,3,Snipping Tool,0
9617,2023-01-18 01:57:39.247,4,SnippingTool.exe,0
9618,2023-01-18 01:57:39.247,8,93,0
9619,2023-01-18 01:57:39.247,11,0,0
9620,2023-01-18 01:57:39.247,10,0,0
9621,2023-01-18 01:57:39.247,9,356,0
9622,2023-01-18 01:57:39.247,0,525950,0
9623,2023-01-18 01:57:39.247,1,19400,0
9624,2023-01-18 01:57:39.247,2,23720,0
9625,2023-01-18 01:57:39.247,6,404,0
9626,2023-01-18 01:57:39.247,7,801,0
9627,2023-01-18 01:57:39.247,5,Microsoft-Windows-SnipperToolbar,0
9628,2023-01-18 01:57:45.298,3,hw1.ipynb* - Visual Studio Code,0
9629,2023-01-18 01:57:45.298,11,0,0
9630,2023-01-18 01:57:45.298,5,Chrome_WidgetWin_1,0
9631,2023-01-18 01:57:45.298,10,0,0
9632,2023-01-18 01:57:45.298,9,1119,0
9633,2023-01-18 01:57:45.298,8,-7,0
9634,2023-01-18 01:57:45.298,4,Code.exe,0
9635,2023-01-18 01:57:45.298,6,-7,0
9636,2023-01-18 01:57:45.298,2,27696,0
9637,2023-01-18 01:57:45.298,1,14188,0
9638,2023-01-18 01:57:45.298,0,721644,0
9639,2023-01-18 01:57:45.298,7,2055,0
9640,2023-01-18 01:58:05.471,1,19400,0
9641,2023-01-18 01:58:05.471,11,0,0
9642,2023-01-18 01:58:05.471,10,0,0
9643,2023-01-18 01:58:05.471,9,736,0
9644,2023-01-18 01:58:05.471,5,Microsoft-Windows-SnipperEditor,0
9645,2023-01-18 01:58:05.471,4,SnippingTool.exe,0
9646,2023-01-18 01:58:05.471,3,Snipping Tool,0
9647,2023-01-18 01:58:05.471,0,591420,0
9648,2023-01-18 01:58:05.471,8,0,0
9649,2023-01-18 01:58:05.471,2,23720,0
9650,2023-01-18 01:58:05.471,6,275,0
9651,2023-01-18 01:58:05.471,7,1133,0
9652,2023-01-18 01:58:20.633,8,-7,0
9653,2023-01-18 01:58:20.633,11,0,0
9654,2023-01-18 01:58:20.633,10,0,0
9655,2023-01-18 01:58:20.633,9,1119,0
9656,2023-01-18 01:58:20.633,7,2055,0
9657,2023-01-18 01:58:20.633,6,-7,0
9658,2023-01-18 01:58:20.633,0,721644,0
9659,2023-01-18 01:58:20.633,1,14188,0
9660,2023-01-18 01:58:20.633,5,Chrome_WidgetWin_1,0
9661,2023-01-18 01:58:20.633,4,Code.exe,0
9662,2023-01-18 01:58:20.633,3,hw1.ipynb - Visual Studio Code,0
9663,2023-01-18 01:58:20.633,2,27696,0
9664,2023-01-18 01:58:23.676,11,0,0
9665,2023-01-18 01:58:23.676,10,0,0
9666,2023-01-18 01:58:23.676,8,0,0
9667,2023-01-18 01:58:23.676,7,1444,0
9668,2023-01-18 01:58:23.676,9,1037,0
9669,2023-01-18 01:58:23.676,2,23720,0
9670,2023-01-18 01:58:23.676,1,19400,0
9671,2023-01-18 01:58:23.676,0,591420,0
9672,2023-01-18 01:58:23.676,3,Snipping Tool,0
9673,2023-01-18 01:58:23.676,4,SnippingTool.exe,0
9674,2023-01-18 01:58:23.676,6,277,0
9675,2023-01-18 01:58:23.676,5,Microsoft-Windows-SnipperEditor,0
9676,2023-01-18 01:59:34.455,0,131542,0
9677,2023-01-18 01:59:34.455,2,9244,0
9678,2023-01-18 01:59:34.455,6,0,0
9679,2023-01-18 01:59:34.455,7,2048,0
9680,2023-01-18 01:59:34.455,8,906,0
9681,2023-01-18 01:59:34.455,9,1112,0
9682,2023-01-18 01:59:34.455,10,0,0
9683,2023-01-18 01:59:34.455,11,1,0
9684,2023-01-18 01:59:34.455,1,4728,0
9685,2023-01-18 01:59:34.455,3,Missing String.,0
9686,2023-01-18 01:59:34.455,4,explorer.exe,0
9687,2023-01-18 01:59:34.455,5,TaskListThumbnailWnd,0
9688,2023-01-18 01:59:35.469,2,18596,0
9689,2023-01-18 01:59:35.469,6,-7,0
9690,2023-01-18 01:59:35.469,7,2055,0
9691,2023-01-18 01:59:35.469,8,-7,0
9692,2023-01-18 01:59:35.469,9,1119,0
9693,2023-01-18 01:59:35.469,10,0,0
9694,2023-01-18 01:59:35.469,11,0,0
9695,2023-01-18 01:59:35.469,1,11724,0
9696,2023-01-18 01:59:35.469,0,1574304,0
9697,2023-01-18 01:59:35.469,3,homework.pdf - Google Chrome,0
9698,2023-01-18 01:59:35.469,4,chrome.exe,0
9699,2023-01-18 01:59:35.469,5,Chrome_WidgetWin_1,0
9700,2023-01-18 01:59:46.579,11,0,0
9701,2023-01-18 01:59:46.579,9,1119,0
9702,2023-01-18 01:59:46.579,8,-7,0
9703,2023-01-18 01:59:46.579,7,2055,0
9704,2023-01-18 01:59:46.579,6,-7,0
9705,2023-01-18 01:59:46.579,2,27696,0
9706,2023-01-18 01:59:46.579,0,721644,0
9707,2023-01-18 01:59:46.579,10,0,0
9708,2023-01-18 01:59:46.579,5,Chrome_WidgetWin_1,0
9709,2023-01-18 01:59:46.579,4,Code.exe,0
9710,2023-01-18 01:59:46.579,3,hw1.ipynb - Visual Studio Code,0
9711,2023-01-18 01:59:46.579,1,14188,0
9712,2023-01-18 01:59:55.652,3,Snipping Tool,0
9713,2023-01-18 01:59:55.652,5,Microsoft-Windows-SnipperEditor,0
9714,2023-01-18 01:59:55.652,8,0,0
9715,2023-01-18 01:59:55.652,1,19400,0
9716,2023-01-18 01:59:55.652,2,23720,0
9717,2023-01-18 01:59:55.652,6,279,0
9718,2023-01-18 01:59:55.652,7,1441,0
9719,2023-01-18 01:59:55.652,4,SnippingTool.exe,0
9720,2023-01-18 01:59:55.652,9,731,0
9721,2023-01-18 01:59:55.652,10,0,0
9722,2023-01-18 01:59:55.652,11,0,0
9723,2023-01-18 01:59:55.652,0,591420,0
9724,2023-01-18 02:00:04.759,10,0,0
9725,2023-01-18 02:00:04.759,9,1112,0
9726,2023-01-18 02:00:04.759,8,906,0
9727,2023-01-18 02:00:04.759,0,131542,0
9728,2023-01-18 02:00:04.759,6,0,0
9729,2023-01-18 02:00:04.759,1,4728,0
9730,2023-01-18 02:00:04.759,7,2048,0
9731,2023-01-18 02:00:04.759,11,1,0
9732,2023-01-18 02:00:04.759,2,9244,0
9733,2023-01-18 02:00:04.759,5,TaskListThumbnailWnd,0
9734,2023-01-18 02:00:04.759,4,explorer.exe,0
9735,2023-01-18 02:00:04.759,3,Missing String.,0
9736,2023-01-18 02:00:05.767,7,2055,0
9737,2023-01-18 02:00:05.767,5,Chrome_WidgetWin_1,0
9738,2023-01-18 02:00:05.767,4,chrome.exe,0
9739,2023-01-18 02:00:05.767,3,[DSC 140A] Homework 1 - Google Docs - Google Chrome,0
9740,2023-01-18 02:00:05.767,0,1574304,0
9741,2023-01-18 02:00:05.767,1,11724,0
9742,2023-01-18 02:00:05.767,2,18596,0
9743,2023-01-18 02:00:05.767,6,-7,0
9744,2023-01-18 02:00:05.767,8,-7,0
9745,2023-01-18 02:00:05.767,10,0,0
9746,2023-01-18 02:00:05.767,11,0,0
9747,2023-01-18 02:00:05.767,9,1119,0
9748,2023-01-18 02:00:12.832,4,Code.exe,0
9749,2023-01-18 02:00:12.832,0,721644,0
9750,2023-01-18 02:00:12.832,1,14188,0
9751,2023-01-18 02:00:12.832,2,27696,0
9752,2023-01-18 02:00:12.832,6,-7,0
9753,2023-01-18 02:00:12.832,7,2055,0
9754,2023-01-18 02:00:12.832,8,-7,0
9755,2023-01-18 02:00:12.832,9,1119,0
9756,2023-01-18 02:00:12.832,10,0,0
9757,2023-01-18 02:00:12.832,3,hw1.ipynb - Visual Studio Code,0
9758,2023-01-18 02:00:12.832,5,Chrome_WidgetWin_1,0
9759,2023-01-18 02:00:12.832,11,0,0
9760,2023-01-18 02:00:15.858,8,70,0
9761,2023-01-18 02:00:15.858,11,0,0
9762,2023-01-18 02:00:15.858,10,0,0
9763,2023-01-18 02:00:15.858,0,591420,0
9764,2023-01-18 02:00:15.858,9,1103,0
9765,2023-01-18 02:00:15.858,1,19400,0
9766,2023-01-18 02:00:15.858,2,23720,0
9767,2023-01-18 02:00:15.858,6,278,0
9768,2023-01-18 02:00:15.858,7,1368,0
9769,2023-01-18 02:00:15.858,3,Snipping Tool,0
9770,2023-01-18 02:00:15.858,5,Microsoft-Windows-SnipperEditor,0
9771,2023-01-18 02:00:15.858,4,SnippingTool.exe,0
9772,2023-01-18 02:00:28.997,7,2055,0
9773,2023-01-18 02:00:28.997,11,0,0
9774,2023-01-18 02:00:28.997,10,0,0
9775,2023-01-18 02:00:28.997,9,1119,0
9776,2023-01-18 02:00:28.997,8,-7,0
9777,2023-01-18 02:00:28.997,4,chrome.exe,0
9778,2023-01-18 02:00:28.997,5,Chrome_WidgetWin_1,0
9779,2023-01-18 02:00:28.997,0,1574304,0
9780,2023-01-18 02:00:28.997,1,11724,0
9781,2023-01-18 02:00:28.997,2,18596,0
9782,2023-01-18 02:00:28.997,3,[DSC 140A] Homework 1 - Google Docs - Google Chrome,0
9783,2023-01-18 02:00:28.997,6,-7,0
9784,2023-01-18 02:01:12.329,10,0,0
9785,2023-01-18 02:01:12.329,11,0,0
9786,2023-01-18 02:01:12.329,8,-7,0
9787,2023-01-18 02:01:12.329,7,2055,0
9788,2023-01-18 02:01:12.329,6,-7,0
9789,2023-01-18 02:01:12.329,0,721644,0
9790,2023-01-18 02:01:12.329,1,14188,0
9791,2023-01-18 02:01:12.329,5,Chrome_WidgetWin_1,0
9792,2023-01-18 02:01:12.329,4,Code.exe,0
9793,2023-01-18 02:01:12.329,3,hw1.ipynb - Visual Studio Code,0
9794,2023-01-18 02:01:12.329,2,27696,0
9795,2023-01-18 02:01:12.329,9,1119,0
9796,2023-01-18 02:01:16.355,2,23720,0
9797,2023-01-18 02:01:16.355,1,19400,0
9798,2023-01-18 02:01:16.355,6,280,0
9799,2023-01-18 02:01:16.355,7,1728,0
9800,2023-01-18 02:01:16.355,8,0,0
9801,2023-01-18 02:01:16.355,9,1112,0
9802,2023-01-18 02:01:16.355,10,0,0
9803,2023-01-18 02:01:16.355,11,0,0
9804,2023-01-18 02:01:16.355,0,591420,0
9805,2023-01-18 02:01:16.355,5,Microsoft-Windows-SnipperEditor,0
9806,2023-01-18 02:01:16.355,4,SnippingTool.exe,0
9807,2023-01-18 02:01:16.355,3,Snipping Tool,0
9808,2023-01-18 02:01:17.366,10,0,0
9809,2023-01-18 02:01:17.366,5,Chrome_WidgetWin_1,0
9810,2023-01-18 02:01:17.366,4,Code.exe,0
9811,2023-01-18 02:01:17.366,3,hw1.ipynb - Visual Studio Code,0
9812,2023-01-18 02:01:17.366,6,-7,0
9813,2023-01-18 02:01:17.366,8,-7,0
9814,2023-01-18 02:01:17.366,7,2055,0
9815,2023-01-18 02:01:17.366,2,27696,0
9816,2023-01-18 02:01:17.366,1,14188,0
9817,2023-01-18 02:01:17.366,0,721644,0
9818,2023-01-18 02:01:17.366,9,1119,0
9819,2023-01-18 02:01:17.366,11,0,0
9820,2023-01-18 02:01:18.370,3,Snipping Tool,0
9821,2023-01-18 02:01:18.370,0,525950,0
9822,2023-01-18 02:01:18.370,2,23720,0
9823,2023-01-18 02:01:18.370,5,Microsoft-Windows-SnipperToolbar,0
9824,2023-01-18 02:01:18.370,1,19400,0
9825,2023-01-18 02:01:18.370,6,404,0
9826,2023-01-18 02:01:18.370,7,801,0
9827,2023-01-18 02:01:18.370,8,93,0
9828,2023-01-18 02:01:18.370,9,356,0
9829,2023-01-18 02:01:18.370,10,0,0
9830,2023-01-18 02:01:18.370,11,0,0
9831,2023-01-18 02:01:18.370,4,SnippingTool.exe,0
9832,2023-01-18 02:01:23.408,3,DSC180A_HW_Week4 - Microsoft Visual Studio,0
9833,2023-01-18 02:01:23.408,4,devenv.exe,0
9834,2023-01-18 02:01:23.408,5,HwndWrapper,0
9835,2023-01-18 02:01:23.408,0,131196,0
9836,2023-01-18 02:01:23.408,2,1372,0
9837,2023-01-18 02:01:23.408,6,-7,0
9838,2023-01-18 02:01:23.408,7,2055,0
9839,2023-01-18 02:01:23.408,8,-7,0
9840,2023-01-18 02:01:23.408,9,1119,0
9841,2023-01-18 02:01:23.408,10,0,0
9842,2023-01-18 02:01:23.408,11,0,0
9843,2023-01-18 02:01:23.408,1,2024,0
9844,2023-01-18 02:01:24.417,0,591420,0
9845,2023-01-18 02:01:24.417,1,19400,0
9846,2023-01-18 02:01:24.417,2,23720,0
9847,2023-01-18 02:01:24.417,6,284,0
9848,2023-01-18 02:01:24.417,7,814,0
9849,2023-01-18 02:01:24.417,8,322,0
9850,2023-01-18 02:01:24.417,10,0,0
9851,2023-01-18 02:01:24.417,9,1108,0
9852,2023-01-18 02:01:24.417,3,Snipping Tool,0
9853,2023-01-18 02:01:24.417,4,SnippingTool.exe,0
9854,2023-01-18 02:01:24.417,5,Microsoft-Windows-SnipperEditor,0
9855,2023-01-18 02:01:24.417,11,0,0
9856,2023-01-18 02:01:25.417,0,131542,0
9857,2023-01-18 02:01:25.417,1,4728,0
9858,2023-01-18 02:01:25.417,2,9244,0
9859,2023-01-18 02:01:25.417,6,0,0
9860,2023-01-18 02:01:25.417,7,2048,0
9861,2023-01-18 02:01:25.417,8,906,0
9862,2023-01-18 02:01:25.417,9,1112,0
9863,2023-01-18 02:01:25.417,10,0,0
9864,2023-01-18 02:01:25.417,11,1,0
9865,2023-01-18 02:01:25.417,5,TaskListThumbnailWnd,0
9866,2023-01-18 02:01:25.417,4,explorer.exe,0
9867,2023-01-18 02:01:25.417,3,Missing String.,0
9868,2023-01-18 02:01:26.429,2,18596,0
9869,2023-01-18 02:01:26.429,6,-7,0
9870,2023-01-18 02:01:26.429,7,2055,0
9871,2023-01-18 02:01:26.429,8,-7,0
9872,2023-01-18 02:01:26.429,9,1119,0
9873,2023-01-18 02:01:26.429,10,0,0
9874,2023-01-18 02:01:26.429,0,1574304,0
9875,2023-01-18 02:01:26.429,1,11724,0
9876,2023-01-18 02:01:26.429,11,0,0
9877,2023-01-18 02:01:26.429,3,[DSC 140A] Homework 1 - Google Docs - Google Chrome,0
9878,2023-01-18 02:01:26.429,4,chrome.exe,0
9879,2023-01-18 02:01:26.429,5,Chrome_WidgetWin_1,0
9880,2023-01-18 02:02:19.854,10,0,0
9881,2023-01-18 02:02:19.854,2,23720,0
9882,2023-01-18 02:02:19.854,1,19400,0
9883,2023-01-18 02:02:19.854,0,591420,0
9884,2023-01-18 02:02:19.854,8,322,0
9885,2023-01-18 02:02:19.854,9,1108,0
9886,2023-01-18 02:02:19.854,11,0,0
9887,2023-01-18 02:02:19.854,6,284,0
9888,2023-01-18 02:02:19.854,7,814,0
