17533,2023-01-20 18:03:02.617,5,Microsoft-Windows-SnipperEditor,0
17534,2023-01-20 18:03:02.617,7,1503,0
17535,2023-01-20 18:03:02.617,10,0,0
17536,2023-01-20 18:03:02.617,9,1091,0
17537,2023-01-20 18:03:02.617,8,483,0
17538,2023-01-20 18:03:02.617,6,759,0
17539,2023-01-20 18:03:02.617,2,21652,0
17540,2023-01-20 18:03:02.617,1,21660,0
17541,2023-01-20 18:03:02.617,0,1640108,0
17542,2023-01-20 18:03:02.617,11,0,0
17543,2023-01-20 18:03:09.688,11,0,0
17544,2023-01-20 18:03:09.688,2,12404,0
17545,2023-01-20 18:03:09.688,6,-7,0
17546,2023-01-20 18:03:09.688,7,2055,0
17547,2023-01-20 18:03:09.688,8,-7,0
17548,2023-01-20 18:03:09.688,9,1119,0
17549,2023-01-20 18:03:09.688,10,0,0
17550,2023-01-20 18:03:09.688,0,197934,0
17551,2023-01-20 18:03:09.688,1,12836,0
17552,2023-01-20 18:03:09.688,3,Dsc 180B - Quarter 2 Week 2 - Google Slides - Google Chrome,0
17553,2023-01-20 18:03:09.688,4,chrome.exe,0
17554,2023-01-20 18:03:09.688,5,Chrome_WidgetWin_1,0
17555,2023-01-20 18:07:56.916,8,270,0
17556,2023-01-20 18:07:56.916,7,1789,0
17557,2023-01-20 18:07:56.916,11,1,0
17558,2023-01-20 18:07:56.916,10,0,0
17559,2023-01-20 18:07:56.916,9,972,0
17560,2023-01-20 18:07:56.916,0,1115756,0
17561,2023-01-20 18:07:56.916,1,10696,0
17562,2023-01-20 18:07:56.916,2,628,0
17563,2023-01-20 18:07:56.916,6,650,0
17564,2023-01-20 18:07:56.916,5,CabinetWClass,0
17565,2023-01-20 18:07:56.916,4,explorer.exe,0
17566,2023-01-20 18:07:56.916,3,outputs,0
17567,2023-01-20 18:07:58.939,0,197934,0
17568,2023-01-20 18:07:58.939,1,12836,0
17569,2023-01-20 18:07:58.939,2,12404,0
17570,2023-01-20 18:07:58.939,6,-7,0
17571,2023-01-20 18:07:58.939,7,2055,0
17572,2023-01-20 18:07:58.939,10,0,0
17573,2023-01-20 18:07:58.939,9,1119,0
17574,2023-01-20 18:07:58.939,5,Chrome_WidgetWin_1,0
17575,2023-01-20 18:07:58.939,4,chrome.exe,0
17576,2023-01-20 18:07:58.939,3,Dsc 180B - Quarter 2 Week 2 - Google Slides - Google Chrome,0
17577,2023-01-20 18:07:58.939,8,-7,0
17578,2023-01-20 18:07:58.939,11,0,0
17579,2023-01-20 18:08:32.170,9,972,0
17580,2023-01-20 18:08:32.170,0,1115756,0
17581,2023-01-20 18:08:32.170,1,10696,0
17582,2023-01-20 18:08:32.170,6,650,0
17583,2023-01-20 18:08:32.170,7,1789,0
17584,2023-01-20 18:08:32.170,11,1,0
17585,2023-01-20 18:08:32.170,10,0,0
17586,2023-01-20 18:08:32.170,2,628,0
17587,2023-01-20 18:08:32.170,8,270,0
17588,2023-01-20 18:08:32.170,4,explorer.exe,0
17589,2023-01-20 18:08:32.170,5,CabinetWClass,0
17590,2023-01-20 18:08:32.170,3,outputs,0
17591,2023-01-20 18:08:37.222,0,5245148,0
17592,2023-01-20 18:08:37.222,11,0,0
17593,2023-01-20 18:08:37.222,10,0,0
17594,2023-01-20 18:08:37.222,8,193,0
17595,2023-01-20 18:08:37.222,3,test-000110.db,0
17596,2023-01-20 18:08:37.222,4,DB Browser for SQLite.exe,0
17597,2023-01-20 18:08:37.222,5,Qt5QWindowIcon,0
17598,2023-01-20 18:08:37.222,9,1063,0
17599,2023-01-20 18:08:37.222,7,1554,0
17600,2023-01-20 18:08:37.222,6,128,0
17601,2023-01-20 18:08:37.222,2,3812,0
17602,2023-01-20 18:08:37.222,1,11392,0
17603,2023-01-20 18:09:09.520,4,chrome.exe,0
17604,2023-01-20 18:09:09.520,11,0,0
17605,2023-01-20 18:09:09.520,10,0,0
17606,2023-01-20 18:09:09.520,9,1119,0
17607,2023-01-20 18:09:09.520,8,-7,0
17608,2023-01-20 18:09:09.520,7,2055,0
17609,2023-01-20 18:09:09.520,1,12836,0
17610,2023-01-20 18:09:09.520,2,12404,0
17611,2023-01-20 18:09:09.520,3,"Inbox (6,811) - tcn002@ucsd.edu - UC San Diego Mail - Google Chrome",0
17612,2023-01-20 18:09:09.520,0,197934,0
17613,2023-01-20 18:09:09.520,5,Chrome_WidgetWin_1,0
17614,2023-01-20 18:09:09.520,6,-7,0
17615,2023-01-20 18:10:15.004,0,65972,0
17616,2023-01-20 18:10:15.004,1,10696,0
17617,2023-01-20 18:10:15.004,8,906,0
17618,2023-01-20 18:10:15.004,6,0,0
17619,2023-01-20 18:10:15.004,7,2048,0
17620,2023-01-20 18:10:15.004,9,1112,0
17621,2023-01-20 18:10:15.004,10,0,0
17622,2023-01-20 18:10:15.004,11,1,0
17623,2023-01-20 18:10:15.004,5,TaskListThumbnailWnd,0
17624,2023-01-20 18:10:15.004,4,explorer.exe,0
17625,2023-01-20 18:10:15.004,3,Missing String.,0
17626,2023-01-20 18:10:15.004,2,10836,0
17627,2023-01-20 18:10:17.019,5,Qt5QWindowIcon,0
17628,2023-01-20 18:10:17.019,4,DB Browser for SQLite.exe,0
17629,2023-01-20 18:10:17.019,3,test-000110.db,0
17630,2023-01-20 18:10:17.019,11,0,0
17631,2023-01-20 18:10:17.019,8,193,0
17632,2023-01-20 18:10:17.019,9,1063,0
17633,2023-01-20 18:10:17.019,7,1554,0
17634,2023-01-20 18:10:17.019,6,128,0
17635,2023-01-20 18:10:17.019,2,3812,0
17636,2023-01-20 18:10:17.019,1,11392,0
17637,2023-01-20 18:10:17.019,0,5245148,0
17638,2023-01-20 18:10:17.019,10,0,0
17639,2023-01-20 18:10:19.029,5,Qt5QWindowIcon,0
17640,2023-01-20 18:10:19.029,3,test-000094.db,0
17641,2023-01-20 18:10:19.029,4,DB Browser for SQLite.exe,0
17642,2023-01-20 18:10:19.029,8,124,0
17643,2023-01-20 18:10:19.029,1,41940,0
17644,2023-01-20 18:10:19.029,0,1574654,0
17645,2023-01-20 18:10:19.029,2,41928,0
17646,2023-01-20 18:10:19.029,6,519,0
17647,2023-01-20 18:10:19.029,7,1945,0
17648,2023-01-20 18:10:19.029,9,994,0
17649,2023-01-20 18:10:19.029,10,0,0
17650,2023-01-20 18:10:19.029,11,0,0
17651,2023-01-20 18:10:20.044,3,test-000110.db,0
17652,2023-01-20 18:10:20.044,4,DB Browser for SQLite.exe,0
17653,2023-01-20 18:10:20.044,5,Qt5QWindowIcon,0
17654,2023-01-20 18:10:20.044,11,0,0
17655,2023-01-20 18:10:20.044,10,0,0
17656,2023-01-20 18:10:20.044,9,1063,0
17657,2023-01-20 18:10:20.044,7,1554,0
17658,2023-01-20 18:10:20.044,6,128,0
17659,2023-01-20 18:10:20.044,2,3812,0
17660,2023-01-20 18:10:20.044,1,11392,0
17661,2023-01-20 18:10:20.044,0,5245148,0
17662,2023-01-20 18:10:20.044,8,193,0
17663,2023-01-20 18:11:27.709,10,0,0
17664,2023-01-20 18:11:27.709,3,Dsc 180B - Quarter 2 Week 2 - Google Slides - Google Chrome,0
17665,2023-01-20 18:11:27.709,7,2055,0
17666,2023-01-20 18:11:27.709,4,chrome.exe,0
17667,2023-01-20 18:11:27.709,8,-7,0
17668,2023-01-20 18:11:27.709,9,1119,0
17669,2023-01-20 18:11:27.709,11,0,0
17670,2023-01-20 18:11:27.709,5,Chrome_WidgetWin_1,0
17671,2023-01-20 18:11:27.709,6,-7,0
17672,2023-01-20 18:11:27.709,1,12836,0
17673,2023-01-20 18:11:27.709,0,197934,0
17674,2023-01-20 18:11:27.709,2,12404,0
17675,2023-01-20 18:12:10.010,0,1574654,0
17676,2023-01-20 18:12:10.010,1,41940,0
17677,2023-01-20 18:12:10.010,2,41928,0
17678,2023-01-20 18:12:10.010,6,519,0
17679,2023-01-20 18:12:10.010,7,1945,0
17680,2023-01-20 18:12:10.010,9,994,0
17681,2023-01-20 18:12:10.010,10,0,0
17682,2023-01-20 18:12:10.010,11,0,0
17683,2023-01-20 18:12:10.010,5,Qt5QWindowIcon,0
17684,2023-01-20 18:12:10.010,4,DB Browser for SQLite.exe,0
17685,2023-01-20 18:12:10.010,3,test-000094.db,0
17686,2023-01-20 18:12:10.010,8,124,0
17687,2023-01-20 18:12:12.030,3,test-000110.db,0
17688,2023-01-20 18:12:12.030,4,DB Browser for SQLite.exe,0
17689,2023-01-20 18:12:12.030,5,Qt5QWindowIcon,0
17690,2023-01-20 18:12:12.030,7,1554,0
17691,2023-01-20 18:12:12.030,10,0,0
17692,2023-01-20 18:12:12.030,11,0,0
17693,2023-01-20 18:12:12.030,8,193,0
17694,2023-01-20 18:12:12.030,9,1063,0
17695,2023-01-20 18:12:12.030,0,5245148,0
17696,2023-01-20 18:12:12.030,1,11392,0
17697,2023-01-20 18:12:12.030,2,3812,0
17698,2023-01-20 18:12:12.030,6,128,0
17699,2023-01-20 18:12:17.078,0,197934,0
17700,2023-01-20 18:12:17.078,2,12404,0
17701,2023-01-20 18:12:17.078,6,-7,0
17702,2023-01-20 18:12:17.078,1,12836,0
17703,2023-01-20 18:12:17.078,7,2055,0
17704,2023-01-20 18:12:17.078,4,chrome.exe,0
17705,2023-01-20 18:12:17.078,5,Chrome_WidgetWin_1,0
17706,2023-01-20 18:12:17.078,3,Dsc 180B - Quarter 2 Week 2 - Google Slides - Google Chrome,0
17707,2023-01-20 18:12:17.078,8,-7,0
17708,2023-01-20 18:12:17.078,9,1119,0
17709,2023-01-20 18:12:17.078,10,0,0
17710,2023-01-20 18:12:17.078,11,0,0
17711,2023-01-20 18:12:28.144,5,Qt5QWindowIcon,0
17712,2023-01-20 18:12:28.144,9,1063,0
17713,2023-01-20 18:12:28.144,8,193,0
17714,2023-01-20 18:12:28.144,7,1554,0
17715,2023-01-20 18:12:28.144,6,128,0
17716,2023-01-20 18:12:28.144,0,5245148,0
17717,2023-01-20 18:12:28.144,1,11392,0
17718,2023-01-20 18:12:28.144,10,0,0
17719,2023-01-20 18:12:28.144,4,DB Browser for SQLite.exe,0
17720,2023-01-20 18:12:28.144,3,test-000110.db,0
17721,2023-01-20 18:12:28.144,2,3812,0
17722,2023-01-20 18:12:28.144,11,0,0
17723,2023-01-20 18:12:34.193,1,12836,0
17724,2023-01-20 18:12:34.193,2,12404,0
17725,2023-01-20 18:12:34.193,6,-7,0
17726,2023-01-20 18:12:34.193,7,2055,0
17727,2023-01-20 18:12:34.193,8,-7,0
17728,2023-01-20 18:12:34.193,9,1119,0
17729,2023-01-20 18:12:34.193,10,0,0
17730,2023-01-20 18:12:34.193,11,0,0
17731,2023-01-20 18:12:34.193,5,Chrome_WidgetWin_1,0
17732,2023-01-20 18:12:34.193,4,chrome.exe,0
17733,2023-01-20 18:12:34.193,3,Dsc 180B - Quarter 2 Week 2 - Google Slides - Google Chrome,0
17734,2023-01-20 18:12:34.193,0,197934,0
17735,2023-01-20 18:12:57.486,0,2885206,0
17736,2023-01-20 18:12:57.486,2,12392,0
17737,2023-01-20 18:12:57.486,1,6088,0
17738,2023-01-20 18:12:57.487,9,1102,0
17739,2023-01-20 18:12:57.487,5,Chrome_WidgetWin_1,0
17740,2023-01-20 18:12:57.487,4,Code.exe,0
17741,2023-01-20 18:12:57.487,3,Missing String.,0
17742,2023-01-20 18:12:57.487,6,715,0
17743,2023-01-20 18:12:57.487,7,1739,0
17744,2023-01-20 18:12:57.487,8,334,0
17745,2023-01-20 18:12:57.487,10,0,0
17746,2023-01-20 18:12:57.487,11,0,0
17747,2023-01-20 18:13:44.901,10,0,0
17748,2023-01-20 18:13:44.901,9,1119,0
17749,2023-01-20 18:13:44.901,8,-7,0
17750,2023-01-20 18:13:44.901,7,2055,0
17751,2023-01-20 18:13:44.901,6,-7,0
17752,2023-01-20 18:13:44.901,2,12404,0
17753,2023-01-20 18:13:44.901,0,197934,0
17754,2023-01-20 18:13:44.901,11,0,0
17755,2023-01-20 18:13:44.901,3,Dsc 180B - Quarter 2 Week 2 - Google Slides - Google Chrome,0
17756,2023-01-20 18:13:44.901,4,chrome.exe,0
17757,2023-01-20 18:13:44.901,1,12836,0
17758,2023-01-20 18:13:44.901,5,Chrome_WidgetWin_1,0
17759,2023-01-20 18:14:12.091,5,Qt5QWindowIcon,0
17760,2023-01-20 18:14:12.091,4,DB Browser for SQLite.exe,0
17761,2023-01-20 18:14:12.091,0,5245148,0
17762,2023-01-20 18:14:12.091,2,3812,0
17763,2023-01-20 18:14:12.091,1,11392,0
17764,2023-01-20 18:14:12.091,11,0,0
17765,2023-01-20 18:14:12.091,10,0,0
17766,2023-01-20 18:14:12.091,3,test-000110.db,0
17767,2023-01-20 18:14:12.091,8,193,0
17768,2023-01-20 18:14:12.091,7,1554,0
17769,2023-01-20 18:14:12.091,9,1063,0
17770,2023-01-20 18:14:12.091,6,128,0
17771,2023-01-20 18:14:38.312,5,Qt5QWindowIcon,0
17772,2023-01-20 18:14:38.312,4,DB Browser for SQLite.exe,0
17773,2023-01-20 18:14:38.312,11,0,0
17774,2023-01-20 18:14:38.312,10,0,0
17775,2023-01-20 18:14:38.312,9,994,0
17776,2023-01-20 18:14:38.312,6,519,0
17777,2023-01-20 18:14:38.312,2,41928,0
17778,2023-01-20 18:14:38.312,3,test-000094.db,0
17779,2023-01-20 18:14:38.312,1,41940,0
17780,2023-01-20 18:14:38.312,0,1574654,0
17781,2023-01-20 18:14:38.312,8,124,0
17782,2023-01-20 18:14:38.312,7,1945,0
17783,2023-01-20 18:14:40.341,3,test-000110.db,0
17784,2023-01-20 18:14:40.341,4,DB Browser for SQLite.exe,0
17785,2023-01-20 18:14:40.341,5,Qt5QWindowIcon,0
17786,2023-01-20 18:14:40.341,9,1082,0
17787,2023-01-20 18:14:40.341,10,0,0
17788,2023-01-20 18:14:40.341,11,0,0
17789,2023-01-20 18:14:40.341,0,5245148,0
17790,2023-01-20 18:14:40.341,1,11392,0
17791,2023-01-20 18:14:40.341,2,3812,0
17792,2023-01-20 18:14:40.341,6,174,0
17793,2023-01-20 18:14:40.341,7,1600,0
17794,2023-01-20 18:14:40.341,8,212,0
17795,2023-01-20 18:14:48.411,9,1119,0
17796,2023-01-20 18:14:48.411,7,2055,0
17797,2023-01-20 18:14:48.411,6,-7,0
17798,2023-01-20 18:14:48.411,2,12404,0
17799,2023-01-20 18:14:48.411,4,chrome.exe,0
17800,2023-01-20 18:14:48.411,5,Chrome_WidgetWin_1,0
17801,2023-01-20 18:14:48.411,0,197934,0
17802,2023-01-20 18:14:48.411,3,Dsc 180B - Quarter 2 Week 2 - Google Slides - Google Chrome,0
17803,2023-01-20 18:14:48.411,10,0,0
17804,2023-01-20 18:14:48.411,1,12836,0
17805,2023-01-20 18:14:48.411,11,0,0
17806,2023-01-20 18:14:48.411,8,-7,0
17807,2023-01-20 18:16:08.076,8,124,0
17808,2023-01-20 18:16:08.076,5,Qt5QWindowIcon,0
17809,2023-01-20 18:16:08.076,0,1574654,0
17810,2023-01-20 18:16:08.076,1,41940,0
17811,2023-01-20 18:16:08.076,2,41928,0
17812,2023-01-20 18:16:08.076,6,519,0
17813,2023-01-20 18:16:08.076,7,1945,0
17814,2023-01-20 18:16:08.076,3,test-000094.db,0
17815,2023-01-20 18:16:08.076,9,994,0
17816,2023-01-20 18:16:08.076,10,0,0
17817,2023-01-20 18:16:08.076,11,0,0
17818,2023-01-20 18:16:08.076,4,DB Browser for SQLite.exe,0
17819,2023-01-20 18:16:10.100,5,Qt5QWindowIcon,0
17820,2023-01-20 18:16:10.100,1,11392,0
17821,2023-01-20 18:16:10.100,2,3812,0
17822,2023-01-20 18:16:10.100,6,174,0
17823,2023-01-20 18:16:10.100,7,1600,0
17824,2023-01-20 18:16:10.100,8,212,0
17825,2023-01-20 18:16:10.100,9,1082,0
17826,2023-01-20 18:16:10.100,10,0,0
17827,2023-01-20 18:16:10.100,11,0,0
17828,2023-01-20 18:16:10.100,3,test-000110.db,0
17829,2023-01-20 18:16:10.100,0,5245148,0
17830,2023-01-20 18:16:10.100,4,DB Browser for SQLite.exe,0
17831,2023-01-20 18:17:14.765,1,12836,0
17832,2023-01-20 18:17:14.765,4,chrome.exe,0
17833,2023-01-20 18:17:14.765,5,Chrome_WidgetWin_1,0
17834,2023-01-20 18:17:14.765,3,Dsc 180B - Quarter 2 Week 2 - Google Slides - Google Chrome,0
17835,2023-01-20 18:17:14.765,2,12404,0
17836,2023-01-20 18:17:14.765,7,2055,0
17837,2023-01-20 18:17:14.765,11,0,0
17838,2023-01-20 18:17:14.765,10,0,0
17839,2023-01-20 18:17:14.765,9,1119,0
17840,2023-01-20 18:17:14.765,8,-7,0
17841,2023-01-20 18:17:14.765,6,-7,0
17842,2023-01-20 18:17:14.765,0,197934,0
17843,2023-01-20 18:23:09.338,9,1112,0
17844,2023-01-20 18:23:09.338,6,0,0
17845,2023-01-20 18:23:09.338,2,10836,0
17846,2023-01-20 18:23:09.338,10,0,0
17847,2023-01-20 18:23:09.338,11,1,0
17848,2023-01-20 18:23:09.338,3,Missing String.,0
17849,2023-01-20 18:23:09.338,8,906,0
17850,2023-01-20 18:23:09.338,4,explorer.exe,0
17851,2023-01-20 18:23:09.338,7,2048,0
17852,2023-01-20 18:23:09.338,0,65972,0
17853,2023-01-20 18:23:09.338,1,10696,0
17854,2023-01-20 18:23:09.338,5,TaskListThumbnailWnd,0
17855,2023-01-20 18:23:10.347,3,test-000094.db,0
17856,2023-01-20 18:23:10.347,11,0,0
17857,2023-01-20 18:23:10.347,10,0,0
17858,2023-01-20 18:23:10.347,9,994,0
17859,2023-01-20 18:23:10.347,8,124,0
17860,2023-01-20 18:23:10.347,7,1945,0
17861,2023-01-20 18:23:10.347,6,519,0
17862,2023-01-20 18:23:10.347,2,41928,0
17863,2023-01-20 18:23:10.347,1,41940,0
17864,2023-01-20 18:23:10.347,0,1574654,0
17865,2023-01-20 18:23:10.347,4,DB Browser for SQLite.exe,0
17866,2023-01-20 18:23:10.347,5,Qt5QWindowIcon,0
17867,2023-01-20 18:23:11.347,3,test-000110.db,0
17868,2023-01-20 18:23:11.347,9,1082,0
17869,2023-01-20 18:23:11.347,8,212,0
17870,2023-01-20 18:23:11.347,7,1600,0
17871,2023-01-20 18:23:11.347,6,174,0
17872,2023-01-20 18:23:11.347,2,3812,0
17873,2023-01-20 18:23:11.347,1,11392,0
17874,2023-01-20 18:23:11.347,0,5245148,0
17875,2023-01-20 18:23:11.347,5,Qt5QWindowIcon,0
17876,2023-01-20 18:23:11.348,11,0,0
17877,2023-01-20 18:23:11.348,4,DB Browser for SQLite.exe,0
17878,2023-01-20 18:23:11.348,10,0,0
17879,2023-01-20 18:24:30.111,11,0,0
17880,2023-01-20 18:24:30.111,10,0,0
17881,2023-01-20 18:24:30.111,9,1119,0
17882,2023-01-20 18:24:30.111,8,-7,0
17883,2023-01-20 18:24:30.111,7,2055,0
17884,2023-01-20 18:24:30.111,6,-7,0
17885,2023-01-20 18:24:30.111,2,12404,0
17886,2023-01-20 18:24:30.111,1,12836,0
17887,2023-01-20 18:24:30.111,0,197934,0
17888,2023-01-20 18:24:30.111,5,Chrome_WidgetWin_1,0
17889,2023-01-20 18:24:30.111,4,chrome.exe,0
17890,2023-01-20 18:24:30.111,3,Dsc 180B - Quarter 2 Week 2 - Google Slides - Google Chrome,0
17891,2023-01-20 18:26:44.107,2,10836,0
17892,2023-01-20 18:26:44.107,9,1123,0
17893,2023-01-20 18:26:44.107,8,917,0
17894,2023-01-20 18:26:44.107,7,2048,0
17895,2023-01-20 18:26:44.107,6,0,0
17896,2023-01-20 18:26:44.107,1,10696,0
17897,2023-01-20 18:26:44.107,0,65972,0
17898,2023-01-20 18:26:44.107,3,Missing String.,0
17899,2023-01-20 18:26:44.107,4,explorer.exe,0
17900,2023-01-20 18:26:44.107,5,TaskListThumbnailWnd,0
17901,2023-01-20 18:26:44.107,10,0,0
17902,2023-01-20 18:26:44.107,11,1,0
17903,2023-01-20 18:26:45.114,10,0,0
17904,2023-01-20 18:26:45.114,9,1082,0
17905,2023-01-20 18:26:45.114,4,DB Browser for SQLite.exe,0
17906,2023-01-20 18:26:45.114,11,0,0
17907,2023-01-20 18:26:45.114,8,212,0
17908,2023-01-20 18:26:45.114,7,1600,0
17909,2023-01-20 18:26:45.114,0,5245148,0
17910,2023-01-20 18:26:45.114,2,3812,0
17911,2023-01-20 18:26:45.114,1,11392,0
17912,2023-01-20 18:26:45.114,5,Qt5QWindowIcon,0
17913,2023-01-20 18:26:45.114,3,test-000110.db,0
17914,2023-01-20 18:26:45.114,6,174,0
17915,2023-01-20 18:27:29.530,0,197934,0
17916,2023-01-20 18:27:29.530,2,12404,0
17917,2023-01-20 18:27:29.530,6,-7,0
17918,2023-01-20 18:27:29.530,7,2055,0
17919,2023-01-20 18:27:29.530,8,-7,0
17920,2023-01-20 18:27:29.530,9,1119,0
17921,2023-01-20 18:27:29.530,11,0,0
17922,2023-01-20 18:27:29.530,10,0,0
17923,2023-01-20 18:27:29.530,1,12836,0
17924,2023-01-20 18:27:29.530,3,what is an immersive application - Google Search - Google Chrome,0
17925,2023-01-20 18:27:29.530,4,chrome.exe,0
17926,2023-01-20 18:27:29.530,5,Chrome_WidgetWin_1,0
17927,2023-01-20 18:48:18.993,2,12392,0
17928,2023-01-20 18:48:18.993,10,0,0
17929,2023-01-20 18:48:18.993,11,0,0
17930,2023-01-20 18:48:18.993,7,1739,0
17931,2023-01-20 18:48:18.993,6,715,0
17932,2023-01-20 18:48:18.993,1,6088,0
17933,2023-01-20 18:48:18.993,0,2885206,0
17934,2023-01-20 18:48:18.993,9,1102,0
17935,2023-01-20 18:48:18.993,8,334,0
17936,2023-01-20 18:48:18.993,3,Missing String.,0
17937,2023-01-20 18:48:18.993,4,Code.exe,0
17938,2023-01-20 18:48:18.993,5,Chrome_WidgetWin_1,0
17939,2023-01-20 18:49:14.428,10,0,0
17940,2023-01-20 18:49:14.428,0,197934,0
17941,2023-01-20 18:49:14.428,1,12836,0
17942,2023-01-20 18:49:14.428,2,12404,0
17943,2023-01-20 18:49:14.428,5,Chrome_WidgetWin_1,0
17944,2023-01-20 18:49:14.428,4,chrome.exe,0
17945,2023-01-20 18:49:14.428,3,miloncl/Dsc180b at sub-branch-thy - Google Chrome,0
17946,2023-01-20 18:49:14.428,11,0,0
17947,2023-01-20 18:49:14.428,6,-7,0
17948,2023-01-20 18:49:14.428,9,1119,0
17949,2023-01-20 18:49:14.428,8,-7,0
17950,2023-01-20 18:49:14.428,7,2055,0
17951,2023-01-20 18:49:19.469,10,0,0
17952,2023-01-20 18:49:19.469,0,1115756,0
17953,2023-01-20 18:49:19.469,6,650,0
17954,2023-01-20 18:49:19.469,7,1789,0
17955,2023-01-20 18:49:19.469,8,270,0
17956,2023-01-20 18:49:19.469,9,972,0
17957,2023-01-20 18:49:19.469,11,1,0
17958,2023-01-20 18:49:19.469,2,628,0
17959,2023-01-20 18:49:19.469,1,10696,0
17960,2023-01-20 18:49:19.469,4,explorer.exe,0
17961,2023-01-20 18:49:19.469,5,CabinetWClass,0
17962,2023-01-20 18:49:19.469,3,outputs,0
17963,2023-01-20 18:49:33.610,10,0,0
17964,2023-01-20 18:49:33.610,9,1119,0
17965,2023-01-20 18:49:33.610,8,-7,0
17966,2023-01-20 18:49:33.610,7,2055,0
17967,2023-01-20 18:49:33.610,6,-7,0
17968,2023-01-20 18:49:33.610,2,12404,0
17969,2023-01-20 18:49:33.610,1,12836,0
17970,2023-01-20 18:49:33.610,0,197934,0
17971,2023-01-20 18:49:33.610,11,0,0
17972,2023-01-20 18:49:33.610,4,chrome.exe,0
17973,2023-01-20 18:49:33.610,5,Chrome_WidgetWin_1,0
17974,2023-01-20 18:49:33.610,3,miloncl/Dsc180b - Google Chrome,0
17975,2023-01-20 18:53:46.067,6,0,0
17976,2023-01-20 18:53:46.067,7,2048,0
17977,2023-01-20 18:53:46.067,8,906,0
17978,2023-01-20 18:53:46.067,9,1112,0
17979,2023-01-20 18:53:46.067,10,0,0
17980,2023-01-20 18:53:46.067,2,10836,0
17981,2023-01-20 18:53:46.067,11,1,0
17982,2023-01-20 18:53:46.067,0,65972,0
17983,2023-01-20 18:53:46.067,3,Missing String.,0
17984,2023-01-20 18:53:46.067,4,explorer.exe,0
17985,2023-01-20 18:53:46.067,5,TaskListThumbnailWnd,0
17986,2023-01-20 18:53:46.067,1,10696,0
17987,2023-01-20 18:53:47.068,1,11392,0
17988,2023-01-20 18:53:47.068,2,3812,0
17989,2023-01-20 18:53:47.068,6,174,0
17990,2023-01-20 18:53:47.068,7,1600,0
17991,2023-01-20 18:53:47.068,8,212,0
17992,2023-01-20 18:53:47.068,10,0,0
17993,2023-01-20 18:53:47.068,11,0,0
17994,2023-01-20 18:53:47.068,0,5245148,0
17995,2023-01-20 18:53:47.068,3,test-000110.db,0
17996,2023-01-20 18:53:47.068,5,Qt5QWindowIcon,0
17997,2023-01-20 18:53:47.068,9,1082,0
17998,2023-01-20 18:53:47.068,4,DB Browser for SQLite.exe,0
17999,2023-01-20 18:54:49.772,8,-7,0
18000,2023-01-20 18:54:49.772,1,12836,0
18001,2023-01-20 18:54:49.772,2,12404,0
18002,2023-01-20 18:54:49.772,6,-7,0
18003,2023-01-20 18:54:49.772,7,2055,0
18004,2023-01-20 18:54:49.772,9,1119,0
18005,2023-01-20 18:54:49.772,10,0,0
18006,2023-01-20 18:54:49.772,11,0,0
18007,2023-01-20 18:54:49.772,0,197934,0
18008,2023-01-20 18:54:49.772,5,Chrome_WidgetWin_1,0
18009,2023-01-20 18:54:49.772,4,chrome.exe,0
18010,2023-01-20 18:54:49.772,3,miloncl/Dsc180b - Google Chrome,0
18011,2023-01-20 18:56:22.505,5,CabinetWClass,0
18012,2023-01-20 18:56:22.505,4,explorer.exe,0
18013,2023-01-20 18:56:22.505,3,Dsc180b,0
18014,2023-01-20 18:56:22.505,11,1,0
18015,2023-01-20 18:56:22.505,8,270,0
18016,2023-01-20 18:56:22.505,9,972,0
18017,2023-01-20 18:56:22.505,7,1789,0
18018,2023-01-20 18:56:22.505,6,650,0
18019,2023-01-20 18:56:22.505,2,628,0
18020,2023-01-20 18:56:22.505,1,10696,0
18021,2023-01-20 18:56:22.505,0,1115756,0
18022,2023-01-20 18:56:22.505,10,0,0
18023,2023-01-20 18:56:29.530,4,chrome.exe,0
18024,2023-01-20 18:56:29.530,3,miloncl/Dsc180b - Google Chrome,0
18025,2023-01-20 18:56:29.530,5,Chrome_WidgetWin_1,0
18026,2023-01-20 18:56:29.530,8,-7,0
18027,2023-01-20 18:56:29.530,11,0,0
18028,2023-01-20 18:56:29.530,10,0,0
18029,2023-01-20 18:56:29.530,9,1119,0
18030,2023-01-20 18:56:29.530,7,2055,0
18031,2023-01-20 18:56:29.530,6,-7,0
18032,2023-01-20 18:56:29.530,2,12404,0
18033,2023-01-20 18:56:29.530,1,12836,0
18034,2023-01-20 18:56:29.530,0,197934,0
18035,2023-01-20 18:57:07.831,6,650,0
18036,2023-01-20 18:57:07.831,8,270,0
18037,2023-01-20 18:57:07.831,9,972,0
18038,2023-01-20 18:57:07.831,10,0,0
18039,2023-01-20 18:57:07.831,11,1,0
18040,2023-01-20 18:57:07.831,0,1115756,0
18041,2023-01-20 18:57:07.831,2,628,0
18042,2023-01-20 18:57:07.831,7,1789,0
18043,2023-01-20 18:57:07.831,1,10696,0
18044,2023-01-20 18:57:07.831,3,Downloads,0
18045,2023-01-20 18:57:07.831,4,explorer.exe,0
18046,2023-01-20 18:57:07.831,5,CabinetWClass,0
18047,2023-01-20 18:57:12.874,1,12836,0
18048,2023-01-20 18:57:12.874,11,0,0
18049,2023-01-20 18:57:12.874,10,0,0
18050,2023-01-20 18:57:12.874,9,1119,0
18051,2023-01-20 18:57:12.874,8,-7,0
18052,2023-01-20 18:57:12.874,7,2055,0
18053,2023-01-20 18:57:12.874,0,197934,0
18054,2023-01-20 18:57:12.874,5,Chrome_WidgetWin_1,0
18055,2023-01-20 18:57:12.874,4,chrome.exe,0
18056,2023-01-20 18:57:12.874,2,12404,0
18057,2023-01-20 18:57:12.874,3,miloncl/Dsc180b - Google Chrome,0
18058,2023-01-20 18:57:12.874,6,-7,0
18059,2023-01-20 19:02:24.638,9,1112,0
18060,2023-01-20 19:02:24.638,8,1012,0
18061,2023-01-20 19:02:24.638,7,2048,0
18062,2023-01-20 19:02:24.638,6,1688,0
18063,2023-01-20 19:02:24.638,3,Volume Control,0
18064,2023-01-20 19:02:24.638,1,5916,0
18065,2023-01-20 19:02:24.638,10,0,0
18066,2023-01-20 19:02:24.638,5,Windows.UI.Core.CoreWindow,0
18067,2023-01-20 19:02:24.638,4,ShellExperienceHost.exe,0
18068,2023-01-20 19:02:24.638,2,29152,0
18069,2023-01-20 19:02:24.638,0,8652536,0
18070,2023-01-20 19:02:24.638,11,1,0
18071,2023-01-20 19:02:27.669,10,0,0
18072,2023-01-20 19:02:27.669,9,1119,0
18073,2023-01-20 19:02:27.669,8,-7,0
18074,2023-01-20 19:02:27.669,7,2055,0
18075,2023-01-20 19:02:27.669,6,-7,0
18076,2023-01-20 19:02:27.669,2,12404,0
18077,2023-01-20 19:02:27.669,1,12836,0
18078,2023-01-20 19:02:27.669,0,197934,0
18079,2023-01-20 19:02:27.669,5,Chrome_WidgetWin_1,0
18080,2023-01-20 19:02:27.669,4,chrome.exe,0
18081,2023-01-20 19:02:27.669,3,Microsoft Teams - Google Chrome,0
18082,2023-01-20 19:02:27.669,11,0,0
18083,2023-01-20 19:03:34.342,5,Windows.UI.Core.CoreWindow,0
18084,2023-01-20 19:03:34.342,11,1,0
18085,2023-01-20 19:03:34.342,10,0,0
18086,2023-01-20 19:03:34.342,8,1012,0
18087,2023-01-20 19:03:34.342,4,ShellExperienceHost.exe,0
18088,2023-01-20 19:03:34.342,7,2048,0
18089,2023-01-20 19:03:34.342,6,1688,0
18090,2023-01-20 19:03:34.342,2,2540,0
18091,2023-01-20 19:03:34.342,1,5916,0
18092,2023-01-20 19:03:34.342,0,7276854,0
18093,2023-01-20 19:03:34.342,9,1112,0
18094,2023-01-20 19:03:34.342,3,Volume Control,0
18095,2023-01-20 19:03:38.380,11,0,0
18096,2023-01-20 19:03:38.380,10,0,0
18097,2023-01-20 19:03:38.380,9,1119,0
18098,2023-01-20 19:03:38.380,8,-7,0
18099,2023-01-20 19:03:38.380,7,2055,0
18100,2023-01-20 19:03:38.380,4,chrome.exe,0
18101,2023-01-20 19:03:38.380,5,Chrome_WidgetWin_1,0
18102,2023-01-20 19:03:38.380,6,-7,0
18103,2023-01-20 19:03:38.380,2,12404,0
18104,2023-01-20 19:03:38.380,1,12836,0
18105,2023-01-20 19:03:38.380,0,197934,0
18106,2023-01-20 19:03:38.380,3,Microsoft Teams - Google Chrome,0
18107,2023-01-20 19:05:20.394,0,7342390,0
18108,2023-01-20 19:05:20.394,2,19412,0
18109,2023-01-20 19:05:20.394,6,1688,0
18110,2023-01-20 19:05:20.394,7,2048,0
18111,2023-01-20 19:05:20.394,8,1012,0
18112,2023-01-20 19:05:20.394,9,1112,0
18113,2023-01-20 19:05:20.394,11,1,0
18114,2023-01-20 19:05:20.394,10,0,0
18115,2023-01-20 19:05:20.394,1,5916,0
18116,2023-01-20 19:05:20.394,3,Volume Control,0
18117,2023-01-20 19:05:20.394,4,ShellExperienceHost.exe,0
18118,2023-01-20 19:05:20.394,5,Windows.UI.Core.CoreWindow,0
18119,2023-01-20 19:05:23.428,0,197934,0
18120,2023-01-20 19:05:23.428,1,12836,0
18121,2023-01-20 19:05:23.428,11,0,0
18122,2023-01-20 19:05:23.428,10,0,0
18123,2023-01-20 19:05:23.428,9,1119,0
18124,2023-01-20 19:05:23.428,7,2055,0
18125,2023-01-20 19:05:23.428,6,-7,0
18126,2023-01-20 19:05:23.428,8,-7,0
18127,2023-01-20 19:05:23.428,5,Chrome_WidgetWin_1,0
18128,2023-01-20 19:05:23.428,4,chrome.exe,0
18129,2023-01-20 19:05:23.428,3,Microsoft Teams - Google Chrome,0
18130,2023-01-20 19:05:23.428,2,12404,0
18131,2023-01-20 19:28:26.599,5,Windows.UI.Core.CoreWindow,0
18132,2023-01-20 19:28:26.599,4,ShellExperienceHost.exe,0
18133,2023-01-20 19:28:26.599,9,1112,0
18134,2023-01-20 19:28:26.599,3,Volume Control,0
18135,2023-01-20 19:28:26.599,0,6162198,0
18136,2023-01-20 19:28:26.599,1,5916,0
18137,2023-01-20 19:28:26.599,2,14132,0
18138,2023-01-20 19:28:26.599,6,1688,0
18139,2023-01-20 19:28:26.599,7,2048,0
18140,2023-01-20 19:28:26.599,11,1,0
18141,2023-01-20 19:28:26.599,10,0,0
18142,2023-01-20 19:28:26.599,8,1012,0
18143,2023-01-20 19:28:32.666,7,2055,0
18144,2023-01-20 19:28:32.666,1,12836,0
18145,2023-01-20 19:28:32.666,6,-7,0
18146,2023-01-20 19:28:32.666,8,-7,0
18147,2023-01-20 19:28:32.666,9,1119,0
18148,2023-01-20 19:28:32.666,10,0,0
18149,2023-01-20 19:28:32.666,11,0,0
18150,2023-01-20 19:28:32.666,5,Chrome_WidgetWin_1,0
18151,2023-01-20 19:28:32.666,4,chrome.exe,0
18152,2023-01-20 19:28:32.666,3,(1) Microsoft Teams - Google Chrome,0
18153,2023-01-20 19:28:32.666,0,197934,0
18154,2023-01-20 19:28:32.666,2,12404,0
18155,2023-01-20 19:28:34.681,0,4195218,0
18156,2023-01-20 19:28:34.681,2,35148,0
18157,2023-01-20 19:28:34.681,1,5916,0
18158,2023-01-20 19:28:34.681,5,Windows.UI.Core.CoreWindow,0
18159,2023-01-20 19:28:34.681,3,Volume Control,0
18160,2023-01-20 19:28:34.682,9,1112,0
18161,2023-01-20 19:28:34.682,4,ShellExperienceHost.exe,0
18162,2023-01-20 19:28:34.682,6,1688,0
18163,2023-01-20 19:28:34.682,7,2048,0
18164,2023-01-20 19:28:34.682,8,1012,0
18165,2023-01-20 19:28:34.682,10,0,0
18166,2023-01-20 19:28:34.682,11,1,0
18167,2023-01-20 19:28:40.742,4,chrome.exe,0
18168,2023-01-20 19:28:40.742,1,12836,0
18169,2023-01-20 19:28:40.742,2,12404,0
18170,2023-01-20 19:28:40.742,6,-7,0
18171,2023-01-20 19:28:40.742,7,2055,0
18172,2023-01-20 19:28:40.742,8,-7,0
18173,2023-01-20 19:28:40.742,9,1119,0
18174,2023-01-20 19:28:40.742,11,0,0
18175,2023-01-20 19:28:40.742,3,(1) Microsoft Teams - Google Chrome,0
18176,2023-01-20 19:28:40.742,0,197934,0
18177,2023-01-20 19:28:40.742,5,Chrome_WidgetWin_1,0
18178,2023-01-20 19:28:40.742,10,0,0
18179,2023-01-20 19:31:51.625,8,1012,0
18180,2023-01-20 19:31:51.625,7,2048,0
18181,2023-01-20 19:31:51.625,11,1,0
18182,2023-01-20 19:31:51.625,10,0,0
18183,2023-01-20 19:31:51.625,0,3279122,0
18184,2023-01-20 19:31:51.625,3,Volume Control,0
18185,2023-01-20 19:31:51.625,4,ShellExperienceHost.exe,0
18186,2023-01-20 19:31:51.625,9,1112,0
18187,2023-01-20 19:31:51.625,1,5916,0
18188,2023-01-20 19:31:51.625,2,35828,0
18189,2023-01-20 19:31:51.625,6,1688,0
18190,2023-01-20 19:31:51.625,5,Windows.UI.Core.CoreWindow,0
18191,2023-01-20 19:31:55.667,3,Microsoft Teams - Google Chrome,0
18192,2023-01-20 19:31:55.667,4,chrome.exe,0
18193,2023-01-20 19:31:55.667,5,Chrome_WidgetWin_1,0
18194,2023-01-20 19:31:55.667,10,0,0
18195,2023-01-20 19:31:55.667,0,197934,0
18196,2023-01-20 19:31:55.667,1,12836,0
18197,2023-01-20 19:31:55.667,2,12404,0
18198,2023-01-20 19:31:55.667,6,-7,0
18199,2023-01-20 19:31:55.667,7,2055,0
18200,2023-01-20 19:31:55.667,8,-7,0
18201,2023-01-20 19:31:55.667,11,0,0
18202,2023-01-20 19:31:55.667,9,1119,0
18203,2023-01-20 19:32:01.719,1,5916,0
18204,2023-01-20 19:32:01.719,2,36104,0
18205,2023-01-20 19:32:01.719,3,Volume Control,0
18206,2023-01-20 19:32:01.719,5,Windows.UI.Core.CoreWindow,0
18207,2023-01-20 19:32:01.719,0,1181794,0
18208,2023-01-20 19:32:01.720,6,1688,0
18209,2023-01-20 19:32:01.720,7,2048,0
18210,2023-01-20 19:32:01.720,8,1012,0
18211,2023-01-20 19:32:01.720,9,1112,0
18212,2023-01-20 19:32:01.720,10,0,0
18213,2023-01-20 19:32:01.720,11,1,0
18214,2023-01-20 19:32:01.720,4,ShellExperienceHost.exe,0
18215,2023-01-20 19:32:55.267,0,197934,0
18216,2023-01-20 19:32:55.267,1,12836,0
18217,2023-01-20 19:32:55.267,3,miloncl/Dsc180b - Google Chrome,0
18218,2023-01-20 19:32:55.267,7,2055,0
18219,2023-01-20 19:32:55.267,4,chrome.exe,0
18220,2023-01-20 19:32:55.267,9,1119,0
18221,2023-01-20 19:32:55.267,5,Chrome_WidgetWin_1,0
18222,2023-01-20 19:32:55.267,10,0,0
18223,2023-01-20 19:32:55.267,8,-7,0
18224,2023-01-20 19:32:55.267,11,0,0
18225,2023-01-20 19:32:55.267,2,12404,0
18226,2023-01-20 19:32:55.267,6,-7,0
18227,2023-01-20 19:34:26.173,7,2048,0
18228,2023-01-20 19:34:26.173,6,1688,0
18229,2023-01-20 19:34:26.173,9,1112,0
18230,2023-01-20 19:34:26.173,1,5916,0
18231,2023-01-20 19:34:26.173,0,6686946,0
18232,2023-01-20 19:34:26.173,10,0,0
18233,2023-01-20 19:34:26.173,5,Windows.UI.Core.CoreWindow,0
18234,2023-01-20 19:34:26.173,3,Volume Control,0
18235,2023-01-20 19:34:26.173,8,1012,0
18236,2023-01-20 19:34:26.173,2,8084,0
18237,2023-01-20 19:34:26.174,11,1,0
18238,2023-01-20 19:34:26.174,4,ShellExperienceHost.exe,0
18239,2023-01-20 19:34:51.409,6,-7,0
18240,2023-01-20 19:34:51.409,0,197934,0
18241,2023-01-20 19:34:51.409,1,12836,0
18242,2023-01-20 19:34:51.409,2,12404,0
18243,2023-01-20 19:34:51.409,8,-7,0
18244,2023-01-20 19:34:51.409,9,1119,0
18245,2023-01-20 19:34:51.409,11,0,0
18246,2023-01-20 19:34:51.409,5,Chrome_WidgetWin_1,0
18247,2023-01-20 19:34:51.409,10,0,0
18248,2023-01-20 19:34:51.409,3,Dsc 180B - Quarter 2 Week 2 - Google Slides - Google Chrome,0
18249,2023-01-20 19:34:51.409,7,2055,0
18250,2023-01-20 19:34:51.409,4,chrome.exe,0
18251,2023-01-20 20:09:44.742,3,Volume Control,0
18252,2023-01-20 20:09:44.742,4,ShellExperienceHost.exe,0
18253,2023-01-20 20:09:44.742,5,Windows.UI.Core.CoreWindow,0
18254,2023-01-20 20:09:44.742,10,0,0
18255,2023-01-20 20:09:44.742,9,1112,0
18256,2023-01-20 20:09:44.742,0,6752482,0
18257,2023-01-20 20:09:44.742,1,5916,0
18258,2023-01-20 20:09:44.742,2,38276,0
18259,2023-01-20 20:09:44.742,6,1688,0
18260,2023-01-20 20:09:44.742,7,2048,0
18261,2023-01-20 20:09:44.742,11,1,0
18262,2023-01-20 20:09:44.742,8,1012,0
18263,2023-01-20 20:18:10.990,6,-7,0
18264,2023-01-20 20:18:10.990,1,12836,0
18265,2023-01-20 20:18:10.990,11,0,0
18266,2023-01-20 20:18:10.990,10,0,0
18267,2023-01-20 20:18:10.990,9,1119,0
18268,2023-01-20 20:18:10.990,8,-7,0
18269,2023-01-20 20:18:10.990,7,2055,0
18270,2023-01-20 20:18:10.990,5,Chrome_WidgetWin_1,0
18271,2023-01-20 20:18:10.990,4,chrome.exe,0
18272,2023-01-20 20:18:10.990,3,"Inbox (6,677) - thynguyentoan1316@gmail.com - Gmail - Google Chrome",0
18273,2023-01-20 20:18:10.990,2,12404,0
18274,2023-01-20 20:18:10.990,0,197934,0
18275,2023-01-20 20:18:37.261,0,6948534,0
18276,2023-01-20 20:18:37.261,8,1012,0
18277,2023-01-20 20:18:37.261,6,1688,0
18278,2023-01-20 20:18:37.261,1,5916,0
18279,2023-01-20 20:18:37.261,11,1,0
18280,2023-01-20 20:18:37.261,3,Volume Control,0
18281,2023-01-20 20:18:37.261,10,0,0
18282,2023-01-20 20:18:37.261,4,ShellExperienceHost.exe,0
18283,2023-01-20 20:18:37.261,5,Windows.UI.Core.CoreWindow,0
18284,2023-01-20 20:18:37.261,9,1112,0
18285,2023-01-20 20:18:37.261,7,2048,0
18286,2023-01-20 20:18:37.261,2,15220,0
18287,2023-01-20 20:20:39.471,8,-7,0
18288,2023-01-20 20:20:39.471,11,0,0
18289,2023-01-20 20:20:39.471,6,-7,0
18290,2023-01-20 20:20:39.471,10,0,0
18291,2023-01-20 20:20:39.471,9,1119,0
18292,2023-01-20 20:20:39.471,7,2055,0
18293,2023-01-20 20:20:39.471,2,12404,0
18294,2023-01-20 20:20:39.471,5,Chrome_WidgetWin_1,0
18295,2023-01-20 20:20:39.471,0,197934,0
18296,2023-01-20 20:20:39.471,3,Microsoft Teams - Google Chrome,0
18297,2023-01-20 20:20:39.471,4,chrome.exe,0
18298,2023-01-20 20:20:39.471,1,12836,0
18299,2023-01-20 20:28:02.362,11,0,0
18300,2023-01-20 20:28:02.362,7,1165,0
18301,2023-01-20 20:28:02.362,10,0,0
18302,2023-01-20 20:28:02.362,9,609,0
18303,2023-01-20 20:28:02.362,8,91,0
18304,2023-01-20 20:28:02.362,6,270,0
18305,2023-01-20 20:28:02.362,4,VsDebugConsole.exe,0
18306,2023-01-20 20:28:02.362,1,42268,0
18307,2023-01-20 20:28:02.362,3,esrv.exe,0
18308,2023-01-20 20:28:02.362,5,ConsoleWindowClass,0
18309,2023-01-20 20:28:02.362,2,37128,0
18310,2023-01-20 20:28:02.362,0,1181464,0
18311,2023-01-21 02:46:10.046,11,0,0
18312,2023-01-21 02:46:10.046,10,0,0
18313,2023-01-21 02:46:10.046,9,774,0
18314,2023-01-21 02:46:10.046,7,1151,0
18315,2023-01-21 02:46:10.046,6,256,0
18316,2023-01-21 02:46:10.046,2,21712,0
18317,2023-01-21 02:46:10.046,8,256,0
18318,2023-01-21 02:46:10.046,0,1050838,0
18319,2023-01-21 02:46:10.046,5,ConsoleWindowClass,0
18320,2023-01-21 02:46:10.046,4,VsDebugConsole.exe,0
18321,2023-01-21 02:46:10.046,3,esrv.exe,0
18322,2023-01-21 02:46:10.046,4,s0,0
18323,2023-01-21 02:46:10.046,1,21728,0
18324,2023-01-21 02:46:12.070,9,1089,0
18325,2023-01-21 02:46:12.070,0,2623574,0
18326,2023-01-21 02:46:12.070,1,14492,0
18327,2023-01-21 02:46:12.070,2,14496,0
18328,2023-01-21 02:46:12.070,6,-97,0
18329,2023-01-21 02:46:12.070,7,1375,0
18330,2023-01-21 02:46:12.070,8,85,0
18331,2023-01-21 02:46:12.070,10,0,0
18332,2023-01-21 02:46:12.070,11,0,0
18333,2023-01-21 02:46:12.070,3,Missing String.,0
18334,2023-01-21 02:46:12.070,4,msedge.exe,0
18335,2023-01-21 02:46:12.070,5,Chrome_WidgetWin_1,0
18336,2023-01-21 02:46:14.099,0,65830,0
18337,2023-01-21 02:46:14.099,3,Missing String.,0
18338,2023-01-21 02:46:14.099,4,explorer.exe,0
18339,2023-01-21 02:46:14.099,5,Shell_TrayWnd,0
18340,2023-01-21 02:46:14.099,11,1,0
18341,2023-01-21 02:46:14.099,1,10696,0
18342,2023-01-21 02:46:14.099,9,1152,0
18343,2023-01-21 02:46:14.099,8,1112,0
18344,2023-01-21 02:46:14.099,7,2048,0
18345,2023-01-21 02:46:14.099,6,0,0
18346,2023-01-21 02:46:14.099,2,10836,0
18347,2023-01-21 02:46:14.099,10,0,0
18348,2023-01-21 02:46:16.170,0,197934,0
18349,2023-01-21 02:46:16.170,2,12404,0
18350,2023-01-21 02:46:16.170,11,0,0
18351,2023-01-21 02:46:16.170,8,-7,0
18352,2023-01-21 02:46:16.170,9,1119,0
18353,2023-01-21 02:46:16.170,10,0,0
18354,2023-01-21 02:46:16.170,1,12836,0
18355,2023-01-21 02:46:16.170,7,2055,0
18356,2023-01-21 02:46:16.170,6,-7,0
18357,2023-01-21 02:46:16.170,3,(4) Feed | LinkedIn - Google Chrome,0
18358,2023-01-21 02:46:16.170,4,chrome.exe,0
18359,2023-01-21 02:46:16.170,5,Chrome_WidgetWin_1,0
18360,2023-01-21 02:46:17.183,0,65972,0
18361,2023-01-21 02:46:17.183,1,10696,0
18362,2023-01-21 02:46:17.183,10,0,0
18363,2023-01-21 02:46:17.183,9,1112,0
18364,2023-01-21 02:46:17.183,8,906,0
18365,2023-01-21 02:46:17.183,6,0,0
18366,2023-01-21 02:46:17.183,2,10836,0
18367,2023-01-21 02:46:17.183,7,2048,0
18368,2023-01-21 02:46:17.183,5,TaskListThumbnailWnd,0
18369,2023-01-21 02:46:17.183,4,explorer.exe,0
18370,2023-01-21 02:46:17.183,3,Missing String.,0
18371,2023-01-21 02:46:17.183,11,1,0
18372,2023-01-21 02:46:18.197,4,chrome.exe,0
18373,2023-01-21 02:46:18.197,0,263486,0
18374,2023-01-21 02:46:18.197,3,[Max] Clustering - Google Docs - Google Chrome,0
18375,2023-01-21 02:46:18.197,11,0,0
18376,2023-01-21 02:46:18.197,10,0,0
18377,2023-01-21 02:46:18.197,9,1135,0
18378,2023-01-21 02:46:18.197,8,63,0
18379,2023-01-21 02:46:18.197,7,1870,0
18380,2023-01-21 02:46:18.197,6,394,0
18381,2023-01-21 02:46:18.197,2,12404,0
18382,2023-01-21 02:46:18.197,1,12836,0
18383,2023-01-21 02:46:18.197,5,Chrome_WidgetWin_1,0
18384,2023-01-21 02:54:58.706,11,0,0
18385,2023-01-21 02:54:58.706,6,286,0
18386,2023-01-21 02:54:58.706,7,1098,0
18387,2023-01-21 02:54:58.706,8,484,0
18388,2023-01-21 02:54:58.706,9,1058,0
18389,2023-01-21 02:54:58.706,10,0,0
18390,2023-01-21 02:54:58.706,2,21652,0
18391,2023-01-21 02:54:58.706,1,21660,0
18392,2023-01-21 02:54:58.706,0,1640108,0
18393,2023-01-21 02:54:58.706,4,SnippingTool.exe,0
18394,2023-01-21 02:54:58.706,3,Snipping Tool,0
18395,2023-01-21 02:54:58.706,5,Microsoft-Windows-SnipperEditor,0
18396,2023-01-21 02:54:59.717,3,"Marsden, Jerrold E_Tromba, Anthony - Vector calculus-Palgrave [distributor], W.H. Freeman (2011_2012).pdf - Google Drive - Google Chrome",0
18397,2023-01-21 02:54:59.717,4,chrome.exe,0
18398,2023-01-21 02:54:59.717,5,Chrome_WidgetWin_1,0
18399,2023-01-21 02:54:59.717,0,197934,0
18400,2023-01-21 02:54:59.717,1,12836,0
18401,2023-01-21 02:54:59.717,2,12404,0
18402,2023-01-21 02:54:59.717,7,2055,0
18403,2023-01-21 02:54:59.717,8,-7,0
18404,2023-01-21 02:54:59.717,6,-7,0
18405,2023-01-21 02:54:59.717,11,0,0
18406,2023-01-21 02:54:59.717,10,0,0
18407,2023-01-21 02:54:59.717,9,1119,0
18408,2023-01-21 02:55:00.726,1,21660,0
18409,2023-01-21 02:55:00.726,2,21652,0
18410,2023-01-21 02:55:00.726,6,-78,0
18411,2023-01-21 02:55:00.726,7,319,0
18412,2023-01-21 02:55:00.726,8,275,0
18413,2023-01-21 02:55:00.726,9,538,0
18414,2023-01-21 02:55:00.726,10,0,0
18415,2023-01-21 02:55:00.726,11,0,0
18416,2023-01-21 02:55:00.726,0,198550,0
18417,2023-01-21 02:55:00.726,4,SnippingTool.exe,0
18418,2023-01-21 02:55:00.726,5,Microsoft-Windows-SnipperToolbar,0
18419,2023-01-21 02:55:00.726,3,Snipping Tool,0
18420,2023-01-21 02:55:05.775,0,197934,0
18421,2023-01-21 02:55:05.775,2,12404,0
18422,2023-01-21 02:55:05.775,3,[DSC180B] Weekly Homework - Google Docs - Google Chrome,0
18423,2023-01-21 02:55:05.775,4,chrome.exe,0
18424,2023-01-21 02:55:05.775,5,Chrome_WidgetWin_1,0
18425,2023-01-21 02:55:05.775,6,-7,0
18426,2023-01-21 02:55:05.775,1,12836,0
18427,2023-01-21 02:55:05.775,11,0,0
18428,2023-01-21 02:55:05.775,10,0,0
18429,2023-01-21 02:55:05.775,9,1119,0
18430,2023-01-21 02:55:05.775,8,-7,0
18431,2023-01-21 02:55:05.775,7,2055,0
18432,2023-01-21 03:00:06.776,10,0,0
18433,2023-01-21 03:00:06.776,2,21652,0
18434,2023-01-21 03:00:06.776,6,662,0
18435,2023-01-21 03:00:06.776,1,21660,0
18436,2023-01-21 03:00:06.776,0,1640108,0
18437,2023-01-21 03:00:06.776,8,0,0
18438,2023-01-21 03:00:06.776,5,Microsoft-Windows-SnipperEditor,0
18439,2023-01-21 03:00:06.776,9,722,0
18440,2023-01-21 03:00:06.776,4,SnippingTool.exe,0
18441,2023-01-21 03:00:06.776,3,Snipping Tool,0
18442,2023-01-21 03:00:06.776,7,1702,0
18443,2023-01-21 03:00:06.776,11,0,0
18444,2023-01-21 03:00:07.782,8,-7,0
18445,2023-01-21 03:00:07.782,6,-7,0
18446,2023-01-21 03:00:07.782,2,12404,0
18447,2023-01-21 03:00:07.782,1,12836,0
18448,2023-01-21 03:00:07.782,0,197934,0
18449,2023-01-21 03:00:07.782,9,1119,0
18450,2023-01-21 03:00:07.782,7,2055,0
18451,2023-01-21 03:00:07.782,11,0,0
18452,2023-01-21 03:00:07.782,10,0,0
18453,2023-01-21 03:00:07.782,3,"Marsden, Jerrold E_Tromba, Anthony - Vector calculus-Palgrave [distributor], W.H. Freeman (2011_2012).pdf - Google Drive - Google Chrome",0
18454,2023-01-21 03:00:07.782,4,chrome.exe,0
18455,2023-01-21 03:00:07.782,5,Chrome_WidgetWin_1,0
18456,2023-01-21 03:00:08.786,1,21660,0
18457,2023-01-21 03:00:08.786,10,0,0
18458,2023-01-21 03:00:08.786,9,538,0
18459,2023-01-21 03:00:08.786,8,275,0
18460,2023-01-21 03:00:08.786,7,319,0
18461,2023-01-21 03:00:08.786,2,21652,0
18462,2023-01-21 03:00:08.786,6,-78,0
18463,2023-01-21 03:00:08.786,11,0,0
18464,2023-01-21 03:00:08.786,5,Microsoft-Windows-SnipperToolbar,0
18465,2023-01-21 03:00:08.786,4,SnippingTool.exe,0
18466,2023-01-21 03:00:08.786,3,Snipping Tool,0
18467,2023-01-21 03:00:08.786,0,198550,0
18468,2023-01-21 03:00:14.831,0,197934,0
18469,2023-01-21 03:00:14.831,5,Chrome_WidgetWin_1,0
18470,2023-01-21 03:00:14.831,4,chrome.exe,0
18471,2023-01-21 03:00:14.831,3,"Marsden, Jerrold E_Tromba, Anthony - Vector calculus-Palgrave [distributor], W.H. Freeman (2011_2012).pdf - Google Drive - Google Chrome",0
18472,2023-01-21 03:00:14.831,11,0,0
18473,2023-01-21 03:00:14.831,10,0,0
18474,2023-01-21 03:00:14.831,9,1119,0
18475,2023-01-21 03:00:14.831,8,-7,0
18476,2023-01-21 03:00:14.831,7,2055,0
18477,2023-01-21 03:00:14.831,2,12404,0
18478,2023-01-21 03:00:14.831,1,12836,0
18479,2023-01-21 03:00:14.831,6,-7,0
18480,2023-01-21 03:00:15.834,5,Microsoft-Windows-SnipperCaptureForm,0
18481,2023-01-21 03:00:15.834,0,722620,0
18482,2023-01-21 03:00:15.834,3,Missing String.,0
18483,2023-01-21 03:00:15.834,11,0,0
18484,2023-01-21 03:00:15.834,10,0,0
18485,2023-01-21 03:00:15.834,9,1152,0
18486,2023-01-21 03:00:15.834,4,SnippingTool.exe,0
18487,2023-01-21 03:00:15.834,7,2048,0
18488,2023-01-21 03:00:15.834,6,0,0
18489,2023-01-21 03:00:15.834,2,21652,0
18490,2023-01-21 03:00:15.834,1,21660,0
18491,2023-01-21 03:00:15.834,8,0,0
18492,2023-01-21 03:00:20.879,5,Chrome_WidgetWin_1,0
18493,2023-01-21 03:00:20.879,4,chrome.exe,0
18494,2023-01-21 03:00:20.879,3,"Marsden, Jerrold E_Tromba, Anthony - Vector calculus-Palgrave [distributor], W.H. Freeman (2011_2012).pdf - Google Drive - Google Chrome",0
18495,2023-01-21 03:00:20.879,11,0,0
18496,2023-01-21 03:00:20.879,10,0,0
18497,2023-01-21 03:00:20.879,9,1119,0
18498,2023-01-21 03:00:20.879,7,2055,0
18499,2023-01-21 03:00:20.879,2,12404,0
18500,2023-01-21 03:00:20.879,1,12836,0
18501,2023-01-21 03:00:20.879,0,197934,0
18502,2023-01-21 03:00:20.879,8,-7,0
18503,2023-01-21 03:00:20.879,6,-7,0
18504,2023-01-21 03:00:53.095,5,Microsoft-Windows-SnipperEditor,0
18505,2023-01-21 03:00:53.095,3,Snipping Tool,0
18506,2023-01-21 03:00:53.095,4,SnippingTool.exe,0
18507,2023-01-21 03:00:53.095,1,21660,0
18508,2023-01-21 03:00:53.095,8,86,0
18509,2023-01-21 03:00:53.095,7,1727,0
18510,2023-01-21 03:00:53.095,10,0,0
18511,2023-01-21 03:00:53.095,6,638,0
18512,2023-01-21 03:00:53.095,2,21652,0
18513,2023-01-21 03:00:53.095,0,1640108,0
18514,2023-01-21 03:00:53.095,11,0,0
18515,2023-01-21 03:00:53.095,9,905,0
18516,2023-01-21 03:01:43.524,0,197934,0
18517,2023-01-21 03:01:43.524,4,chrome.exe,0
18518,2023-01-21 03:01:43.524,5,Chrome_WidgetWin_1,0
18519,2023-01-21 03:01:43.524,3,[Math 20E] Quiz Review - Google Docs - Google Chrome,0
18520,2023-01-21 03:01:43.524,1,12836,0
18521,2023-01-21 03:01:43.524,2,12404,0
18522,2023-01-21 03:01:43.524,6,-7,0
18523,2023-01-21 03:01:43.524,7,2055,0
18524,2023-01-21 03:01:43.524,8,-7,0
18525,2023-01-21 03:01:43.524,9,1119,0
18526,2023-01-21 03:01:43.524,10,0,0
18527,2023-01-21 03:01:43.524,11,0,0
18528,2023-01-21 03:03:09.341,6,691,0
18529,2023-01-21 03:03:09.341,3,Snipping Tool,0
18530,2023-01-21 03:03:09.341,2,21652,0
18531,2023-01-21 03:03:09.341,4,SnippingTool.exe,0
18532,2023-01-21 03:03:09.341,0,1640108,0
18533,2023-01-21 03:03:09.341,1,21660,0
18534,2023-01-21 03:03:09.341,10,0,0
18535,2023-01-21 03:03:09.341,9,935,0
18536,2023-01-21 03:03:09.341,8,193,0
18537,2023-01-21 03:03:09.341,7,1763,0
18538,2023-01-21 03:03:09.341,5,Microsoft-Windows-SnipperEditor,0
18539,2023-01-21 03:03:09.341,11,0,0
18540,2023-01-21 03:03:10.341,3,"Marsden, Jerrold E_Tromba, Anthony - Vector calculus-Palgrave [distributor], W.H. Freeman (2011_2012).pdf - Google Drive - Google Chrome",0
18541,2023-01-21 03:03:10.341,4,chrome.exe,0
18542,2023-01-21 03:03:10.341,5,Chrome_WidgetWin_1,0
18543,2023-01-21 03:03:10.341,8,-7,0
18544,2023-01-21 03:03:10.341,10,0,0
18545,2023-01-21 03:03:10.341,9,1119,0
18546,2023-01-21 03:03:10.341,7,2055,0
18547,2023-01-21 03:03:10.341,6,-7,0
18548,2023-01-21 03:03:10.341,2,12404,0
18549,2023-01-21 03:03:10.341,1,12836,0
18550,2023-01-21 03:03:10.341,0,197934,0
18551,2023-01-21 03:03:10.341,11,0,0
18552,2023-01-21 03:03:11.351,4,SnippingTool.exe,0
18553,2023-01-21 03:03:11.351,3,Snipping Tool,0
18554,2023-01-21 03:03:11.351,5,Microsoft-Windows-SnipperToolbar,0
18555,2023-01-21 03:03:11.351,6,-78,0
18556,2023-01-21 03:03:11.351,11,0,0
18557,2023-01-21 03:03:11.351,0,198550,0
18558,2023-01-21 03:03:11.351,1,21660,0
18559,2023-01-21 03:03:11.351,2,21652,0
18560,2023-01-21 03:03:11.351,7,319,0
18561,2023-01-21 03:03:11.351,8,275,0
18562,2023-01-21 03:03:11.351,9,538,0
18563,2023-01-21 03:03:11.351,10,0,0
18564,2023-01-21 03:03:20.421,9,1119,0
18565,2023-01-21 03:03:20.421,8,-7,0
18566,2023-01-21 03:03:20.421,7,2055,0
18567,2023-01-21 03:03:20.421,6,-7,0
18568,2023-01-21 03:03:20.421,3,[DSC180B] Homework of Week 1 - Google Docs - Google Chrome,0
18569,2023-01-21 03:03:20.421,1,12836,0
18570,2023-01-21 03:03:20.421,0,197934,0
18571,2023-01-21 03:03:20.421,11,0,0
18572,2023-01-21 03:03:20.421,2,12404,0
18573,2023-01-21 03:03:20.421,4,chrome.exe,0
18574,2023-01-21 03:03:20.421,10,0,0
18575,2023-01-21 03:03:20.421,5,Chrome_WidgetWin_1,0
18576,2023-01-21 03:03:58.700,2,21652,0
18577,2023-01-21 03:03:58.700,7,1727,0
18578,2023-01-21 03:03:58.700,8,134,0
18579,2023-01-21 03:03:58.700,9,1084,0
18580,2023-01-21 03:03:58.700,10,0,0
18581,2023-01-21 03:03:58.700,11,0,0
18582,2023-01-21 03:03:58.700,6,423,0
18583,2023-01-21 03:03:58.700,5,Microsoft-Windows-SnipperEditor,0
18584,2023-01-21 03:03:58.700,4,SnippingTool.exe,0
18585,2023-01-21 03:03:58.700,3,Snipping Tool,0
18586,2023-01-21 03:03:58.700,0,1640108,0
18587,2023-01-21 03:03:58.700,1,21660,0
18588,2023-01-21 03:04:05.742,9,1119,0
18589,2023-01-21 03:04:05.742,8,-7,0
18590,2023-01-21 03:04:05.742,11,0,0
18591,2023-01-21 03:04:05.742,6,-7,0
18592,2023-01-21 03:04:05.742,2,12404,0
18593,2023-01-21 03:04:05.742,0,197934,0
18594,2023-01-21 03:04:05.742,10,0,0
18595,2023-01-21 03:04:05.742,7,2055,0
18596,2023-01-21 03:04:05.742,1,12836,0
18597,2023-01-21 03:04:05.742,3,[Math 20E] Quiz Review - Google Docs - Google Chrome,0
18598,2023-01-21 03:04:05.742,5,Chrome_WidgetWin_1,0
18599,2023-01-21 03:04:05.742,4,chrome.exe,0
18600,2023-01-21 03:04:15.829,9,682,0
18601,2023-01-21 03:04:15.829,8,73,0
18602,2023-01-21 03:04:15.829,7,1614,0
18603,2023-01-21 03:04:15.829,6,572,0
18604,2023-01-21 03:04:15.829,1,21660,0
18605,2023-01-21 03:04:15.829,0,1640108,0
18606,2023-01-21 03:04:15.829,2,21652,0
18607,2023-01-21 03:04:15.829,3,Snipping Tool,0
18608,2023-01-21 03:04:15.829,4,SnippingTool.exe,0
18609,2023-01-21 03:04:15.829,5,Microsoft-Windows-SnipperEditor,0
18610,2023-01-21 03:04:15.829,10,0,0
18611,2023-01-21 03:04:15.829,11,0,0
18612,2023-01-21 03:04:24.909,1,12836,0
18613,2023-01-21 03:04:24.909,2,12404,0
18614,2023-01-21 03:04:24.909,7,2055,0
18615,2023-01-21 03:04:24.909,8,-7,0
18616,2023-01-21 03:04:24.909,6,-7,0
18617,2023-01-21 03:04:24.909,10,0,0
18618,2023-01-21 03:04:24.909,3,[Math 20E] Quiz Review - Google Docs - Google Chrome,0
18619,2023-01-21 03:04:24.909,4,chrome.exe,0
18620,2023-01-21 03:04:24.909,5,Chrome_WidgetWin_1,0
18621,2023-01-21 03:04:24.909,0,197934,0
18622,2023-01-21 03:04:24.909,11,0,0
18623,2023-01-21 03:04:24.909,9,1119,0
18624,2023-01-21 03:04:57.180,3,Snipping Tool,0
18625,2023-01-21 03:04:57.180,5,Microsoft-Windows-SnipperEditor,0
18626,2023-01-21 03:04:57.180,4,SnippingTool.exe,0
18627,2023-01-21 03:04:57.180,0,1640108,0
18628,2023-01-21 03:04:57.180,2,21652,0
18629,2023-01-21 03:04:57.180,6,661,0
18630,2023-01-21 03:04:57.180,1,21660,0
18631,2023-01-21 03:04:57.180,8,413,0
18632,2023-01-21 03:04:57.180,9,965,0
18633,2023-01-21 03:04:57.180,10,0,0
18634,2023-01-21 03:04:57.180,11,0,0
18635,2023-01-21 03:04:57.180,7,1712,0
18636,2023-01-21 03:04:58.191,11,0,0
18637,2023-01-21 03:04:58.191,3,"Marsden, Jerrold E_Tromba, Anthony - Vector calculus-Palgrave [distributor], W.H. Freeman (2011_2012).pdf - Google Drive - Google Chrome",0
18638,2023-01-21 03:04:58.191,4,chrome.exe,0
18639,2023-01-21 03:04:58.191,5,Chrome_WidgetWin_1,0
18640,2023-01-21 03:04:58.191,10,0,0
18641,2023-01-21 03:04:58.191,0,197934,0
18642,2023-01-21 03:04:58.191,8,-7,0
18643,2023-01-21 03:04:58.191,1,12836,0
18644,2023-01-21 03:04:58.191,6,-7,0
18645,2023-01-21 03:04:58.191,2,12404,0
18646,2023-01-21 03:04:58.191,9,1119,0
18647,2023-01-21 03:04:58.191,7,2055,0
18648,2023-01-21 03:04:59.192,4,SnippingTool.exe,0
18649,2023-01-21 03:04:59.192,3,Missing String.,0
18650,2023-01-21 03:04:59.192,5,Microsoft-Windows-SnipperCaptureForm,0
18651,2023-01-21 03:04:59.192,9,1152,0
18652,2023-01-21 03:04:59.192,8,0,0
18653,2023-01-21 03:04:59.192,0,722620,0
18654,2023-01-21 03:04:59.192,1,21660,0
18655,2023-01-21 03:04:59.192,2,21652,0
18656,2023-01-21 03:04:59.192,6,0,0
18657,2023-01-21 03:04:59.192,7,2048,0
18658,2023-01-21 03:04:59.192,11,0,0
18659,2023-01-21 03:04:59.192,10,0,0
18660,2023-01-21 03:05:02.212,5,Chrome_WidgetWin_1,0
18661,2023-01-21 03:05:02.212,4,chrome.exe,0
18662,2023-01-21 03:05:02.212,3,[Math 20E] Quiz Review - Google Docs - Google Chrome,0
18663,2023-01-21 03:05:02.212,0,197934,0
18664,2023-01-21 03:05:02.212,10,0,0
18665,2023-01-21 03:05:02.212,9,1119,0
18666,2023-01-21 03:05:02.212,8,-7,0
18667,2023-01-21 03:05:02.212,7,2055,0
18668,2023-01-21 03:05:02.212,6,-7,0
18669,2023-01-21 03:05:02.212,2,12404,0
18670,2023-01-21 03:05:02.212,1,12836,0
18671,2023-01-21 03:05:02.212,11,0,0
18672,2023-01-21 03:05:10.282,8,183,0
18673,2023-01-21 03:05:10.282,0,1640108,0
18674,2023-01-21 03:05:10.282,7,1740,0
