8835,2023-01-17 20:29:13.103,5,Microsoft-Windows-SnipperEditor,0
8836,2023-01-17 20:29:13.103,3,Snipping Tool,0
8837,2023-01-17 20:29:13.103,8,417,0
8838,2023-01-17 20:29:13.103,0,591420,0
8839,2023-01-17 20:29:13.103,1,19400,0
8840,2023-01-17 20:29:13.103,2,23720,0
8841,2023-01-17 20:29:13.103,6,146,0
8842,2023-01-17 20:29:13.103,7,1000,0
8843,2023-01-17 20:29:13.103,9,939,0
8844,2023-01-17 20:29:13.104,10,0,0
8845,2023-01-17 20:29:13.104,11,0,0
8846,2023-01-17 20:29:13.104,4,SnippingTool.exe,0
8847,2023-01-17 20:29:18.149,11,0,0
8848,2023-01-17 20:29:18.149,10,0,0
8849,2023-01-17 20:29:18.149,9,1119,0
8850,2023-01-17 20:29:18.149,8,-7,0
8851,2023-01-17 20:29:18.149,7,2055,0
8852,2023-01-17 20:29:18.149,6,-7,0
8853,2023-01-17 20:29:18.149,3,"Inbox (6,788) - tcn002@ucsd.edu - UC San Diego Mail - Google Chrome",0
8854,2023-01-17 20:29:18.149,4,chrome.exe,0
8855,2023-01-17 20:29:18.149,5,Chrome_WidgetWin_1,0
8856,2023-01-17 20:29:18.149,1,11724,0
8857,2023-01-17 20:29:18.149,0,1574304,0
8858,2023-01-17 20:29:18.149,2,18596,0
8859,2023-01-17 20:30:30.869,9,1005,0
8860,2023-01-17 20:30:30.869,11,1,0
8861,2023-01-17 20:30:30.869,10,0,0
8862,2023-01-17 20:30:30.869,0,132358,0
8863,2023-01-17 20:30:30.869,1,4728,0
8864,2023-01-17 20:30:30.869,2,9836,0
8865,2023-01-17 20:30:30.869,7,2129,0
8866,2023-01-17 20:30:30.869,8,303,0
8867,2023-01-17 20:30:30.869,6,990,0
8868,2023-01-17 20:30:30.869,5,CabinetWClass,0
8869,2023-01-17 20:30:30.869,4,explorer.exe,0
8870,2023-01-17 20:30:30.869,3,outputs,0
8871,2023-01-17 20:30:45.010,10,0,0
8872,2023-01-17 20:30:45.010,9,1060,0
8873,2023-01-17 20:30:45.010,5,Qt5QWindowIcon,0
8874,2023-01-17 20:30:45.010,4,DB Browser for SQLite.exe,0
8875,2023-01-17 20:30:45.010,3,test-000101.db,0
8876,2023-01-17 20:30:45.010,11,0,0
8877,2023-01-17 20:30:45.010,1,2748,0
8878,2023-01-17 20:30:45.010,2,2744,0
8879,2023-01-17 20:30:45.010,6,233,0
8880,2023-01-17 20:30:45.010,7,1659,0
8881,2023-01-17 20:30:45.010,8,190,0
8882,2023-01-17 20:30:45.010,0,132726,0
8883,2023-01-17 20:30:46.016,9,748,0
8884,2023-01-17 20:30:46.016,7,1125,0
8885,2023-01-17 20:30:46.016,6,230,0
8886,2023-01-17 20:30:46.016,2,20808,0
8887,2023-01-17 20:30:46.016,0,67084,0
8888,2023-01-17 20:30:46.016,5,ConsoleWindowClass,0
8889,2023-01-17 20:30:46.016,4,VsDebugConsole.exe,0
8890,2023-01-17 20:30:46.016,3,esrv.exe,0
8891,2023-01-17 20:30:46.016,10,0,0
8892,2023-01-17 20:30:46.016,1,20780,0
8893,2023-01-17 20:30:46.016,11,0,0
8894,2023-01-17 20:30:46.016,8,230,0
8895,2023-01-17 20:30:54.223,1,11724,0
8896,2023-01-17 20:30:54.223,2,18596,0
8897,2023-01-17 20:30:54.223,6,-7,0
8898,2023-01-17 20:30:54.223,7,2055,0
8899,2023-01-17 20:30:54.223,8,-7,0
8900,2023-01-17 20:30:54.223,9,1119,0
8901,2023-01-17 20:30:54.223,10,0,0
8902,2023-01-17 20:30:54.223,11,0,0
8903,2023-01-17 20:30:54.223,0,1574304,0
8904,2023-01-17 20:30:54.223,3,DSC 140A - Google Chrome,0
8905,2023-01-17 20:30:54.223,5,Chrome_WidgetWin_1,0
8906,2023-01-17 20:30:54.223,4,chrome.exe,0
8907,2023-01-17 20:34:49.660,8,-7,0
8908,2023-01-17 20:34:49.660,11,0,0
8909,2023-01-17 20:34:49.660,10,0,0
8910,2023-01-17 20:34:49.660,9,1119,0
8911,2023-01-17 20:34:49.660,6,-7,0
8912,2023-01-17 20:34:49.660,1,2024,0
8913,2023-01-17 20:34:49.660,0,131196,0
8914,2023-01-17 20:34:49.660,3,DSC180A_HW_Week4 - Microsoft Visual Studio,0
8915,2023-01-17 20:34:49.660,4,devenv.exe,0
8916,2023-01-17 20:34:49.660,5,HwndWrapper,0
8917,2023-01-17 20:34:49.660,2,1372,0
8918,2023-01-17 20:34:49.660,7,2055,0
8919,2023-01-17 20:36:40.785,1,4728,0
8920,2023-01-17 20:36:40.785,2,9244,0
8921,2023-01-17 20:36:40.785,6,0,0
8922,2023-01-17 20:36:40.785,7,2048,0
8923,2023-01-17 20:36:40.785,8,906,0
8924,2023-01-17 20:36:40.785,9,1112,0
8925,2023-01-17 20:36:40.785,10,0,0
8926,2023-01-17 20:36:40.785,11,1,0
8927,2023-01-17 20:36:40.785,0,131542,0
8928,2023-01-17 20:36:40.785,3,Missing String.,0
8929,2023-01-17 20:36:40.785,4,explorer.exe,0
8930,2023-01-17 20:36:40.785,5,TaskListThumbnailWnd,0
8931,2023-01-17 20:36:41.903,2,2744,0
8932,2023-01-17 20:36:41.903,6,233,0
8933,2023-01-17 20:36:41.903,7,1659,0
8934,2023-01-17 20:36:41.903,8,190,0
8935,2023-01-17 20:36:41.903,9,1060,0
8936,2023-01-17 20:36:41.903,10,0,0
8937,2023-01-17 20:36:41.903,11,0,0
8938,2023-01-17 20:36:41.903,1,2748,0
8939,2023-01-17 20:36:41.903,0,132726,0
8940,2023-01-17 20:36:41.903,5,Qt5QWindowIcon,0
8941,2023-01-17 20:36:41.903,4,DB Browser for SQLite.exe,0
8942,2023-01-17 20:36:41.903,3,test-000101.db,0
8943,2023-01-17 20:36:59.082,1,4728,0
8944,2023-01-17 20:36:59.082,0,131542,0
8945,2023-01-17 20:36:59.082,7,2048,0
8946,2023-01-17 20:36:59.082,8,906,0
8947,2023-01-17 20:36:59.082,9,1112,0
8948,2023-01-17 20:36:59.082,11,1,0
8949,2023-01-17 20:36:59.082,6,0,0
8950,2023-01-17 20:36:59.082,2,9244,0
8951,2023-01-17 20:36:59.082,10,0,0
8952,2023-01-17 20:36:59.082,3,Missing String.,0
8953,2023-01-17 20:36:59.082,5,TaskListThumbnailWnd,0
8954,2023-01-17 20:36:59.082,4,explorer.exe,0
8955,2023-01-17 20:37:00.093,3,"Lab 2 - Git, CI, Writing Testable Code - Google Docs - Google Chrome",0
8956,2023-01-17 20:37:00.093,0,1574304,0
8957,2023-01-17 20:37:00.093,1,11724,0
8958,2023-01-17 20:37:00.093,2,18596,0
8959,2023-01-17 20:37:00.093,6,-7,0
8960,2023-01-17 20:37:00.093,7,2055,0
8961,2023-01-17 20:37:00.093,8,-7,0
8962,2023-01-17 20:37:00.093,4,chrome.exe,0
8963,2023-01-17 20:37:00.093,9,1119,0
8964,2023-01-17 20:37:00.093,11,0,0
8965,2023-01-17 20:37:00.093,10,0,0
8966,2023-01-17 20:37:00.093,5,Chrome_WidgetWin_1,0
8967,2023-01-17 20:53:23.973,0,66158,0
8968,2023-01-17 20:53:23.973,2,7612,0
8969,2023-01-17 20:53:23.973,6,48,0
8970,2023-01-17 20:53:23.973,7,832,0
8971,2023-01-17 20:53:23.973,8,454,0
8972,2023-01-17 20:53:23.973,9,1112,0
8973,2023-01-17 20:53:23.973,10,0,0
8974,2023-01-17 20:53:23.973,11,1,0
8975,2023-01-17 20:53:23.973,1,10044,0
8976,2023-01-17 20:53:23.973,4,SearchApp.exe,0
8977,2023-01-17 20:53:23.973,5,Windows.UI.Core.CoreWindow,0
8978,2023-01-17 20:53:23.973,3,Search,0
8979,2023-01-17 20:53:37.222,3,Missing String.,0
8980,2023-01-17 20:53:37.222,4,explorer.exe,0
8981,2023-01-17 20:53:37.222,11,1,0
8982,2023-01-17 20:53:37.222,5,ApplicationManager_DesktopShellWindow,0
8983,2023-01-17 20:53:37.222,10,0,0
8984,2023-01-17 20:53:37.222,9,0,0
8985,2023-01-17 20:53:37.222,8,0,0
8986,2023-01-17 20:53:37.222,7,0,0
8987,2023-01-17 20:53:37.222,6,0,0
8988,2023-01-17 20:53:37.222,2,9548,0
8989,2023-01-17 20:53:37.222,1,4728,0
8990,2023-01-17 20:53:37.222,0,66044,0
8991,2023-01-17 20:53:39.237,0,132838,0
8992,2023-01-17 20:53:39.237,2,23808,0
8993,2023-01-17 20:53:39.237,10,0,0
8994,2023-01-17 20:53:39.237,7,1488,0
8995,2023-01-17 20:53:39.237,1,25752,0
8996,2023-01-17 20:53:39.237,3,TeamViewer,0
8997,2023-01-17 20:53:39.237,4,TeamViewer.exe,0
8998,2023-01-17 20:53:39.237,5,#32770,0
8999,2023-01-17 20:53:39.237,8,295,0
9000,2023-01-17 20:53:39.237,9,860,0
9001,2023-01-17 20:53:39.237,11,0,0
9002,2023-01-17 20:53:39.237,6,604,0
9003,2023-01-17 20:53:49.321,1,11724,0
9004,2023-01-17 20:53:49.321,11,0,0
9005,2023-01-17 20:53:49.321,10,0,0
9006,2023-01-17 20:53:49.321,9,1119,0
9007,2023-01-17 20:53:49.321,8,-7,0
9008,2023-01-17 20:53:49.321,7,2055,0
9009,2023-01-17 20:53:49.321,6,-7,0
9010,2023-01-17 20:53:49.321,0,1574304,0
9011,2023-01-17 20:53:49.321,2,18596,0
9012,2023-01-17 20:53:49.321,5,Chrome_WidgetWin_1,0
9013,2023-01-17 20:53:49.321,3,shutters - Google Search - Google Chrome,0
9014,2023-01-17 20:53:49.321,4,chrome.exe,0
9015,2023-01-17 20:56:25.804,10,0,0
9016,2023-01-17 20:56:25.804,6,469,0
9017,2023-01-17 20:56:25.804,2,23808,0
9018,2023-01-17 20:56:25.804,1,25752,0
9019,2023-01-17 20:56:25.804,0,132838,0
9020,2023-01-17 20:56:25.804,3,TeamViewer,0
9021,2023-01-17 20:56:25.804,11,0,0
9022,2023-01-17 20:56:25.804,9,810,0
9023,2023-01-17 20:56:25.804,8,245,0
9024,2023-01-17 20:56:25.804,5,#32770,0
9025,2023-01-17 20:56:25.804,7,1353,0
9026,2023-01-17 20:56:25.804,4,TeamViewer.exe,0
9027,2023-01-17 20:56:32.875,1,25048,0
9028,2023-01-17 20:56:32.875,2,26380,0
9029,2023-01-17 20:56:32.875,6,179,0
9030,2023-01-17 20:56:32.875,7,1715,0
9031,2023-01-17 20:56:32.875,8,179,0
9032,2023-01-17 20:56:32.875,0,198364,0
9033,2023-01-17 20:56:32.875,10,0,0
9034,2023-01-17 20:56:32.875,9,993,0
9035,2023-01-17 20:56:32.875,3,Missing String.,0
9036,2023-01-17 20:56:32.875,11,0,0
9037,2023-01-17 20:56:32.875,4,mshta.exe,0
9038,2023-01-17 20:56:32.875,5,HTML Application Host Window Class,0
9039,2023-01-17 20:56:34.889,0,1574304,0
9040,2023-01-17 20:56:34.889,1,11724,0
9041,2023-01-17 20:56:34.889,2,18596,0
9042,2023-01-17 20:56:34.889,7,2055,0
9043,2023-01-17 20:56:34.889,6,-7,0
9044,2023-01-17 20:56:34.889,5,Chrome_WidgetWin_1,0
9045,2023-01-17 20:56:34.889,11,0,0
9046,2023-01-17 20:56:34.889,8,-7,0
9047,2023-01-17 20:56:34.889,10,0,0
9048,2023-01-17 20:56:34.889,3,"Inbox (6,788) - tcn002@ucsd.edu - UC San Diego Mail - Google Chrome",0
9049,2023-01-17 20:56:34.889,4,chrome.exe,0
9050,2023-01-17 20:56:34.889,9,1119,0
9051,2023-01-17 21:08:41.245,9,748,0
9052,2023-01-17 21:08:41.245,4,VsDebugConsole.exe,0
9053,2023-01-17 21:08:41.245,10,0,0
9054,2023-01-17 21:08:41.245,11,0,0
9055,2023-01-17 21:08:41.245,8,230,0
9056,2023-01-17 21:08:41.245,7,1125,0
9057,2023-01-17 21:08:41.245,5,ConsoleWindowClass,0
9058,2023-01-17 21:08:41.245,2,20808,0
9059,2023-01-17 21:08:41.245,1,20780,0
9060,2023-01-17 21:08:41.245,0,67084,0
9061,2023-01-17 21:08:41.245,6,230,0
9062,2023-01-17 21:08:41.245,3,esrv.exe,0
9063,2023-01-18 07:24:41.313,2,18596,0
9064,2023-01-18 07:24:41.313,6,20,0
9065,2023-01-18 07:24:41.313,7,2048,0
9066,2023-01-18 07:24:41.313,8,166,0
9067,2023-01-18 07:24:41.313,9,1105,0
9068,2023-01-18 07:24:41.313,10,0,0
9069,2023-01-18 07:24:41.313,11,0,0
9070,2023-01-18 07:24:41.313,1,11724,0
9071,2023-01-18 07:24:41.313,0,263624,0
9072,2023-01-18 07:24:41.313,4,s0,0
9073,2023-01-18 07:24:41.313,3,Calendar - Google Chrome,0
9074,2023-01-18 07:24:41.313,4,chrome.exe,0
9075,2023-01-18 07:24:41.313,5,Chrome_WidgetWin_1,0
9076,2023-01-18 07:24:45.370,2,9244,0
9077,2023-01-18 07:24:45.370,1,4728,0
9078,2023-01-18 07:24:45.370,0,131542,0
9079,2023-01-18 07:24:45.371,6,0,0
9080,2023-01-18 07:24:45.371,3,Missing String.,0
9081,2023-01-18 07:24:45.371,5,TaskListThumbnailWnd,0
9082,2023-01-18 07:24:45.382,11,1,0
9083,2023-01-18 07:24:45.382,10,0,0
9084,2023-01-18 07:24:45.382,9,1112,0
9085,2023-01-18 07:24:45.382,8,906,0
9086,2023-01-18 07:24:45.382,7,2048,0
9087,2023-01-18 07:24:45.382,4,explorer.exe,0
9088,2023-01-18 07:24:46.445,9,1112,0
9089,2023-01-18 07:24:46.445,0,67034,0
9090,2023-01-18 07:24:46.445,11,0,0
9091,2023-01-18 07:24:46.445,2,18596,0
9092,2023-01-18 07:24:46.445,7,2048,0
9093,2023-01-18 07:24:46.445,8,202,0
9094,2023-01-18 07:24:46.445,10,0,0
9095,2023-01-18 07:24:46.445,1,11724,0
9096,2023-01-18 07:24:46.445,6,574,0
9097,2023-01-18 07:24:46.445,3,[CSE 110] Weekly Reading - Google Docs - Google Chrome,0
9098,2023-01-18 07:24:46.445,4,chrome.exe,0
9099,2023-01-18 07:24:46.445,5,Chrome_WidgetWin_1,0
9100,2023-01-18 07:24:47.586,10,0,0
9101,2023-01-18 07:24:47.586,7,2048,0
9102,2023-01-18 07:24:47.586,6,0,0
9103,2023-01-18 07:24:47.586,2,9244,0
9104,2023-01-18 07:24:47.586,1,4728,0
9105,2023-01-18 07:24:47.586,0,131542,0
9106,2023-01-18 07:24:47.586,3,Missing String.,0
9107,2023-01-18 07:24:47.586,8,906,0
9108,2023-01-18 07:24:47.586,4,explorer.exe,0
9109,2023-01-18 07:24:47.586,11,1,0
9110,2023-01-18 07:24:47.586,5,TaskListThumbnailWnd,0
9111,2023-01-18 07:24:47.586,9,1112,0
9112,2023-01-18 07:24:48.620,0,263624,0
9113,2023-01-18 07:24:48.620,1,11724,0
9114,2023-01-18 07:24:48.620,2,18596,0
9115,2023-01-18 07:24:48.620,6,30,0
9116,2023-01-18 07:24:48.620,7,2058,0
9117,2023-01-18 07:24:48.620,9,939,0
9118,2023-01-18 07:24:48.620,10,0,0
9119,2023-01-18 07:24:48.620,11,0,0
9120,2023-01-18 07:24:48.620,8,0,0
9121,2023-01-18 07:24:48.620,3,Calendar - Google Chrome,0
9122,2023-01-18 07:24:48.620,4,chrome.exe,0
9123,2023-01-18 07:24:48.620,5,Chrome_WidgetWin_1,0
9124,2023-01-18 07:24:50.183,11,1,0
9125,2023-01-18 07:24:50.183,10,0,0
9126,2023-01-18 07:24:50.183,9,636,0
9127,2023-01-18 07:24:50.183,8,475,0
9128,2023-01-18 07:24:50.183,7,1364,0
9129,2023-01-18 07:24:50.183,6,684,0
9130,2023-01-18 07:24:50.183,1,4728,0
9131,2023-01-18 07:24:50.183,2,11624,0
9132,2023-01-18 07:24:50.183,5,Shell_SystemDialog,0
9133,2023-01-18 07:24:50.183,4,explorer.exe,0
9134,2023-01-18 07:24:50.183,3,Your battery is running low.,0
9135,2023-01-18 07:24:50.183,0,395292,0
9136,2023-01-18 07:25:06.415,8,-7,0
9137,2023-01-18 07:25:06.415,5,Chrome_WidgetWin_1,0
9138,2023-01-18 07:25:06.415,4,chrome.exe,0
9139,2023-01-18 07:25:06.415,3,Team QA (CCG DCA UCSD-HDSI Capstone) | Microsoft Teams - Google Chrome,0
9140,2023-01-18 07:25:06.415,0,1574304,0
9141,2023-01-18 07:25:06.415,2,18596,0
9142,2023-01-18 07:25:06.415,6,-7,0
9143,2023-01-18 07:25:06.415,7,2055,0
9144,2023-01-18 07:25:06.415,9,1119,0
9145,2023-01-18 07:25:06.415,1,11724,0
9146,2023-01-18 07:25:06.415,11,0,0
9147,2023-01-18 07:25:06.415,10,0,0
9148,2023-01-18 07:27:50.621,1,4728,0
9149,2023-01-18 07:27:50.621,2,9244,0
9150,2023-01-18 07:27:50.621,0,131542,0
9151,2023-01-18 07:27:50.621,6,0,0
9152,2023-01-18 07:27:50.621,7,2048,0
9153,2023-01-18 07:27:50.621,8,906,0
9154,2023-01-18 07:27:50.621,9,1112,0
9155,2023-01-18 07:27:50.621,3,Missing String.,0
9156,2023-01-18 07:27:50.621,5,TaskListThumbnailWnd,0
9157,2023-01-18 07:27:50.622,11,1,0
9158,2023-01-18 07:27:50.622,10,0,0
9159,2023-01-18 07:27:50.622,4,explorer.exe,0
9160,2023-01-18 07:27:52.646,3,[CSE 110] Weekly Reading - Google Docs - Google Chrome,0
9161,2023-01-18 07:27:52.646,4,chrome.exe,0
9162,2023-01-18 07:27:52.646,5,Chrome_WidgetWin_1,0
9163,2023-01-18 07:27:52.646,11,0,0
9164,2023-01-18 07:27:52.646,10,0,0
9165,2023-01-18 07:27:52.646,7,2048,0
9166,2023-01-18 07:27:52.646,9,1112,0
9167,2023-01-18 07:27:52.646,8,202,0
9168,2023-01-18 07:27:52.646,2,18596,0
9169,2023-01-18 07:27:52.646,1,11724,0
9170,2023-01-18 07:27:52.646,0,67034,0
9171,2023-01-18 07:27:52.646,6,574,0
9172,2023-01-18 07:39:52.215,3,Search,0
9173,2023-01-18 07:39:52.215,5,Windows.UI.Core.CoreWindow,0
9174,2023-01-18 07:39:52.215,4,SearchApp.exe,0
9175,2023-01-18 07:39:52.215,11,1,0
9176,2023-01-18 07:39:52.215,0,66158,0
9177,2023-01-18 07:39:52.215,1,10044,0
9178,2023-01-18 07:39:52.215,2,7612,0
9179,2023-01-18 07:39:52.215,6,48,0
9180,2023-01-18 07:39:52.215,7,832,0
9181,2023-01-18 07:39:52.215,8,454,0
9182,2023-01-18 07:39:52.215,9,1112,0
9183,2023-01-18 07:39:52.215,10,0,0
9184,2023-01-18 07:39:57.273,0,591928,0
9185,2023-01-18 07:39:57.273,3,Microsoft Visual Studio Community 2019,0
9186,2023-01-18 07:39:57.273,5,VSSplash,0
9187,2023-01-18 07:39:57.273,4,devenv.exe,0
9188,2023-01-18 07:39:57.273,10,0,0
9189,2023-01-18 07:39:57.273,1,27292,0
9190,2023-01-18 07:39:57.273,2,468,0
9191,2023-01-18 07:39:57.273,6,616,0
9192,2023-01-18 07:39:57.273,7,1432,0
9193,2023-01-18 07:39:57.273,8,324,0
9194,2023-01-18 07:39:57.273,9,828,0
9195,2023-01-18 07:39:57.273,11,0,0
9196,2023-01-18 07:40:00.301,6,26,0
9197,2023-01-18 07:40:00.301,0,590454,0
9198,2023-01-18 07:40:00.301,11,0,0
9199,2023-01-18 07:40:00.301,10,0,0
9200,2023-01-18 07:40:00.301,9,544,0
9201,2023-01-18 07:40:00.301,1,23204,0
9202,2023-01-18 07:40:00.301,7,921,0
9203,2023-01-18 07:40:00.301,2,8748,0
9204,2023-01-18 07:40:00.301,8,26,0
9205,2023-01-18 07:40:00.301,3,esrv.exe,0
9206,2023-01-18 07:40:00.301,4,VsDebugConsole.exe,0
9207,2023-01-18 07:40:00.301,5,ConsoleWindowClass,0
9208,2023-01-18 07:40:03.541,1,11724,0
9209,2023-01-18 07:40:03.541,0,1574304,0
9210,2023-01-18 07:40:03.541,4,chrome.exe,0
9211,2023-01-18 07:40:03.541,2,18596,0
9212,2023-01-18 07:40:03.541,6,-7,0
9213,2023-01-18 07:40:03.541,7,2055,0
9214,2023-01-18 07:40:03.541,8,-7,0
9215,2023-01-18 07:40:03.541,9,1119,0
9216,2023-01-18 07:40:03.541,10,0,0
9217,2023-01-18 07:40:03.541,11,0,0
9218,2023-01-18 07:40:03.541,3,What happens to PhD students who don't finish their degree? - thynguyentoan1316@gmail.com - Gmail - Google Chrome,0
9219,2023-01-18 07:40:03.541,5,Chrome_WidgetWin_1,0
9220,2023-01-18 07:40:04.793,6,26,0
9221,2023-01-18 07:40:04.793,8,26,0
9222,2023-01-18 07:40:04.793,1,23204,0
9223,2023-01-18 07:40:04.793,0,590454,0
9224,2023-01-18 07:40:04.793,9,544,0
9225,2023-01-18 07:40:04.793,10,0,0
9226,2023-01-18 07:40:04.793,11,0,0
9227,2023-01-18 07:40:04.793,3,esrv.exe,0
9228,2023-01-18 07:40:04.793,4,VsDebugConsole.exe,0
9229,2023-01-18 07:40:04.793,5,ConsoleWindowClass,0
9230,2023-01-18 07:40:04.793,7,921,0
9231,2023-01-18 07:40:04.793,2,8748,0
9232,2023-01-18 07:40:05.802,3,What happens to PhD students who don't finish their degree? - thynguyentoan1316@gmail.com - Gmail - Google Chrome,0
9233,2023-01-18 07:40:05.802,4,chrome.exe,0
9234,2023-01-18 07:40:05.802,5,Chrome_WidgetWin_1,0
9235,2023-01-18 07:40:05.802,11,0,0
9236,2023-01-18 07:40:05.802,0,1574304,0
9237,2023-01-18 07:40:05.802,9,1119,0
9238,2023-01-18 07:40:05.802,8,-7,0
9239,2023-01-18 07:40:05.802,7,2055,0
9240,2023-01-18 07:40:05.802,10,0,0
9241,2023-01-18 07:40:05.802,2,18596,0
9242,2023-01-18 07:40:05.802,1,11724,0
9243,2023-01-18 07:40:05.802,6,-7,0
9244,2023-01-18 07:42:25.939,3,Microsoft Visual Studio,0
9245,2023-01-18 07:42:25.939,0,264240,0
9246,2023-01-18 07:42:25.939,11,0,0
9247,2023-01-18 07:42:25.939,1,27292,0
9248,2023-01-18 07:42:25.939,2,27652,0
9249,2023-01-18 07:42:25.939,6,512,0
9250,2023-01-18 07:42:25.939,7,1536,0
9251,2023-01-18 07:42:25.939,8,216,0
9252,2023-01-18 07:42:25.939,9,896,0
9253,2023-01-18 07:42:25.939,10,0,0
9254,2023-01-18 07:42:25.939,5,HwndWrapper,0
9255,2023-01-18 07:42:25.939,4,devenv.exe,0
9256,2023-01-18 07:42:29.979,11,0,0
9257,2023-01-18 07:42:29.979,10,0,0
9258,2023-01-18 07:42:29.979,9,1119,0
9259,2023-01-18 07:42:29.979,8,-7,0
9260,2023-01-18 07:42:29.979,6,-7,0
9261,2023-01-18 07:42:29.979,2,18596,0
9262,2023-01-18 07:42:29.979,1,11724,0
9263,2023-01-18 07:42:29.979,0,1574304,0
9264,2023-01-18 07:42:29.979,7,2055,0
9265,2023-01-18 07:42:29.979,4,chrome.exe,0
9266,2023-01-18 07:42:29.979,3,homework.pdf - Google Chrome,0
9267,2023-01-18 07:42:29.979,5,Chrome_WidgetWin_1,0
9268,2023-01-18 07:42:31.989,10,0,0
9269,2023-01-18 07:42:31.989,9,1112,0
9270,2023-01-18 07:42:31.989,8,454,0
9271,2023-01-18 07:42:31.989,7,832,0
9272,2023-01-18 07:42:31.989,6,48,0
9273,2023-01-18 07:42:31.989,2,7612,0
9274,2023-01-18 07:42:31.989,1,10044,0
9275,2023-01-18 07:42:31.989,3,Search,0
9276,2023-01-18 07:42:31.989,11,1,0
9277,2023-01-18 07:42:31.989,5,Windows.UI.Core.CoreWindow,0
9278,2023-01-18 07:42:31.989,4,SearchApp.exe,0
9279,2023-01-18 07:42:31.989,0,66158,0
9280,2023-01-18 07:42:37.041,8,0,0
9281,2023-01-18 07:42:37.041,7,0,0
9282,2023-01-18 07:42:37.041,6,0,0
9283,2023-01-18 07:42:37.041,2,9548,0
9284,2023-01-18 07:42:37.041,0,66044,0
9285,2023-01-18 07:42:37.041,9,0,0
9286,2023-01-18 07:42:37.041,3,Missing String.,0
9287,2023-01-18 07:42:37.041,4,explorer.exe,0
9288,2023-01-18 07:42:37.041,5,ApplicationManager_DesktopShellWindow,0
9289,2023-01-18 07:42:37.041,1,4728,0
9290,2023-01-18 07:42:37.041,10,0,0
9291,2023-01-18 07:42:37.041,11,1,0
9292,2023-01-18 07:42:38.051,3,Visual Studio Code,0
9293,2023-01-18 07:42:38.051,0,721644,0
9294,2023-01-18 07:42:38.051,1,14188,0
9295,2023-01-18 07:42:38.051,4,Code.exe,0
9296,2023-01-18 07:42:38.051,6,564,0
9297,2023-01-18 07:42:38.051,7,1906,0
9298,2023-01-18 07:42:38.051,2,27696,0
9299,2023-01-18 07:42:38.051,9,1028,0
9300,2023-01-18 07:42:38.051,10,0,0
9301,2023-01-18 07:42:38.051,11,0,0
9302,2023-01-18 07:42:38.051,5,Chrome_WidgetWin_1,0
9303,2023-01-18 07:42:38.051,8,202,0
9304,2023-01-18 07:43:09.365,3,Setup,0
9305,2023-01-18 07:43:09.365,4,CodeSetup-stable-97dec172d3256f8ca4bfb2143f3f76b503ca0534.tmp,0
9306,2023-01-18 07:43:09.365,5,TApplication,0
9307,2023-01-18 07:43:09.365,2,4528,0
9308,2023-01-18 07:43:09.365,11,0,0
9309,2023-01-18 07:43:09.365,1,15924,0
9310,2023-01-18 07:43:09.365,9,576,0
9311,2023-01-18 07:43:09.365,0,460844,0
9312,2023-01-18 07:43:09.365,6,1024,0
9313,2023-01-18 07:43:09.365,7,1024,0
9314,2023-01-18 07:43:09.365,8,576,0
9315,2023-01-18 07:43:09.365,10,0,0
9316,2023-01-18 07:43:11.382,0,721644,0
9317,2023-01-18 07:43:11.382,3,hw1.ipynb - Visual Studio Code,0
9318,2023-01-18 07:43:11.382,4,Code.exe,0
9319,2023-01-18 07:43:11.382,5,Chrome_WidgetWin_1,0
9320,2023-01-18 07:43:11.382,1,14188,0
9321,2023-01-18 07:43:11.382,11,0,0
9322,2023-01-18 07:43:11.382,10,0,0
9323,2023-01-18 07:43:11.382,9,1058,0
9324,2023-01-18 07:43:11.382,8,232,0
9325,2023-01-18 07:43:11.382,7,1903,0
9326,2023-01-18 07:43:11.382,6,561,0
9327,2023-01-18 07:43:11.382,2,27696,0
9328,2023-01-18 07:43:16.435,5,Chrome_WidgetWin_1,0
9329,2023-01-18 07:43:16.435,4,chrome.exe,0
9330,2023-01-18 07:43:16.435,3,mgao - External Mattermost - Google Chrome,0
9331,2023-01-18 07:43:16.435,2,18596,0
9332,2023-01-18 07:43:16.435,10,0,0
9333,2023-01-18 07:43:16.435,0,1574304,0
9334,2023-01-18 07:43:16.435,1,11724,0
9335,2023-01-18 07:43:16.435,6,-7,0
9336,2023-01-18 07:43:16.435,7,2055,0
9337,2023-01-18 07:43:16.435,8,-7,0
9338,2023-01-18 07:43:16.435,11,0,0
9339,2023-01-18 07:43:16.435,9,1119,0
9340,2023-01-18 07:43:22.501,3,hw1.ipynb - Visual Studio Code,0
9341,2023-01-18 07:43:22.501,4,Code.exe,0
9342,2023-01-18 07:43:22.501,7,1913,0
9343,2023-01-18 07:43:22.501,0,721644,0
9344,2023-01-18 07:43:22.501,1,14188,0
9345,2023-01-18 07:43:22.501,2,27696,0
9346,2023-01-18 07:43:22.501,11,0,0
9347,2023-01-18 07:43:22.501,10,0,0
9348,2023-01-18 07:43:22.501,9,994,0
9349,2023-01-18 07:43:22.501,8,168,0
9350,2023-01-18 07:43:22.501,6,571,0
9351,2023-01-18 07:43:22.501,5,Chrome_WidgetWin_1,0
9352,2023-01-18 07:43:25.533,1,11724,0
9353,2023-01-18 07:43:25.533,4,chrome.exe,0
9354,2023-01-18 07:43:25.533,10,0,0
9355,2023-01-18 07:43:25.533,9,1119,0
9356,2023-01-18 07:43:25.533,8,-7,0
9357,2023-01-18 07:43:25.533,7,2055,0
9358,2023-01-18 07:43:25.533,6,-7,0
9359,2023-01-18 07:43:25.533,0,1574304,0
9360,2023-01-18 07:43:25.533,2,18596,0
9361,2023-01-18 07:43:25.533,11,0,0
9362,2023-01-18 07:43:25.533,3,miloncl/Dsc180b - Google Chrome,0
9363,2023-01-18 07:43:25.533,5,Chrome_WidgetWin_1,0
9364,2023-01-18 07:44:39.223,8,168,0
9365,2023-01-18 07:44:39.223,9,994,0
9366,2023-01-18 07:44:39.223,10,0,0
9367,2023-01-18 07:44:39.223,11,0,0
9368,2023-01-18 07:44:39.223,7,1913,0
9369,2023-01-18 07:44:39.223,6,571,0
9370,2023-01-18 07:44:39.223,1,14188,0
9371,2023-01-18 07:44:39.223,2,27696,0
9372,2023-01-18 07:44:39.223,0,721644,0
9373,2023-01-18 07:44:39.223,3,hw1.ipynb - Visual Studio Code,0
9374,2023-01-18 07:44:39.223,5,Chrome_WidgetWin_1,0
9375,2023-01-18 07:44:39.223,4,Code.exe,0
9376,2023-01-18 07:44:57.400,11,0,0
9377,2023-01-18 07:44:57.400,10,0,0
9378,2023-01-18 07:44:57.400,9,1119,0
9379,2023-01-18 07:44:57.400,8,-7,0
9380,2023-01-18 07:44:57.400,7,2055,0
9381,2023-01-18 07:44:57.400,6,-7,0
9382,2023-01-18 07:44:57.400,1,11724,0
9383,2023-01-18 07:44:57.400,2,18596,0
9384,2023-01-18 07:44:57.400,3,Campuswire - Google Chrome,0
9385,2023-01-18 07:44:57.400,4,chrome.exe,0
9386,2023-01-18 07:44:57.400,5,Chrome_WidgetWin_1,0
9387,2023-01-18 07:44:57.400,0,1574304,0
9388,2023-01-18 09:43:07.114,10,0,0
9389,2023-01-18 09:43:07.114,9,1084,0
9390,2023-01-18 09:43:07.114,8,258,0
9391,2023-01-18 09:43:07.114,7,2344,0
9392,2023-01-18 09:43:07.114,6,1002,0
9393,2023-01-18 09:43:07.114,2,27696,0
9394,2023-01-18 09:43:07.114,0,721644,0
9395,2023-01-18 09:43:07.114,5,Chrome_WidgetWin_1,0
9396,2023-01-18 09:43:07.114,3,hw1.ipynb - Visual Studio Code,0
9397,2023-01-18 09:43:07.114,1,14188,0
9398,2023-01-18 09:43:07.115,11,0,0
9399,2023-01-18 09:43:07.115,4,Code.exe,0
9400,2023-01-18 09:44:49.016,11,0,0
9401,2023-01-18 09:44:49.016,10,0,0
9402,2023-01-18 09:44:49.016,9,1119,0
9403,2023-01-18 09:44:49.016,8,-7,0
9404,2023-01-18 09:44:49.016,5,Chrome_WidgetWin_1,0
9405,2023-01-18 09:44:49.016,2,18596,0
9406,2023-01-18 09:44:49.016,1,11724,0
9407,2023-01-18 09:44:49.016,0,1574304,0
9408,2023-01-18 09:44:49.016,3,[DSC 140A] Homework 1 - Google Docs - Google Chrome,0
9409,2023-01-18 09:44:49.016,4,chrome.exe,0
9410,2023-01-18 09:44:49.016,6,-7,0
9411,2023-01-18 09:44:49.016,7,2055,0
9412,2023-01-18 09:44:57.064,0,657530,0
9413,2023-01-18 09:44:57.064,1,19752,0
9414,2023-01-18 09:44:57.064,2,10300,0
9415,2023-01-18 09:44:57.064,6,1688,0
9416,2023-01-18 09:44:57.064,7,2048,0
9417,2023-01-18 09:44:57.064,8,1012,0
9418,2023-01-18 09:44:57.064,10,0,0
9419,2023-01-18 09:44:57.064,3,Volume Control,0
9420,2023-01-18 09:44:57.064,11,1,0
9421,2023-01-18 09:44:57.064,9,1112,0
9422,2023-01-18 09:44:57.064,4,ShellExperienceHost.exe,0
9423,2023-01-18 09:44:57.064,5,Windows.UI.Core.CoreWindow,0
9424,2023-01-18 09:45:00.196,3,Missing String.,0
9425,2023-01-18 09:45:00.196,4,explorer.exe,0
9426,2023-01-18 09:45:00.196,5,Shell_TrayWnd,0
9427,2023-01-18 09:45:00.196,0,65908,0
9428,2023-01-18 09:45:00.196,1,4728,0
9429,2023-01-18 09:45:00.196,2,9244,0
9430,2023-01-18 09:45:00.196,6,0,0
9431,2023-01-18 09:45:00.196,7,2048,0
9432,2023-01-18 09:45:00.196,8,1112,0
9433,2023-01-18 09:45:00.196,11,1,0
9434,2023-01-18 09:45:00.196,10,0,0
9435,2023-01-18 09:45:00.196,9,1152,0
9436,2023-01-18 09:45:01.210,0,984498,0
9437,2023-01-18 09:45:01.210,7,1988,0
9438,2023-01-18 09:45:01.210,8,926,0
9439,2023-01-18 09:45:01.210,9,1112,0
9440,2023-01-18 09:45:01.210,10,0,0
9441,2023-01-18 09:45:01.210,11,1,0
9442,2023-01-18 09:45:01.210,6,1628,0
9443,2023-01-18 09:45:01.210,2,25028,0
9444,2023-01-18 09:45:01.210,1,19752,0
9445,2023-01-18 09:45:01.210,5,Windows.UI.Core.CoreWindow,0
9446,2023-01-18 09:45:01.210,4,ShellExperienceHost.exe,0
9447,2023-01-18 09:45:01.210,3,Battery Information,0
9448,2023-01-18 09:45:06.252,8,-7,0
9449,2023-01-18 09:45:06.252,0,1574304,0
9450,2023-01-18 09:45:06.252,1,11724,0
9451,2023-01-18 09:45:06.252,2,18596,0
9452,2023-01-18 09:45:06.252,6,-7,0
9453,2023-01-18 09:45:06.252,7,2055,0
9454,2023-01-18 09:45:06.252,5,Chrome_WidgetWin_1,0
9455,2023-01-18 09:45:06.252,9,1119,0
9456,2023-01-18 09:45:06.252,10,0,0
9457,2023-01-18 09:45:06.252,11,0,0
9458,2023-01-18 09:45:06.252,4,chrome.exe,0
9459,2023-01-18 09:45:06.252,3,[DSC 140A] Homework 1 - Google Docs - Google Chrome,0
9460,2023-01-18 09:46:06.808,1,14188,0
9461,2023-01-18 09:46:06.808,2,27696,0
9462,2023-01-18 09:46:06.808,6,-7,0
9463,2023-01-18 09:46:06.808,7,2055,0
9464,2023-01-18 09:46:06.808,8,-7,0
9465,2023-01-18 09:46:06.808,9,1119,0
9466,2023-01-18 09:46:06.808,10,0,0
9467,2023-01-18 09:46:06.808,11,0,0
9468,2023-01-18 09:46:06.808,3,hw1.ipynb - Visual Studio Code,0
9469,2023-01-18 09:46:06.808,4,Code.exe,0
9470,2023-01-18 09:46:06.808,5,Chrome_WidgetWin_1,0
9471,2023-01-18 09:46:06.808,0,721644,0
9472,2023-01-18 09:47:10.335,10,0,0
9473,2023-01-18 09:47:10.335,9,1119,0
9474,2023-01-18 09:47:10.335,0,1574304,0
9475,2023-01-18 09:47:10.335,1,11724,0
9476,2023-01-18 09:47:10.335,2,18596,0
9477,2023-01-18 09:47:10.335,6,-7,0
9478,2023-01-18 09:47:10.335,3,[DSC 140A] Homework 1 - Google Docs - Google Chrome,0
9479,2023-01-18 09:47:10.335,4,chrome.exe,0
9480,2023-01-18 09:47:10.335,5,Chrome_WidgetWin_1,0
9481,2023-01-18 09:47:10.335,8,-7,0
9482,2023-01-18 09:47:10.335,7,2055,0
9483,2023-01-18 09:47:10.335,11,0,0
9484,2023-01-18 09:47:15.384,11,0,0
9485,2023-01-18 09:47:15.384,10,0,0
9486,2023-01-18 09:47:15.384,9,1119,0
9487,2023-01-18 09:47:15.384,8,-7,0
9488,2023-01-18 09:47:15.384,7,2055,0
9489,2023-01-18 09:47:15.384,6,-7,0
9490,2023-01-18 09:47:15.384,3,hw1.ipynb - Visual Studio Code,0
9491,2023-01-18 09:47:15.384,1,14188,0
9492,2023-01-18 09:47:15.384,0,721644,0
9493,2023-01-18 09:47:15.384,2,27696,0
9494,2023-01-18 09:47:15.384,5,Chrome_WidgetWin_1,0
9495,2023-01-18 09:47:15.384,4,Code.exe,0
9496,2023-01-18 09:48:02.732,11,0,0
9497,2023-01-18 09:48:02.732,10,0,0
9498,2023-01-18 09:48:02.732,8,-7,0
9499,2023-01-18 09:48:02.732,7,2055,0
9500,2023-01-18 09:48:02.732,9,1119,0
9501,2023-01-18 09:48:02.732,2,18596,0
9502,2023-01-18 09:48:02.732,0,1574304,0
9503,2023-01-18 09:48:02.732,3,[DSC 140A] Homework 1 - Google Docs - Google Chrome,0
9504,2023-01-18 09:48:02.732,4,chrome.exe,0
9505,2023-01-18 09:48:02.732,5,Chrome_WidgetWin_1,0
9506,2023-01-18 09:48:02.732,6,-7,0
9507,2023-01-18 09:48:02.732,1,11724,0
9508,2023-01-18 09:50:44.586,0,721644,0
9509,2023-01-18 09:50:44.586,1,14188,0
9510,2023-01-18 09:50:44.586,2,27696,0
9511,2023-01-18 09:50:44.587,6,-7,0
9512,2023-01-18 09:50:44.587,7,2055,0
9513,2023-01-18 09:50:44.587,8,-7,0
9514,2023-01-18 09:50:44.587,9,1119,0
9515,2023-01-18 09:50:44.587,10,0,0
9516,2023-01-18 09:50:44.587,11,0,0
9517,2023-01-18 09:50:44.587,5,Chrome_WidgetWin_1,0
9518,2023-01-18 09:50:44.587,3,hw1.ipynb* - Visual Studio Code,0
9519,2023-01-18 09:50:44.587,4,Code.exe,0
9520,2023-01-18 09:51:17.895,7,2055,0
9521,2023-01-18 09:51:17.895,2,1372,0
9522,2023-01-18 09:51:17.895,1,2024,0
9523,2023-01-18 09:51:17.895,0,131196,0
9524,2023-01-18 09:51:17.895,3,DSC180A_HW_Week4 - Microsoft Visual Studio,0
9525,2023-01-18 09:51:17.895,4,devenv.exe,0
9526,2023-01-18 09:51:17.895,5,HwndWrapper,0
9527,2023-01-18 09:51:17.895,6,-7,0
9528,2023-01-18 09:51:17.895,8,-7,0
9529,2023-01-18 09:51:17.895,9,1119,0
9530,2023-01-18 09:51:17.895,10,0,0
9531,2023-01-18 09:51:17.895,11,0,0
9532,2023-01-18 09:51:20.025,8,-7,0
9533,2023-01-18 09:51:20.025,9,1119,0
9534,2023-01-18 09:51:20.025,10,0,0
9535,2023-01-18 09:51:20.025,11,0,0
9536,2023-01-18 09:51:20.025,6,-7,0
9537,2023-01-18 09:51:20.025,0,721644,0
9538,2023-01-18 09:51:20.025,1,14188,0
9539,2023-01-18 09:51:20.025,7,2055,0
9540,2023-01-18 09:51:20.025,2,27696,0
9541,2023-01-18 09:51:20.025,5,Chrome_WidgetWin_1,0
9542,2023-01-18 09:51:20.025,4,Code.exe,0
9543,2023-01-18 09:51:20.025,3,hw1.ipynb* - Visual Studio Code,0
9544,2023-01-18 09:51:22.037,11,0,0
9545,2023-01-18 09:51:22.037,9,1119,0
9546,2023-01-18 09:51:22.037,8,-7,0
9547,2023-01-18 09:51:22.037,6,-7,0
9548,2023-01-18 09:51:22.037,1,11724,0
9549,2023-01-18 09:51:22.037,0,1574304,0
9550,2023-01-18 09:51:22.037,10,0,0
9551,2023-01-18 09:51:22.037,2,18596,0
9552,2023-01-18 09:51:22.037,7,2055,0
9553,2023-01-18 09:51:22.037,5,Chrome_WidgetWin_1,0
9554,2023-01-18 09:51:22.037,4,chrome.exe,0
9555,2023-01-18 09:51:22.037,3,"Inbox (6,792) - tcn002@ucsd.edu - UC San Diego Mail - Google Chrome",0
9556,2023-01-18 09:56:02.291,5,Chrome_WidgetWin_1,0
9557,2023-01-18 09:56:02.291,4,Code.exe,0
9558,2023-01-18 09:56:02.291,3,hw1.ipynb* - Visual Studio Code,0
9559,2023-01-18 09:56:02.291,0,721644,0
9560,2023-01-18 09:56:02.291,1,14188,0
9561,2023-01-18 09:56:02.291,2,27696,0
9562,2023-01-18 09:56:02.291,6,-7,0
9563,2023-01-18 09:56:02.291,7,2055,0
9564,2023-01-18 09:56:02.291,8,-7,0
9565,2023-01-18 09:56:02.291,9,1119,0
9566,2023-01-18 09:56:02.291,10,0,0
9567,2023-01-18 09:56:02.291,11,0,0
9568,2023-01-18 09:56:08.366,9,1119,0
9569,2023-01-18 09:56:08.366,8,-7,0
9570,2023-01-18 09:56:08.366,7,2055,0
9571,2023-01-18 09:56:08.366,6,-7,0
9572,2023-01-18 09:56:08.366,2,18596,0
9573,2023-01-18 09:56:08.366,1,11724,0
9574,2023-01-18 09:56:08.366,0,1574304,0
9575,2023-01-18 09:56:08.366,11,0,0
9576,2023-01-18 09:56:08.366,5,Chrome_WidgetWin_1,0
9577,2023-01-18 09:56:08.366,4,chrome.exe,0
9578,2023-01-18 09:56:08.366,3,DSC 140A - Google Chrome,0
9579,2023-01-18 09:56:08.366,10,0,0
9580,2023-01-18 09:56:31.562,5,Chrome_WidgetWin_1,0
9581,2023-01-18 09:56:31.562,4,Code.exe,0
9582,2023-01-18 09:56:31.562,3,hw1.ipynb* - Visual Studio Code,0
9583,2023-01-18 09:56:31.562,11,0,0
9584,2023-01-18 09:56:31.562,9,1119,0
9585,2023-01-18 09:56:31.562,8,-7,0
9586,2023-01-18 09:56:31.562,7,2055,0
9587,2023-01-18 09:56:31.562,6,-7,0
9588,2023-01-18 09:56:31.562,2,27696,0
9589,2023-01-18 09:56:31.562,1,14188,0
9590,2023-01-18 09:56:31.562,0,721644,0
9591,2023-01-18 09:56:31.562,10,0,0
9592,2023-01-18 09:57:37.181,3,Snipping Tool,0
9593,2023-01-18 09:57:37.181,4,SnippingTool.exe,0
9594,2023-01-18 09:57:37.181,6,146,0
9595,2023-01-18 09:57:37.181,5,Microsoft-Windows-SnipperEditor,0
9596,2023-01-18 09:57:37.181,9,939,0
9597,2023-01-18 09:57:37.181,10,0,0
9598,2023-01-18 09:57:37.181,11,0,0
9599,2023-01-18 09:57:37.181,7,1000,0
9600,2023-01-18 09:57:37.181,8,417,0
9601,2023-01-18 09:57:37.181,1,19400,0
9602,2023-01-18 09:57:37.181,2,23720,0
9603,2023-01-18 09:57:37.181,0,591420,0
9604,2023-01-18 09:57:38.191,1,14188,0
9605,2023-01-18 09:57:38.191,2,27696,0
9606,2023-01-18 09:57:38.191,6,-7,0
9607,2023-01-18 09:57:38.191,7,2055,0
9608,2023-01-18 09:57:38.191,8,-7,0
9609,2023-01-18 09:57:38.191,0,721644,0
9610,2023-01-18 09:57:38.191,11,0,0
9611,2023-01-18 09:57:38.191,3,hw1.ipynb* - Visual Studio Code,0
9612,2023-01-18 09:57:38.191,4,Code.exe,0
9613,2023-01-18 09:57:38.191,5,Chrome_WidgetWin_1,0
9614,2023-01-18 09:57:38.191,10,0,0
9615,2023-01-18 09:57:38.191,9,1119,0
9616,2023-01-18 09:57:39.204,3,Snipping Tool,0
9617,2023-01-18 09:57:39.204,4,SnippingTool.exe,0
9618,2023-01-18 09:57:39.204,8,93,0
9619,2023-01-18 09:57:39.204,11,0,0
9620,2023-01-18 09:57:39.204,10,0,0
9621,2023-01-18 09:57:39.204,9,356,0
9622,2023-01-18 09:57:39.204,0,525950,0
9623,2023-01-18 09:57:39.204,1,19400,0
9624,2023-01-18 09:57:39.204,2,23720,0
9625,2023-01-18 09:57:39.204,6,404,0
9626,2023-01-18 09:57:39.204,7,801,0
9627,2023-01-18 09:57:39.204,5,Microsoft-Windows-SnipperToolbar,0
9628,2023-01-18 09:57:45.255,3,hw1.ipynb* - Visual Studio Code,0
9629,2023-01-18 09:57:45.255,11,0,0
9630,2023-01-18 09:57:45.255,5,Chrome_WidgetWin_1,0
9631,2023-01-18 09:57:45.255,10,0,0
9632,2023-01-18 09:57:45.255,9,1119,0
9633,2023-01-18 09:57:45.255,8,-7,0
9634,2023-01-18 09:57:45.255,4,Code.exe,0
9635,2023-01-18 09:57:45.255,6,-7,0
9636,2023-01-18 09:57:45.255,2,27696,0
9637,2023-01-18 09:57:45.255,1,14188,0
9638,2023-01-18 09:57:45.255,0,721644,0
9639,2023-01-18 09:57:45.255,7,2055,0
9640,2023-01-18 09:58:05.428,1,19400,0
9641,2023-01-18 09:58:05.428,11,0,0
9642,2023-01-18 09:58:05.428,10,0,0
9643,2023-01-18 09:58:05.428,9,736,0
9644,2023-01-18 09:58:05.428,5,Microsoft-Windows-SnipperEditor,0
9645,2023-01-18 09:58:05.428,4,SnippingTool.exe,0
9646,2023-01-18 09:58:05.428,3,Snipping Tool,0
9647,2023-01-18 09:58:05.428,0,591420,0
9648,2023-01-18 09:58:05.428,8,0,0
9649,2023-01-18 09:58:05.428,2,23720,0
9650,2023-01-18 09:58:05.428,6,275,0
9651,2023-01-18 09:58:05.428,7,1133,0
9652,2023-01-18 09:58:20.590,8,-7,0
9653,2023-01-18 09:58:20.590,11,0,0
9654,2023-01-18 09:58:20.590,10,0,0
9655,2023-01-18 09:58:20.590,9,1119,0
9656,2023-01-18 09:58:20.590,7,2055,0
9657,2023-01-18 09:58:20.590,6,-7,0
9658,2023-01-18 09:58:20.590,0,721644,0
9659,2023-01-18 09:58:20.590,1,14188,0
9660,2023-01-18 09:58:20.590,5,Chrome_WidgetWin_1,0
9661,2023-01-18 09:58:20.590,4,Code.exe,0
9662,2023-01-18 09:58:20.590,3,hw1.ipynb - Visual Studio Code,0
9663,2023-01-18 09:58:20.590,2,27696,0
9664,2023-01-18 09:58:23.633,11,0,0
9665,2023-01-18 09:58:23.633,10,0,0
9666,2023-01-18 09:58:23.633,8,0,0
9667,2023-01-18 09:58:23.633,7,1444,0
9668,2023-01-18 09:58:23.633,9,1037,0
9669,2023-01-18 09:58:23.633,2,23720,0
9670,2023-01-18 09:58:23.633,1,19400,0
9671,2023-01-18 09:58:23.633,0,591420,0
9672,2023-01-18 09:58:23.633,3,Snipping Tool,0
9673,2023-01-18 09:58:23.633,4,SnippingTool.exe,0
9674,2023-01-18 09:58:23.633,6,277,0
9675,2023-01-18 09:58:23.633,5,Microsoft-Windows-SnipperEditor,0
9676,2023-01-18 09:59:34.412,0,131542,0
9677,2023-01-18 09:59:34.412,2,9244,0
9678,2023-01-18 09:59:34.412,6,0,0
9679,2023-01-18 09:59:34.412,7,2048,0
9680,2023-01-18 09:59:34.412,8,906,0
9681,2023-01-18 09:59:34.412,9,1112,0
9682,2023-01-18 09:59:34.412,10,0,0
9683,2023-01-18 09:59:34.412,11,1,0
9684,2023-01-18 09:59:34.412,1,4728,0
9685,2023-01-18 09:59:34.412,3,Missing String.,0
9686,2023-01-18 09:59:34.412,4,explorer.exe,0
9687,2023-01-18 09:59:34.412,5,TaskListThumbnailWnd,0
9688,2023-01-18 09:59:35.426,2,18596,0
9689,2023-01-18 09:59:35.426,6,-7,0
9690,2023-01-18 09:59:35.426,7,2055,0
9691,2023-01-18 09:59:35.426,8,-7,0
9692,2023-01-18 09:59:35.426,9,1119,0
9693,2023-01-18 09:59:35.426,10,0,0
9694,2023-01-18 09:59:35.426,11,0,0
9695,2023-01-18 09:59:35.426,1,11724,0
9696,2023-01-18 09:59:35.426,0,1574304,0
9697,2023-01-18 09:59:35.426,3,homework.pdf - Google Chrome,0
9698,2023-01-18 09:59:35.426,4,chrome.exe,0
9699,2023-01-18 09:59:35.426,5,Chrome_WidgetWin_1,0
9700,2023-01-18 09:59:46.536,11,0,0
9701,2023-01-18 09:59:46.536,9,1119,0
9702,2023-01-18 09:59:46.536,8,-7,0
9703,2023-01-18 09:59:46.536,7,2055,0
9704,2023-01-18 09:59:46.536,6,-7,0
9705,2023-01-18 09:59:46.536,2,27696,0
9706,2023-01-18 09:59:46.536,0,721644,0
9707,2023-01-18 09:59:46.536,10,0,0
9708,2023-01-18 09:59:46.536,5,Chrome_WidgetWin_1,0
9709,2023-01-18 09:59:46.536,4,Code.exe,0
9710,2023-01-18 09:59:46.536,3,hw1.ipynb - Visual Studio Code,0
9711,2023-01-18 09:59:46.536,1,14188,0
9712,2023-01-18 09:59:55.609,3,Snipping Tool,0
9713,2023-01-18 09:59:55.609,5,Microsoft-Windows-SnipperEditor,0
9714,2023-01-18 09:59:55.609,8,0,0
9715,2023-01-18 09:59:55.609,1,19400,0
9716,2023-01-18 09:59:55.609,2,23720,0
9717,2023-01-18 09:59:55.609,6,279,0
9718,2023-01-18 09:59:55.609,7,1441,0
9719,2023-01-18 09:59:55.609,4,SnippingTool.exe,0
9720,2023-01-18 09:59:55.609,9,731,0
9721,2023-01-18 09:59:55.609,10,0,0
9722,2023-01-18 09:59:55.609,11,0,0
9723,2023-01-18 09:59:55.609,0,591420,0
9724,2023-01-18 10:00:04.716,10,0,0
9725,2023-01-18 10:00:04.716,9,1112,0
9726,2023-01-18 10:00:04.716,8,906,0
9727,2023-01-18 10:00:04.716,0,131542,0
9728,2023-01-18 10:00:04.716,6,0,0
9729,2023-01-18 10:00:04.716,1,4728,0
9730,2023-01-18 10:00:04.716,7,2048,0
9731,2023-01-18 10:00:04.716,11,1,0
9732,2023-01-18 10:00:04.716,2,9244,0
9733,2023-01-18 10:00:04.716,5,TaskListThumbnailWnd,0
9734,2023-01-18 10:00:04.716,4,explorer.exe,0
9735,2023-01-18 10:00:04.716,3,Missing String.,0
9736,2023-01-18 10:00:05.724,7,2055,0
9737,2023-01-18 10:00:05.724,5,Chrome_WidgetWin_1,0
9738,2023-01-18 10:00:05.724,4,chrome.exe,0
9739,2023-01-18 10:00:05.724,3,[DSC 140A] Homework 1 - Google Docs - Google Chrome,0
9740,2023-01-18 10:00:05.724,0,1574304,0
9741,2023-01-18 10:00:05.724,1,11724,0
9742,2023-01-18 10:00:05.724,2,18596,0
9743,2023-01-18 10:00:05.724,6,-7,0
9744,2023-01-18 10:00:05.724,8,-7,0
9745,2023-01-18 10:00:05.724,10,0,0
9746,2023-01-18 10:00:05.724,11,0,0
9747,2023-01-18 10:00:05.724,9,1119,0
9748,2023-01-18 10:00:12.789,4,Code.exe,0
9749,2023-01-18 10:00:12.789,0,721644,0
9750,2023-01-18 10:00:12.789,1,14188,0
9751,2023-01-18 10:00:12.789,2,27696,0
9752,2023-01-18 10:00:12.789,6,-7,0
9753,2023-01-18 10:00:12.789,7,2055,0
9754,2023-01-18 10:00:12.789,8,-7,0
9755,2023-01-18 10:00:12.789,9,1119,0
9756,2023-01-18 10:00:12.789,10,0,0
9757,2023-01-18 10:00:12.789,3,hw1.ipynb - Visual Studio Code,0
9758,2023-01-18 10:00:12.789,5,Chrome_WidgetWin_1,0
9759,2023-01-18 10:00:12.789,11,0,0
9760,2023-01-18 10:00:15.815,8,70,0
9761,2023-01-18 10:00:15.815,11,0,0
9762,2023-01-18 10:00:15.815,10,0,0
9763,2023-01-18 10:00:15.815,0,591420,0
9764,2023-01-18 10:00:15.815,9,1103,0
9765,2023-01-18 10:00:15.815,1,19400,0
9766,2023-01-18 10:00:15.815,2,23720,0
9767,2023-01-18 10:00:15.815,6,278,0
9768,2023-01-18 10:00:15.815,7,1368,0
9769,2023-01-18 10:00:15.815,3,Snipping Tool,0
9770,2023-01-18 10:00:15.815,5,Microsoft-Windows-SnipperEditor,0
9771,2023-01-18 10:00:15.815,4,SnippingTool.exe,0
9772,2023-01-18 10:00:28.954,7,2055,0
9773,2023-01-18 10:00:28.954,11,0,0
9774,2023-01-18 10:00:28.954,10,0,0
9775,2023-01-18 10:00:28.954,9,1119,0
9776,2023-01-18 10:00:28.954,8,-7,0
9777,2023-01-18 10:00:28.954,4,chrome.exe,0
9778,2023-01-18 10:00:28.954,5,Chrome_WidgetWin_1,0
9779,2023-01-18 10:00:28.954,0,1574304,0
9780,2023-01-18 10:00:28.954,1,11724,0
9781,2023-01-18 10:00:28.954,2,18596,0
9782,2023-01-18 10:00:28.954,3,[DSC 140A] Homework 1 - Google Docs - Google Chrome,0
9783,2023-01-18 10:00:28.954,6,-7,0
9784,2023-01-18 10:01:12.286,10,0,0
9785,2023-01-18 10:01:12.286,11,0,0
9786,2023-01-18 10:01:12.286,8,-7,0
9787,2023-01-18 10:01:12.286,7,2055,0
9788,2023-01-18 10:01:12.286,6,-7,0
9789,2023-01-18 10:01:12.286,0,721644,0
9790,2023-01-18 10:01:12.286,1,14188,0
9791,2023-01-18 10:01:12.286,5,Chrome_WidgetWin_1,0
9792,2023-01-18 10:01:12.286,4,Code.exe,0
9793,2023-01-18 10:01:12.286,3,hw1.ipynb - Visual Studio Code,0
9794,2023-01-18 10:01:12.286,2,27696,0
9795,2023-01-18 10:01:12.286,9,1119,0
9796,2023-01-18 10:01:16.312,2,23720,0
9797,2023-01-18 10:01:16.312,1,19400,0
9798,2023-01-18 10:01:16.312,6,280,0
9799,2023-01-18 10:01:16.312,7,1728,0
9800,2023-01-18 10:01:16.312,8,0,0
9801,2023-01-18 10:01:16.312,9,1112,0
9802,2023-01-18 10:01:16.312,10,0,0
9803,2023-01-18 10:01:16.312,11,0,0
9804,2023-01-18 10:01:16.312,0,591420,0
9805,2023-01-18 10:01:16.312,5,Microsoft-Windows-SnipperEditor,0
9806,2023-01-18 10:01:16.312,4,SnippingTool.exe,0
9807,2023-01-18 10:01:16.312,3,Snipping Tool,0
9808,2023-01-18 10:01:17.323,10,0,0
9809,2023-01-18 10:01:17.323,5,Chrome_WidgetWin_1,0
9810,2023-01-18 10:01:17.323,4,Code.exe,0
9811,2023-01-18 10:01:17.323,3,hw1.ipynb - Visual Studio Code,0
9812,2023-01-18 10:01:17.323,6,-7,0
9813,2023-01-18 10:01:17.323,8,-7,0
9814,2023-01-18 10:01:17.323,7,2055,0
9815,2023-01-18 10:01:17.323,2,27696,0
9816,2023-01-18 10:01:17.323,1,14188,0
9817,2023-01-18 10:01:17.323,0,721644,0
9818,2023-01-18 10:01:17.323,9,1119,0
9819,2023-01-18 10:01:17.323,11,0,0
9820,2023-01-18 10:01:18.327,3,Snipping Tool,0
9821,2023-01-18 10:01:18.327,0,525950,0
9822,2023-01-18 10:01:18.327,2,23720,0
9823,2023-01-18 10:01:18.327,5,Microsoft-Windows-SnipperToolbar,0
9824,2023-01-18 10:01:18.327,1,19400,0
9825,2023-01-18 10:01:18.327,6,404,0
9826,2023-01-18 10:01:18.327,7,801,0
9827,2023-01-18 10:01:18.327,8,93,0
9828,2023-01-18 10:01:18.327,9,356,0
9829,2023-01-18 10:01:18.327,10,0,0
9830,2023-01-18 10:01:18.327,11,0,0
9831,2023-01-18 10:01:18.327,4,SnippingTool.exe,0
9832,2023-01-18 10:01:23.365,3,DSC180A_HW_Week4 - Microsoft Visual Studio,0
9833,2023-01-18 10:01:23.365,4,devenv.exe,0
9834,2023-01-18 10:01:23.365,5,HwndWrapper,0
9835,2023-01-18 10:01:23.365,0,131196,0
9836,2023-01-18 10:01:23.365,2,1372,0
9837,2023-01-18 10:01:23.365,6,-7,0
9838,2023-01-18 10:01:23.365,7,2055,0
9839,2023-01-18 10:01:23.365,8,-7,0
9840,2023-01-18 10:01:23.365,9,1119,0
9841,2023-01-18 10:01:23.365,10,0,0
9842,2023-01-18 10:01:23.365,11,0,0
9843,2023-01-18 10:01:23.365,1,2024,0
9844,2023-01-18 10:01:24.374,0,591420,0
9845,2023-01-18 10:01:24.374,1,19400,0
9846,2023-01-18 10:01:24.374,2,23720,0
9847,2023-01-18 10:01:24.374,6,284,0
9848,2023-01-18 10:01:24.374,7,814,0
9849,2023-01-18 10:01:24.374,8,322,0
9850,2023-01-18 10:01:24.374,10,0,0
9851,2023-01-18 10:01:24.374,9,1108,0
9852,2023-01-18 10:01:24.374,3,Snipping Tool,0
9853,2023-01-18 10:01:24.374,4,SnippingTool.exe,0
9854,2023-01-18 10:01:24.374,5,Microsoft-Windows-SnipperEditor,0
9855,2023-01-18 10:01:24.374,11,0,0
9856,2023-01-18 10:01:25.374,0,131542,0
9857,2023-01-18 10:01:25.374,1,4728,0
9858,2023-01-18 10:01:25.374,2,9244,0
9859,2023-01-18 10:01:25.374,6,0,0
9860,2023-01-18 10:01:25.374,7,2048,0
9861,2023-01-18 10:01:25.374,8,906,0
9862,2023-01-18 10:01:25.374,9,1112,0
9863,2023-01-18 10:01:25.374,10,0,0
9864,2023-01-18 10:01:25.374,11,1,0
9865,2023-01-18 10:01:25.374,5,TaskListThumbnailWnd,0
9866,2023-01-18 10:01:25.374,4,explorer.exe,0
9867,2023-01-18 10:01:25.374,3,Missing String.,0
9868,2023-01-18 10:01:26.386,2,18596,0
9869,2023-01-18 10:01:26.386,6,-7,0
9870,2023-01-18 10:01:26.386,7,2055,0
9871,2023-01-18 10:01:26.386,8,-7,0
9872,2023-01-18 10:01:26.386,9,1119,0
9873,2023-01-18 10:01:26.386,10,0,0
9874,2023-01-18 10:01:26.386,0,1574304,0
9875,2023-01-18 10:01:26.386,1,11724,0
9876,2023-01-18 10:01:26.386,11,0,0
9877,2023-01-18 10:01:26.386,3,[DSC 140A] Homework 1 - Google Docs - Google Chrome,0
9878,2023-01-18 10:01:26.386,4,chrome.exe,0
9879,2023-01-18 10:01:26.386,5,Chrome_WidgetWin_1,0
9880,2023-01-18 10:02:19.811,10,0,0
9881,2023-01-18 10:02:19.811,2,23720,0
9882,2023-01-18 10:02:19.811,1,19400,0
9883,2023-01-18 10:02:19.811,0,591420,0
9884,2023-01-18 10:02:19.811,8,322,0
9885,2023-01-18 10:02:19.811,9,1108,0
9886,2023-01-18 10:02:19.811,11,0,0
9887,2023-01-18 10:02:19.811,6,284,0
9888,2023-01-18 10:02:19.811,7,814,0
